{"meta": {"format": 3, "version": "7.9.2", "timestamp": "2025-08-15T20:48:30.967981", "branch_coverage": true, "show_contexts": false}, "files": {"src/driada/dim_reduction/data.py": {"executed_lines": [1, 2, 3, 5, 11, 12, 13, 16, 32, 37, 40, 42, 60, 61, 85, 97, 98, 102, 105, 106, 109, 110, 114, 115, 116, 117, 119, 120, 124, 126, 143, 165, 214, 337, 345, 350], "summary": {"covered_lines": 35, "num_statements": 128, "percent_covered": 21.649484536082475, "percent_covered_display": "21.65", "missing_lines": 93, "excluded_lines": 0, "num_branches": 66, "num_partial_branches": 5, "covered_branches": 7, "missing_branches": 59}, "missing_lines": [34, 43, 44, 45, 46, 48, 49, 51, 53, 100, 111, 112, 122, 127, 130, 131, 133, 135, 138, 139, 141, 158, 159, 162, 163, 180, 183, 184, 185, 186, 187, 188, 189, 190, 192, 193, 195, 199, 200, 202, 203, 206, 207, 209, 211, 212, 255, 257, 258, 259, 260, 261, 262, 265, 266, 267, 268, 270, 271, 273, 274, 276, 277, 278, 279, 283, 284, 289, 291, 292, 297, 300, 301, 303, 324, 325, 326, 327, 330, 331, 332, 333, 335, 338, 339, 341, 343, 346, 347, 348, 351, 352, 353], "excluded_lines": [], "executed_branches": [[32, 37], [42, -16], [97, 98], [105, 106], [105, 109], [110, 114], [119, 120]], "missing_branches": [[32, 34], [42, 43], [43, 44], [43, 53], [45, 46], [45, 48], [48, 49], [48, 51], [97, 100], [110, 111], [111, 112], [111, 114], [119, 122], [130, 131], [130, 133], [138, 139], [138, 141], [158, 159], [158, 162], [183, 184], [183, 186], [186, 187], [186, 189], [189, 190], [189, 202], [192, 193], [192, 195], [199, 200], [199, 206], [206, 207], [206, 209], [255, 257], [255, 261], [261, 262], [261, 265], [265, 266], [265, 270], [267, 268], [267, 270], [273, 274], [273, 276], [277, 278], [277, 291], [278, 279], [278, 283], [283, 284], [283, 289], [291, 292], [291, 297], [300, 301], [300, 330], [324, 325], [324, 327], [325, 324], [325, 326], [331, 332], [331, 333], [338, 339], [338, 341]], "functions": {"check_data_for_errors": {"executed_lines": [32, 37, 40, 42], "summary": {"covered_lines": 4, "num_statements": 13, "percent_covered": 26.08695652173913, "percent_covered_display": "26.09", "missing_lines": 9, "excluded_lines": 0, "num_branches": 10, "num_partial_branches": 2, "covered_branches": 2, "missing_branches": 8}, "missing_lines": [34, 43, 44, 45, 46, 48, 49, 51, 53], "excluded_lines": [], "executed_branches": [[32, 37], [42, -16]], "missing_branches": [[32, 34], [42, 43], [43, 44], [43, 53], [45, 46], [45, 48], [48, 49], [48, 51]]}, "MVData.__init__": {"executed_lines": [97, 98, 102, 105, 106, 109, 110, 114, 115, 116, 117, 119, 120, 124], "summary": {"covered_lines": 14, "num_statements": 18, "percent_covered": 67.85714285714286, "percent_covered_display": "67.86", "missing_lines": 4, "excluded_lines": 0, "num_branches": 10, "num_partial_branches": 3, "covered_branches": 5, "missing_branches": 5}, "missing_lines": [100, 111, 112, 122], "excluded_lines": [], "executed_branches": [[97, 98], [105, 106], [105, 109], [110, 114], [119, 120]], "missing_branches": [[97, 100], [110, 111], [111, 112], [111, 114], [119, 122]]}, "MVData.median_filter": {"executed_lines": [], "summary": {"covered_lines": 0, "num_statements": 8, "percent_covered": 0.0, "percent_covered_display": "0.00", "missing_lines": 8, "excluded_lines": 0, "num_branches": 4, "num_partial_branches": 0, "covered_branches": 0, "missing_branches": 4}, "missing_lines": [127, 130, 131, 133, 135, 138, 139, 141], "excluded_lines": [], "executed_branches": [], "missing_branches": [[130, 131], [130, 133], [138, 139], [138, 141]]}, "MVData.corr_mat": {"executed_lines": [], "summary": {"covered_lines": 0, "num_statements": 4, "percent_covered": 0.0, "percent_covered_display": "0.00", "missing_lines": 4, "excluded_lines": 0, "num_branches": 2, "num_partial_branches": 0, "covered_branches": 0, "missing_branches": 2}, "missing_lines": [158, 159, 162, 163], "excluded_lines": [], "executed_branches": [], "missing_branches": [[158, 159], [158, 162]]}, "MVData.get_distmat": {"executed_lines": [], "summary": {"covered_lines": 0, "num_statements": 21, "percent_covered": 0.0, "percent_covered_display": "0.00", "missing_lines": 21, "excluded_lines": 0, "num_branches": 12, "num_partial_branches": 0, "covered_branches": 0, "missing_branches": 12}, "missing_lines": [180, 183, 184, 185, 186, 187, 188, 189, 190, 192, 193, 195, 199, 200, 202, 203, 206, 207, 209, 211, 212], "excluded_lines": [], "executed_branches": [], "missing_branches": [[183, 184], [183, 186], [186, 187], [186, 189], [189, 190], [189, 202], [192, 193], [192, 195], [199, 200], [199, 206], [206, 207], [206, 209]]}, "MVData.get_embedding": {"executed_lines": [], "summary": {"covered_lines": 0, "num_statements": 37, "percent_covered": 0.0, "percent_covered_display": "0.00", "missing_lines": 37, "excluded_lines": 0, "num_branches": 26, "num_partial_branches": 0, "covered_branches": 0, "missing_branches": 26}, "missing_lines": [255, 257, 258, 259, 260, 261, 262, 265, 266, 267, 268, 270, 271, 273, 274, 276, 277, 278, 279, 283, 284, 289, 291, 292, 297, 300, 301, 303, 324, 325, 326, 327, 330, 331, 332, 333, 335], "excluded_lines": [], "executed_branches": [], "missing_branches": [[255, 257], [255, 261], [261, 262], [261, 265], [265, 266], [265, 270], [267, 268], [267, 270], [273, 274], [273, 276], [277, 278], [277, 291], [278, 279], [278, 283], [283, 284], [283, 289], [291, 292], [291, 297], [300, 301], [300, 330], [324, 325], [324, 327], [325, 324], [325, 326], [331, 332], [331, 333]]}, "MVData.get_proximity_graph": {"executed_lines": [], "summary": {"covered_lines": 0, "num_statements": 4, "percent_covered": 0.0, "percent_covered_display": "0.00", "missing_lines": 4, "excluded_lines": 0, "num_branches": 2, "num_partial_branches": 0, "covered_branches": 0, "missing_branches": 2}, "missing_lines": [338, 339, 341, 343], "excluded_lines": [], "executed_branches": [], "missing_branches": [[338, 339], [338, 341]]}, "MVData.draw_vector": {"executed_lines": [], "summary": {"covered_lines": 0, "num_statements": 3, "percent_covered": 0.0, "percent_covered_display": "0.00", "missing_lines": 3, "excluded_lines": 0, "num_branches": 0, "num_partial_branches": 0, "covered_branches": 0, "missing_branches": 0}, "missing_lines": [346, 347, 348], "excluded_lines": [], "executed_branches": [], "missing_branches": []}, "MVData.draw_row": {"executed_lines": [], "summary": {"covered_lines": 0, "num_statements": 3, "percent_covered": 0.0, "percent_covered_display": "0.00", "missing_lines": 3, "excluded_lines": 0, "num_branches": 0, "num_partial_branches": 0, "covered_branches": 0, "missing_branches": 0}, "missing_lines": [351, 352, 353], "excluded_lines": [], "executed_branches": [], "missing_branches": []}, "": {"executed_lines": [1, 2, 3, 5, 11, 12, 13, 16, 60, 61, 85, 126, 143, 165, 214, 337, 345, 350], "summary": {"covered_lines": 17, "num_statements": 17, "percent_covered": 100.0, "percent_covered_display": "100.00", "missing_lines": 0, "excluded_lines": 0, "num_branches": 0, "num_partial_branches": 0, "covered_branches": 0, "missing_branches": 0}, "missing_lines": [], "excluded_lines": [], "executed_branches": [], "missing_branches": []}}, "classes": {"MVData": {"executed_lines": [97, 98, 102, 105, 106, 109, 110, 114, 115, 116, 117, 119, 120, 124], "summary": {"covered_lines": 14, "num_statements": 98, "percent_covered": 12.337662337662337, "percent_covered_display": "12.34", "missing_lines": 84, "excluded_lines": 0, "num_branches": 56, "num_partial_branches": 3, "covered_branches": 5, "missing_branches": 51}, "missing_lines": [100, 111, 112, 122, 127, 130, 131, 133, 135, 138, 139, 141, 158, 159, 162, 163, 180, 183, 184, 185, 186, 187, 188, 189, 190, 192, 193, 195, 199, 200, 202, 203, 206, 207, 209, 211, 212, 255, 257, 258, 259, 260, 261, 262, 265, 266, 267, 268, 270, 271, 273, 274, 276, 277, 278, 279, 283, 284, 289, 291, 292, 297, 300, 301, 303, 324, 325, 326, 327, 330, 331, 332, 333, 335, 338, 339, 341, 343, 346, 347, 348, 351, 352, 353], "excluded_lines": [], "executed_branches": [[97, 98], [105, 106], [105, 109], [110, 114], [119, 120]], "missing_branches": [[97, 100], [110, 111], [111, 112], [111, 114], [119, 122], [130, 131], [130, 133], [138, 139], [138, 141], [158, 159], [158, 162], [183, 184], [183, 186], [186, 187], [186, 189], [189, 190], [189, 202], [192, 193], [192, 195], [199, 200], [199, 206], [206, 207], [206, 209], [255, 257], [255, 261], [261, 262], [261, 265], [265, 266], [265, 270], [267, 268], [267, 270], [273, 274], [273, 276], [277, 278], [277, 291], [278, 279], [278, 283], [283, 284], [283, 289], [291, 292], [291, 297], [300, 301], [300, 330], [324, 325], [324, 327], [325, 324], [325, 326], [331, 332], [331, 333], [338, 339], [338, 341]]}, "": {"executed_lines": [1, 2, 3, 5, 11, 12, 13, 16, 32, 37, 40, 42, 60, 61, 85, 126, 143, 165, 214, 337, 345, 350], "summary": {"covered_lines": 21, "num_statements": 30, "percent_covered": 57.5, "percent_covered_display": "57.50", "missing_lines": 9, "excluded_lines": 0, "num_branches": 10, "num_partial_branches": 2, "covered_branches": 2, "missing_branches": 8}, "missing_lines": [34, 43, 44, 45, 46, 48, 49, 51, 53], "excluded_lines": [], "executed_branches": [[32, 37], [42, -16]], "missing_branches": [[32, 34], [42, 43], [43, 44], [43, 53], [45, 46], [45, 48], [48, 49], [48, 51]]}}}, "src/driada/dim_reduction/dr_base.py": {"executed_lines": [1, 2, 5, 6, 28, 39, 40, 41, 42, 43, 44, 45, 46, 50, 58, 60, 150, 152, 172, 218, 241, 259], "summary": {"covered_lines": 21, "num_statements": 82, "percent_covered": 16.40625, "percent_covered_display": "16.41", "missing_lines": 61, "excluded_lines": 0, "num_branches": 46, "num_partial_branches": 0, "covered_branches": 0, "missing_branches": 46}, "missing_lines": [191, 192, 194, 195, 198, 200, 201, 202, 204, 206, 212, 213, 215, 223, 224, 226, 227, 229, 230, 232, 233, 235, 236, 238, 247, 249, 250, 252, 253, 254, 256, 277, 278, 280, 283, 284, 285, 287, 290, 294, 295, 298, 304, 305, 306, 311, 312, 317, 320, 321, 323, 324, 326, 327, 328, 329, 330, 333, 336, 337, 339], "excluded_lines": [], "executed_branches": [], "missing_branches": [[194, 195], [194, 198], [198, 200], [198, 201], [201, 202], [201, 212], [202, 204], [202, 206], [212, 213], [212, 215], [226, 227], [226, 229], [229, 230], [229, 232], [232, 233], [232, 235], [235, 236], [235, 238], [249, 250], [249, 252], [252, 253], [252, 256], [277, 278], [277, 280], [294, 295], [294, 298], [298, 304], [298, 320], [304, 305], [304, 306], [306, 311], [306, 312], [312, 317], [312, 336], [320, 321], [320, 336], [321, 323], [321, 324], [324, 326], [324, 327], [327, 328], [327, 329], [329, 330], [329, 333], [336, 337], [336, 339]], "functions": {"DRMethod.__init__": {"executed_lines": [39, 40, 41, 42, 43, 44, 45, 46], "summary": {"covered_lines": 8, "num_statements": 8, "percent_covered": 100.0, "percent_covered_display": "100.00", "missing_lines": 0, "excluded_lines": 0, "num_branches": 0, "num_partial_branches": 0, "covered_branches": 0, "missing_branches": 0}, "missing_lines": [], "excluded_lines": [], "executed_branches": [], "missing_branches": []}, "m_param_filter": {"executed_lines": [], "summary": {"covered_lines": 0, "num_statements": 13, "percent_covered": 0.0, "percent_covered_display": "0.00", "missing_lines": 13, "excluded_lines": 0, "num_branches": 10, "num_partial_branches": 0, "covered_branches": 0, "missing_branches": 10}, "missing_lines": [191, 192, 194, 195, 198, 200, 201, 202, 204, 206, 212, 213, 215], "excluded_lines": [], "executed_branches": [], "missing_branches": [[194, 195], [194, 198], [198, 200], [198, 201], [201, 202], [201, 212], [202, 204], [202, 206], [212, 213], [212, 215]]}, "g_param_filter": {"executed_lines": [], "summary": {"covered_lines": 0, "num_statements": 11, "percent_covered": 0.0, "percent_covered_display": "0.00", "missing_lines": 11, "excluded_lines": 0, "num_branches": 8, "num_partial_branches": 0, "covered_branches": 0, "missing_branches": 8}, "missing_lines": [223, 224, 226, 227, 229, 230, 232, 233, 235, 236, 238], "excluded_lines": [], "executed_branches": [], "missing_branches": [[226, 227], [226, 229], [229, 230], [229, 232], [232, 233], [232, 235], [235, 236], [235, 238]]}, "e_param_filter": {"executed_lines": [], "summary": {"covered_lines": 0, "num_statements": 7, "percent_covered": 0.0, "percent_covered_display": "0.00", "missing_lines": 7, "excluded_lines": 0, "num_branches": 4, "num_partial_branches": 0, "covered_branches": 0, "missing_branches": 4}, "missing_lines": [247, 249, 250, 252, 253, 254, 256], "excluded_lines": [], "executed_branches": [], "missing_branches": [[249, 250], [249, 252], [252, 253], [252, 256]]}, "merge_params_with_defaults": {"executed_lines": [], "summary": {"covered_lines": 0, "num_statements": 30, "percent_covered": 0.0, "percent_covered_display": "0.00", "missing_lines": 30, "excluded_lines": 0, "num_branches": 24, "num_partial_branches": 0, "covered_branches": 0, "missing_branches": 24}, "missing_lines": [277, 278, 280, 283, 284, 285, 287, 290, 294, 295, 298, 304, 305, 306, 311, 312, 317, 320, 321, 323, 324, 326, 327, 328, 329, 330, 333, 336, 337, 339], "excluded_lines": [], "executed_branches": [], "missing_branches": [[277, 278], [277, 280], [294, 295], [294, 298], [298, 304], [298, 320], [304, 305], [304, 306], [306, 311], [306, 312], [312, 317], [312, 336], [320, 321], [320, 336], [321, 323], [321, 324], [324, 326], [324, 327], [327, 328], [327, 329], [329, 330], [329, 333], [336, 337], [336, 339]]}, "": {"executed_lines": [1, 2, 5, 6, 28, 50, 58, 60, 150, 152, 172, 218, 241, 259], "summary": {"covered_lines": 13, "num_statements": 13, "percent_covered": 100.0, "percent_covered_display": "100.00", "missing_lines": 0, "excluded_lines": 0, "num_branches": 0, "num_partial_branches": 0, "covered_branches": 0, "missing_branches": 0}, "missing_lines": [], "excluded_lines": [], "executed_branches": [], "missing_branches": []}}, "classes": {"DRMethod": {"executed_lines": [39, 40, 41, 42, 43, 44, 45, 46], "summary": {"covered_lines": 8, "num_statements": 8, "percent_covered": 100.0, "percent_covered_display": "100.00", "missing_lines": 0, "excluded_lines": 0, "num_branches": 0, "num_partial_branches": 0, "covered_branches": 0, "missing_branches": 0}, "missing_lines": [], "excluded_lines": [], "executed_branches": [], "missing_branches": []}, "": {"executed_lines": [1, 2, 5, 6, 28, 50, 58, 60, 150, 152, 172, 218, 241, 259], "summary": {"covered_lines": 13, "num_statements": 74, "percent_covered": 10.833333333333334, "percent_covered_display": "10.83", "missing_lines": 61, "excluded_lines": 0, "num_branches": 46, "num_partial_branches": 0, "covered_branches": 0, "missing_branches": 46}, "missing_lines": [191, 192, 194, 195, 198, 200, 201, 202, 204, 206, 212, 213, 215, 223, 224, 226, 227, 229, 230, 232, 233, 235, 236, 238, 247, 249, 250, 252, 253, 254, 256, 277, 278, 280, 283, 284, 285, 287, 290, 294, 295, 298, 304, 305, 306, 311, 312, 317, 320, 321, 323, 324, 326, 327, 328, 329, 330, 333, 336, 337, 339], "excluded_lines": [], "executed_branches": [], "missing_branches": [[194, 195], [194, 198], [198, 200], [198, 201], [201, 202], [201, 212], [202, 204], [202, 206], [212, 213], [212, 215], [226, 227], [226, 229], [229, 230], [229, 232], [232, 233], [232, 235], [235, 236], [235, 238], [249, 250], [249, 252], [252, 253], [252, 256], [277, 278], [277, 280], [294, 295], [294, 298], [298, 304], [298, 320], [304, 305], [304, 306], [306, 311], [306, 312], [312, 317], [312, 336], [320, 321], [320, 336], [321, 323], [321, 324], [324, 326], [324, 327], [327, 328], [327, 329], [329, 330], [329, 333], [336, 337], [336, 339]]}}}, "src/driada/dim_reduction/embedding.py": {"executed_lines": [1, 2, 3, 4, 5, 7, 8, 9, 15, 16, 18, 19, 23, 25, 28, 36, 37, 41, 69, 83, 92, 102, 120, 144, 149, 156, 180, 198, 286, 307, 312, 321, 586, 770, 777], "summary": {"covered_lines": 34, "num_statements": 342, "percent_covered": 8.018867924528301, "percent_covered_display": "8.02", "missing_lines": 308, "excluded_lines": 0, "num_branches": 82, "num_partial_branches": 0, "covered_branches": 0, "missing_branches": 82}, "missing_lines": [20, 22, 29, 30, 31, 33, 42, 43, 44, 46, 48, 49, 50, 52, 53, 55, 56, 58, 59, 61, 62, 63, 64, 66, 67, 70, 71, 72, 74, 75, 79, 81, 84, 85, 87, 88, 89, 93, 94, 98, 99, 100, 104, 107, 109, 112, 115, 116, 118, 121, 122, 123, 124, 129, 139, 142, 145, 146, 147, 150, 153, 154, 157, 158, 159, 161, 162, 164, 166, 169, 171, 172, 174, 175, 176, 177, 178, 181, 182, 184, 186, 196, 212, 213, 214, 217, 218, 219, 222, 225, 229, 230, 233, 234, 237, 238, 241, 245, 247, 248, 251, 252, 253, 255, 256, 258, 259, 260, 263, 264, 265, 268, 269, 272, 276, 279, 287, 288, 289, 290, 291, 293, 302, 304, 305, 308, 309, 310, 313, 314, 318, 319, 345, 346, 347, 348, 349, 350, 351, 356, 357, 358, 361, 362, 365, 373, 374, 375, 376, 379, 381, 382, 383, 385, 389, 390, 391, 392, 393, 402, 404, 407, 410, 412, 414, 416, 417, 421, 423, 431, 432, 433, 436, 437, 442, 445, 447, 448, 449, 451, 452, 453, 454, 457, 460, 464, 465, 467, 506, 508, 509, 512, 516, 517, 520, 523, 526, 529, 532, 535, 536, 537, 539, 543, 546, 548, 549, 554, 558, 559, 560, 562, 565, 566, 567, 568, 569, 570, 571, 575, 576, 577, 579, 580, 581, 582, 607, 608, 609, 610, 611, 612, 613, 618, 619, 620, 624, 625, 628, 636, 637, 638, 639, 643, 645, 648, 656, 658, 662, 666, 669, 671, 672, 673, 675, 676, 677, 678, 679, 680, 683, 686, 690, 691, 694, 695, 698, 701, 704, 707, 708, 709, 712, 713, 714, 718, 720, 721, 726, 730, 731, 734, 735, 738, 739, 742, 745, 746, 747, 749, 751, 752, 756, 757, 758, 761, 762, 764, 765, 766, 771, 772, 774, 775, 798, 800, 801, 805], "excluded_lines": [], "executed_branches": [], "missing_branches": [[42, 43], [42, 48], [43, 44], [43, 46], [49, 50], [49, 52], [55, 56], [55, 58], [66, -41], [66, 67], [70, 71], [70, 72], [74, 75], [74, 81], [75, 79], [75, 81], [84, 85], [84, 87], [107, 109], [107, 115], [171, 172], [171, 174], [247, 248], [247, 251], [379, 381], [379, 385], [382, 383], [382, 385], [385, 389], [385, 404], [389, 390], [389, 391], [391, 392], [391, 393], [451, 452], [451, 575], [453, 454], [453, 529], [508, 509], [508, 516], [516, 517], [516, 520], [532, 451], [532, 535], [536, 537], [536, 565], [548, 549], [548, 558], [558, 559], [558, 562], [566, 567], [566, 570], [570, 451], [570, 571], [575, 576], [575, 579], [576, 577], [576, 579], [645, 648], [645, 658], [675, 676], [675, 756], [679, 680], [679, 712], [718, 675], [718, 720], [721, 726], [721, 742], [745, 746], [745, 751], [751, 675], [751, 752], [756, 757], [756, 761], [757, 758], [757, 761], [761, 762], [761, 764], [771, 772], [771, 774], [800, 801], [800, 805]], "functions": {"remove_outliers": {"executed_lines": [], "summary": {"covered_lines": 0, "num_statements": 4, "percent_covered": 0.0, "percent_covered_display": "0.00", "missing_lines": 4, "excluded_lines": 0, "num_branches": 0, "num_partial_branches": 0, "covered_branches": 0, "missing_branches": 0}, "missing_lines": [29, 30, 31, 33], "excluded_lines": [], "executed_branches": [], "missing_branches": []}, "Embedding.__init__": {"executed_lines": [], "summary": {"covered_lines": 0, "num_statements": 19, "percent_covered": 0.0, "percent_covered_display": "0.00", "missing_lines": 19, "excluded_lines": 0, "num_branches": 10, "num_partial_branches": 0, "covered_branches": 0, "missing_branches": 10}, "missing_lines": [42, 43, 44, 46, 48, 49, 50, 52, 53, 55, 56, 58, 59, 61, 62, 63, 64, 66, 67], "excluded_lines": [], "executed_branches": [], "missing_branches": [[42, 43], [42, 48], [43, 44], [43, 46], [49, 50], [49, 52], [55, 56], [55, 58], [66, -41], [66, 67]]}, "Embedding.build": {"executed_lines": [], "summary": {"covered_lines": 0, "num_statements": 7, "percent_covered": 0.0, "percent_covered_display": "0.00", "missing_lines": 7, "excluded_lines": 0, "num_branches": 6, "num_partial_branches": 0, "covered_branches": 0, "missing_branches": 6}, "missing_lines": [70, 71, 72, 74, 75, 79, 81], "excluded_lines": [], "executed_branches": [], "missing_branches": [[70, 71], [70, 72], [74, 75], [74, 81], [75, 79], [75, 81]]}, "Embedding.create_pca_embedding_": {"executed_lines": [], "summary": {"covered_lines": 0, "num_statements": 5, "percent_covered": 0.0, "percent_covered_display": "0.00", "missing_lines": 5, "excluded_lines": 0, "num_branches": 2, "num_partial_branches": 0, "covered_branches": 0, "missing_branches": 2}, "missing_lines": [84, 85, 87, 88, 89], "excluded_lines": [], "executed_branches": [], "missing_branches": [[84, 85], [84, 87]]}, "Embedding.create_isomap_embedding_": {"executed_lines": [], "summary": {"covered_lines": 0, "num_statements": 5, "percent_covered": 0.0, "percent_covered_display": "0.00", "missing_lines": 5, "excluded_lines": 0, "num_branches": 0, "num_partial_branches": 0, "covered_branches": 0, "missing_branches": 0}, "missing_lines": [93, 94, 98, 99, 100], "excluded_lines": [], "executed_branches": [], "missing_branches": []}, "Embedding.create_mds_embedding_": {"executed_lines": [], "summary": {"covered_lines": 0, "num_statements": 7, "percent_covered": 0.0, "percent_covered_display": "0.00", "missing_lines": 7, "excluded_lines": 0, "num_branches": 2, "num_partial_branches": 0, "covered_branches": 0, "missing_branches": 2}, "missing_lines": [104, 107, 109, 112, 115, 116, 118], "excluded_lines": [], "executed_branches": [], "missing_branches": [[107, 109], [107, 115]]}, "Embedding.create_mvu_embedding_": {"executed_lines": [], "summary": {"covered_lines": 0, "num_statements": 7, "percent_covered": 0.0, "percent_covered_display": "0.00", "missing_lines": 7, "excluded_lines": 0, "num_branches": 0, "num_partial_branches": 0, "covered_branches": 0, "missing_branches": 0}, "missing_lines": [121, 122, 123, 124, 129, 139, 142], "excluded_lines": [], "executed_branches": [], "missing_branches": []}, "Embedding.create_lle_embedding_": {"executed_lines": [], "summary": {"covered_lines": 0, "num_statements": 3, "percent_covered": 0.0, "percent_covered_display": "0.00", "missing_lines": 3, "excluded_lines": 0, "num_branches": 0, "num_partial_branches": 0, "covered_branches": 0, "missing_branches": 0}, "missing_lines": [145, 146, 147], "excluded_lines": [], "executed_branches": [], "missing_branches": []}, "Embedding.create_hlle_embedding_": {"executed_lines": [], "summary": {"covered_lines": 0, "num_statements": 3, "percent_covered": 0.0, "percent_covered_display": "0.00", "missing_lines": 3, "excluded_lines": 0, "num_branches": 0, "num_partial_branches": 0, "covered_branches": 0, "missing_branches": 0}, "missing_lines": [150, 153, 154], "excluded_lines": [], "executed_branches": [], "missing_branches": []}, "Embedding.create_le_embedding_": {"executed_lines": [], "summary": {"covered_lines": 0, "num_statements": 15, "percent_covered": 0.0, "percent_covered_display": "0.00", "missing_lines": 15, "excluded_lines": 0, "num_branches": 2, "num_partial_branches": 0, "covered_branches": 0, "missing_branches": 2}, "missing_lines": [157, 158, 159, 161, 162, 164, 166, 169, 171, 172, 174, 175, 176, 177, 178], "excluded_lines": [], "executed_branches": [], "missing_branches": [[171, 172], [171, 174]]}, "Embedding.create_auto_le_embedding_": {"executed_lines": [], "summary": {"covered_lines": 0, "num_statements": 5, "percent_covered": 0.0, "percent_covered_display": "0.00", "missing_lines": 5, "excluded_lines": 0, "num_branches": 0, "num_partial_branches": 0, "covered_branches": 0, "missing_branches": 0}, "missing_lines": [181, 182, 184, 186, 196], "excluded_lines": [], "executed_branches": [], "missing_branches": []}, "Embedding.create_dmaps_embedding_": {"executed_lines": [], "summary": {"covered_lines": 0, "num_statements": 34, "percent_covered": 0.0, "percent_covered_display": "0.00", "missing_lines": 34, "excluded_lines": 0, "num_branches": 2, "num_partial_branches": 0, "covered_branches": 0, "missing_branches": 2}, "missing_lines": [212, 213, 214, 217, 218, 219, 222, 225, 229, 230, 233, 234, 237, 238, 241, 245, 247, 248, 251, 252, 253, 255, 256, 258, 259, 260, 263, 264, 265, 268, 269, 272, 276, 279], "excluded_lines": [], "executed_branches": [], "missing_branches": [[247, 248], [247, 251]]}, "Embedding.create_auto_dmaps_embedding_": {"executed_lines": [], "summary": {"covered_lines": 0, "num_statements": 9, "percent_covered": 0.0, "percent_covered_display": "0.00", "missing_lines": 9, "excluded_lines": 0, "num_branches": 0, "num_partial_branches": 0, "covered_branches": 0, "missing_branches": 0}, "missing_lines": [287, 288, 289, 290, 291, 293, 302, 304, 305], "excluded_lines": [], "executed_branches": [], "missing_branches": []}, "Embedding.create_tsne_embedding_": {"executed_lines": [], "summary": {"covered_lines": 0, "num_statements": 3, "percent_covered": 0.0, "percent_covered_display": "0.00", "missing_lines": 3, "excluded_lines": 0, "num_branches": 0, "num_partial_branches": 0, "covered_branches": 0, "missing_branches": 0}, "missing_lines": [308, 309, 310], "excluded_lines": [], "executed_branches": [], "missing_branches": []}, "Embedding.create_umap_embedding_": {"executed_lines": [], "summary": {"covered_lines": 0, "num_statements": 4, "percent_covered": 0.0, "percent_covered_display": "0.00", "missing_lines": 4, "excluded_lines": 0, "num_branches": 0, "num_partial_branches": 0, "covered_branches": 0, "missing_branches": 0}, "missing_lines": [313, 314, 318, 319], "excluded_lines": [], "executed_branches": [], "missing_branches": []}, "Embedding.create_ae_embedding_": {"executed_lines": [], "summary": {"covered_lines": 0, "num_statements": 84, "percent_covered": 0.0, "percent_covered_display": "0.00", "missing_lines": 84, "excluded_lines": 0, "num_branches": 34, "num_partial_branches": 0, "covered_branches": 0, "missing_branches": 34}, "missing_lines": [345, 346, 347, 348, 349, 350, 351, 356, 357, 358, 361, 362, 365, 373, 374, 375, 376, 379, 381, 382, 383, 385, 389, 390, 391, 392, 393, 402, 404, 407, 410, 412, 423, 445, 447, 448, 449, 451, 452, 453, 454, 457, 460, 464, 465, 467, 506, 508, 509, 512, 516, 517, 520, 523, 526, 529, 532, 535, 536, 537, 539, 543, 546, 548, 549, 554, 558, 559, 560, 562, 565, 566, 567, 568, 569, 570, 571, 575, 576, 577, 579, 580, 581, 582], "excluded_lines": [], "executed_branches": [], "missing_branches": [[379, 381], [379, 385], [382, 383], [382, 385], [385, 389], [385, 404], [389, 390], [389, 391], [391, 392], [391, 393], [451, 452], [451, 575], [453, 454], [453, 529], [508, 509], [508, 516], [516, 517], [516, 520], [532, 451], [532, 535], [536, 537], [536, 565], [548, 549], [548, 558], [558, 559], [558, 562], [566, 567], [566, 570], [570, 451], [570, 571], [575, 576], [575, 579], [576, 577], [576, 579]]}, "Embedding.create_ae_embedding_.correlation_loss": {"executed_lines": [], "summary": {"covered_lines": 0, "num_statements": 4, "percent_covered": 0.0, "percent_covered_display": "0.00", "missing_lines": 4, "excluded_lines": 0, "num_branches": 0, "num_partial_branches": 0, "covered_branches": 0, "missing_branches": 0}, "missing_lines": [414, 416, 417, 421], "excluded_lines": [], "executed_branches": [], "missing_branches": []}, "Embedding.create_ae_embedding_.data_orthogonality_loss": {"executed_lines": [], "summary": {"covered_lines": 0, "num_statements": 6, "percent_covered": 0.0, "percent_covered_display": "0.00", "missing_lines": 6, "excluded_lines": 0, "num_branches": 0, "num_partial_branches": 0, "covered_branches": 0, "missing_branches": 0}, "missing_lines": [431, 432, 433, 436, 437, 442], "excluded_lines": [], "executed_branches": [], "missing_branches": []}, "Embedding.create_vae_embedding_": {"executed_lines": [], "summary": {"covered_lines": 0, "num_statements": 74, "percent_covered": 0.0, "percent_covered_display": "0.00", "missing_lines": 74, "excluded_lines": 0, "num_branches": 20, "num_partial_branches": 0, "covered_branches": 0, "missing_branches": 20}, "missing_lines": [607, 608, 609, 610, 611, 612, 613, 618, 619, 620, 624, 625, 628, 636, 637, 638, 639, 643, 645, 648, 656, 658, 662, 666, 669, 671, 672, 673, 675, 676, 677, 678, 679, 680, 683, 686, 690, 691, 694, 695, 698, 701, 704, 707, 708, 709, 712, 713, 714, 718, 720, 721, 726, 730, 731, 734, 735, 738, 739, 742, 745, 746, 747, 749, 751, 752, 756, 757, 758, 761, 762, 764, 765, 766], "excluded_lines": [], "executed_branches": [], "missing_branches": [[645, 648], [645, 658], [675, 676], [675, 756], [679, 680], [679, 712], [718, 675], [718, 720], [721, 726], [721, 742], [745, 746], [745, 751], [751, 675], [751, 752], [756, 757], [756, 761], [757, 758], [757, 761], [761, 762], [761, 764]]}, "Embedding.continue_learning": {"executed_lines": [], "summary": {"covered_lines": 0, "num_statements": 4, "percent_covered": 0.0, "percent_covered_display": "0.00", "missing_lines": 4, "excluded_lines": 0, "num_branches": 2, "num_partial_branches": 0, "covered_branches": 0, "missing_branches": 2}, "missing_lines": [771, 772, 774, 775], "excluded_lines": [], "executed_branches": [], "missing_branches": [[771, 772], [771, 774]]}, "Embedding.to_mvdata": {"executed_lines": [], "summary": {"covered_lines": 0, "num_statements": 4, "percent_covered": 0.0, "percent_covered_display": "0.00", "missing_lines": 4, "excluded_lines": 0, "num_branches": 2, "num_partial_branches": 0, "covered_branches": 0, "missing_branches": 2}, "missing_lines": [798, 800, 801, 805], "excluded_lines": [], "executed_branches": [], "missing_branches": [[800, 801], [800, 805]]}, "": {"executed_lines": [1, 2, 3, 4, 5, 7, 8, 9, 15, 16, 18, 19, 23, 25, 28, 36, 37, 41, 69, 83, 92, 102, 120, 144, 149, 156, 180, 198, 286, 307, 312, 321, 586, 770, 777], "summary": {"covered_lines": 34, "num_statements": 36, "percent_covered": 94.44444444444444, "percent_covered_display": "94.44", "missing_lines": 2, "excluded_lines": 0, "num_branches": 0, "num_partial_branches": 0, "covered_branches": 0, "missing_branches": 0}, "missing_lines": [20, 22], "excluded_lines": [], "executed_branches": [], "missing_branches": []}}, "classes": {"Embedding": {"executed_lines": [], "summary": {"covered_lines": 0, "num_statements": 302, "percent_covered": 0.0, "percent_covered_display": "0.00", "missing_lines": 302, "excluded_lines": 0, "num_branches": 82, "num_partial_branches": 0, "covered_branches": 0, "missing_branches": 82}, "missing_lines": [42, 43, 44, 46, 48, 49, 50, 52, 53, 55, 56, 58, 59, 61, 62, 63, 64, 66, 67, 70, 71, 72, 74, 75, 79, 81, 84, 85, 87, 88, 89, 93, 94, 98, 99, 100, 104, 107, 109, 112, 115, 116, 118, 121, 122, 123, 124, 129, 139, 142, 145, 146, 147, 150, 153, 154, 157, 158, 159, 161, 162, 164, 166, 169, 171, 172, 174, 175, 176, 177, 178, 181, 182, 184, 186, 196, 212, 213, 214, 217, 218, 219, 222, 225, 229, 230, 233, 234, 237, 238, 241, 245, 247, 248, 251, 252, 253, 255, 256, 258, 259, 260, 263, 264, 265, 268, 269, 272, 276, 279, 287, 288, 289, 290, 291, 293, 302, 304, 305, 308, 309, 310, 313, 314, 318, 319, 345, 346, 347, 348, 349, 350, 351, 356, 357, 358, 361, 362, 365, 373, 374, 375, 376, 379, 381, 382, 383, 385, 389, 390, 391, 392, 393, 402, 404, 407, 410, 412, 414, 416, 417, 421, 423, 431, 432, 433, 436, 437, 442, 445, 447, 448, 449, 451, 452, 453, 454, 457, 460, 464, 465, 467, 506, 508, 509, 512, 516, 517, 520, 523, 526, 529, 532, 535, 536, 537, 539, 543, 546, 548, 549, 554, 558, 559, 560, 562, 565, 566, 567, 568, 569, 570, 571, 575, 576, 577, 579, 580, 581, 582, 607, 608, 609, 610, 611, 612, 613, 618, 619, 620, 624, 625, 628, 636, 637, 638, 639, 643, 645, 648, 656, 658, 662, 666, 669, 671, 672, 673, 675, 676, 677, 678, 679, 680, 683, 686, 690, 691, 694, 695, 698, 701, 704, 707, 708, 709, 712, 713, 714, 718, 720, 721, 726, 730, 731, 734, 735, 738, 739, 742, 745, 746, 747, 749, 751, 752, 756, 757, 758, 761, 762, 764, 765, 766, 771, 772, 774, 775, 798, 800, 801, 805], "excluded_lines": [], "executed_branches": [], "missing_branches": [[42, 43], [42, 48], [43, 44], [43, 46], [49, 50], [49, 52], [55, 56], [55, 58], [66, -41], [66, 67], [70, 71], [70, 72], [74, 75], [74, 81], [75, 79], [75, 81], [84, 85], [84, 87], [107, 109], [107, 115], [171, 172], [171, 174], [247, 248], [247, 251], [379, 381], [379, 385], [382, 383], [382, 385], [385, 389], [385, 404], [389, 390], [389, 391], [391, 392], [391, 393], [451, 452], [451, 575], [453, 454], [453, 529], [508, 509], [508, 516], [516, 517], [516, 520], [532, 451], [532, 535], [536, 537], [536, 565], [548, 549], [548, 558], [558, 559], [558, 562], [566, 567], [566, 570], [570, 451], [570, 571], [575, 576], [575, 579], [576, 577], [576, 579], [645, 648], [645, 658], [675, 676], [675, 756], [679, 680], [679, 712], [718, 675], [718, 720], [721, 726], [721, 742], [745, 746], [745, 751], [751, 675], [751, 752], [756, 757], [756, 761], [757, 758], [757, 761], [761, 762], [761, 764], [771, 772], [771, 774], [800, 801], [800, 805]]}, "": {"executed_lines": [1, 2, 3, 4, 5, 7, 8, 9, 15, 16, 18, 19, 23, 25, 28, 36, 37, 41, 69, 83, 92, 102, 120, 144, 149, 156, 180, 198, 286, 307, 312, 321, 586, 770, 777], "summary": {"covered_lines": 34, "num_statements": 40, "percent_covered": 85.0, "percent_covered_display": "85.00", "missing_lines": 6, "excluded_lines": 0, "num_branches": 0, "num_partial_branches": 0, "covered_branches": 0, "missing_branches": 0}, "missing_lines": [20, 22, 29, 30, 31, 33], "excluded_lines": [], "executed_branches": [], "missing_branches": []}}}, "src/driada/dim_reduction/graph.py": {"executed_lines": [3, 4, 5, 6, 7, 9, 11, 12, 13, 14, 15, 16, 18, 21, 22, 26, 83, 99, 103, 121, 142, 203, 218, 278, 388, 400], "summary": {"covered_lines": 25, "num_statements": 243, "percent_covered": 7.5075075075075075, "percent_covered_display": "7.51", "missing_lines": 218, "excluded_lines": 0, "num_branches": 90, "num_partial_branches": 0, "covered_branches": 0, "missing_branches": 90}, "missing_lines": [27, 28, 29, 35, 36, 37, 39, 40, 42, 44, 52, 53, 54, 55, 56, 57, 59, 60, 64, 65, 66, 67, 72, 73, 74, 75, 77, 84, 85, 87, 88, 90, 91, 92, 93, 94, 95, 97, 100, 101, 104, 105, 107, 108, 109, 110, 113, 114, 117, 122, 123, 132, 133, 134, 139, 140, 143, 145, 146, 148, 151, 152, 153, 154, 157, 158, 163, 164, 173, 176, 177, 179, 180, 181, 183, 184, 185, 187, 194, 198, 199, 201, 204, 207, 208, 209, 210, 211, 212, 215, 216, 220, 226, 236, 237, 240, 241, 242, 246, 247, 248, 253, 254, 257, 259, 267, 268, 269, 272, 275, 276, 280, 281, 282, 283, 284, 285, 286, 288, 290, 292, 295, 296, 298, 299, 303, 304, 305, 306, 308, 310, 311, 316, 318, 320, 322, 323, 324, 325, 326, 328, 329, 331, 332, 333, 335, 336, 337, 339, 341, 345, 346, 347, 349, 350, 351, 353, 354, 355, 356, 358, 359, 360, 361, 363, 366, 367, 368, 369, 370, 378, 379, 380, 381, 382, 383, 384, 386, 391, 392, 393, 394, 398, 461, 462, 465, 466, 469, 470, 473, 474, 475, 478, 479, 480, 481, 482, 485, 486, 490, 492, 494, 496, 497, 500, 502, 505, 507, 512, 516, 519, 527, 529, 532, 536, 543, 545, 547], "excluded_lines": [], "executed_branches": [], "missing_branches": [[36, 37], [36, 39], [55, 56], [55, 77], [56, 57], [56, 59], [59, 60], [59, 64], [72, 73], [72, 74], [74, 75], [74, 77], [84, 85], [84, 87], [87, 88], [87, 90], [90, -83], [90, 91], [104, 105], [104, 117], [105, 107], [105, 108], [113, -103], [113, 114], [143, 145], [143, 146], [146, 148], [146, 151], [153, 154], [153, 163], [198, 199], [198, 201], [241, 242], [241, 246], [246, 247], [246, 253], [247, 248], [247, 253], [257, 259], [257, 272], [281, 282], [281, 283], [283, 284], [283, 285], [285, 286], [285, 288], [298, 299], [298, 303], [303, 304], [303, 305], [305, 306], [305, 308], [308, 310], [308, 318], [318, 320], [318, 322], [322, 323], [322, 324], [349, 350], [349, 353], [354, 355], [354, 358], [359, 360], [359, 361], [367, 368], [367, 378], [380, 381], [380, 382], [383, 384], [383, 386], [393, 394], [393, 398], [465, 466], [465, 469], [469, 470], [469, 473], [474, 475], [474, 478], [479, 480], [479, 485], [485, 486], [485, 492], [494, 496], [494, 516], [500, 502], [500, 505], [516, 519], [516, 543], [519, 527], [519, 536]], "functions": {"ProximityGraph.__init__": {"executed_lines": [], "summary": {"covered_lines": 0, "num_statements": 27, "percent_covered": 0.0, "percent_covered_display": "0.00", "missing_lines": 27, "excluded_lines": 0, "num_branches": 12, "num_partial_branches": 0, "covered_branches": 0, "missing_branches": 12}, "missing_lines": [27, 28, 29, 35, 36, 37, 39, 40, 42, 44, 52, 53, 54, 55, 56, 57, 59, 60, 64, 65, 66, 67, 72, 73, 74, 75, 77], "excluded_lines": [], "executed_branches": [], "missing_branches": [[36, 37], [36, 39], [55, 56], [55, 77], [56, 57], [56, 59], [59, 60], [59, 64], [72, 73], [72, 74], [74, 75], [74, 77]]}, "ProximityGraph.distances_to_affinities": {"executed_lines": [], "summary": {"covered_lines": 0, "num_statements": 11, "percent_covered": 0.0, "percent_covered_display": "0.00", "missing_lines": 11, "excluded_lines": 0, "num_branches": 6, "num_partial_branches": 0, "covered_branches": 0, "missing_branches": 6}, "missing_lines": [84, 85, 87, 88, 90, 91, 92, 93, 94, 95, 97], "excluded_lines": [], "executed_branches": [], "missing_branches": [[84, 85], [84, 87], [87, 88], [87, 90], [90, -83], [90, 91]]}, "ProximityGraph.construct_adjacency": {"executed_lines": [], "summary": {"covered_lines": 0, "num_statements": 2, "percent_covered": 0.0, "percent_covered_display": "0.00", "missing_lines": 2, "excluded_lines": 0, "num_branches": 0, "num_partial_branches": 0, "covered_branches": 0, "missing_branches": 0}, "missing_lines": [100, 101], "excluded_lines": [], "executed_branches": [], "missing_branches": []}, "ProximityGraph._checkpoint": {"executed_lines": [], "summary": {"covered_lines": 0, "num_statements": 9, "percent_covered": 0.0, "percent_covered_display": "0.00", "missing_lines": 9, "excluded_lines": 0, "num_branches": 6, "num_partial_branches": 0, "covered_branches": 0, "missing_branches": 6}, "missing_lines": [104, 105, 107, 108, 109, 110, 113, 114, 117], "excluded_lines": [], "executed_branches": [], "missing_branches": [[104, 105], [104, 117], [105, 107], [105, 108], [113, -103], [113, 114]]}, "ProximityGraph.create_umap_graph_": {"executed_lines": [], "summary": {"covered_lines": 0, "num_statements": 7, "percent_covered": 0.0, "percent_covered_display": "0.00", "missing_lines": 7, "excluded_lines": 0, "num_branches": 0, "num_partial_branches": 0, "covered_branches": 0, "missing_branches": 0}, "missing_lines": [122, 123, 132, 133, 134, 139, 140], "excluded_lines": [], "executed_branches": [], "missing_branches": []}, "ProximityGraph.create_knn_graph_": {"executed_lines": [], "summary": {"covered_lines": 0, "num_statements": 26, "percent_covered": 0.0, "percent_covered_display": "0.00", "missing_lines": 26, "excluded_lines": 0, "num_branches": 8, "num_partial_branches": 0, "covered_branches": 0, "missing_branches": 8}, "missing_lines": [143, 145, 146, 148, 151, 152, 153, 154, 157, 158, 163, 164, 173, 176, 177, 179, 180, 181, 183, 184, 185, 187, 194, 198, 199, 201], "excluded_lines": [], "executed_branches": [], "missing_branches": [[143, 145], [143, 146], [146, 148], [146, 151], [153, 154], [153, 163], [198, 199], [198, 201]]}, "ProximityGraph.create_auto_knn_graph_": {"executed_lines": [], "summary": {"covered_lines": 0, "num_statements": 9, "percent_covered": 0.0, "percent_covered_display": "0.00", "missing_lines": 9, "excluded_lines": 0, "num_branches": 0, "num_partial_branches": 0, "covered_branches": 0, "missing_branches": 0}, "missing_lines": [204, 207, 208, 209, 210, 211, 212, 215, 216], "excluded_lines": [], "executed_branches": [], "missing_branches": []}, "ProximityGraph.create_eps_graph_": {"executed_lines": [], "summary": {"covered_lines": 0, "num_statements": 20, "percent_covered": 0.0, "percent_covered_display": "0.00", "missing_lines": 20, "excluded_lines": 0, "num_branches": 8, "num_partial_branches": 0, "covered_branches": 0, "missing_branches": 8}, "missing_lines": [220, 226, 236, 237, 240, 241, 242, 246, 247, 248, 253, 254, 257, 259, 267, 268, 269, 272, 275, 276], "excluded_lines": [], "executed_branches": [], "missing_branches": [[241, 242], [241, 246], [246, 247], [246, 253], [247, 248], [247, 253], [257, 259], [257, 272]]}, "ProximityGraph.calculate_indim": {"executed_lines": [], "summary": {"covered_lines": 0, "num_statements": 58, "percent_covered": 0.0, "percent_covered_display": "0.00", "missing_lines": 58, "excluded_lines": 0, "num_branches": 24, "num_partial_branches": 0, "covered_branches": 0, "missing_branches": 24}, "missing_lines": [280, 290, 295, 298, 299, 303, 304, 305, 306, 308, 310, 311, 316, 318, 320, 322, 323, 324, 325, 326, 328, 329, 331, 332, 333, 335, 336, 337, 339, 341, 345, 346, 347, 349, 350, 351, 353, 354, 355, 356, 358, 359, 360, 361, 363, 366, 367, 368, 369, 370, 378, 379, 380, 381, 382, 383, 384, 386], "excluded_lines": [], "executed_branches": [], "missing_branches": [[298, 299], [298, 303], [303, 304], [303, 305], [305, 306], [305, 308], [308, 310], [308, 318], [318, 320], [318, 322], [322, 323], [322, 324], [349, 350], [349, 353], [354, 355], [354, 358], [359, 360], [359, 361], [367, 368], [367, 378], [380, 381], [380, 382], [383, 384], [383, 386]]}, "ProximityGraph.calculate_indim.normalizing_const": {"executed_lines": [], "summary": {"covered_lines": 0, "num_statements": 7, "percent_covered": 0.0, "percent_covered_display": "0.00", "missing_lines": 7, "excluded_lines": 0, "num_branches": 6, "num_partial_branches": 0, "covered_branches": 0, "missing_branches": 6}, "missing_lines": [281, 282, 283, 284, 285, 286, 288], "excluded_lines": [], "executed_branches": [], "missing_branches": [[281, 282], [281, 283], [283, 284], [283, 285], [285, 286], [285, 288]]}, "ProximityGraph.calculate_indim.func": {"executed_lines": [], "summary": {"covered_lines": 0, "num_statements": 1, "percent_covered": 0.0, "percent_covered_display": "0.00", "missing_lines": 1, "excluded_lines": 0, "num_branches": 0, "num_partial_branches": 0, "covered_branches": 0, "missing_branches": 0}, "missing_lines": [292], "excluded_lines": [], "executed_branches": [], "missing_branches": []}, "ProximityGraph.calculate_indim.func2": {"executed_lines": [], "summary": {"covered_lines": 0, "num_statements": 1, "percent_covered": 0.0, "percent_covered_display": "0.00", "missing_lines": 1, "excluded_lines": 0, "num_branches": 0, "num_partial_branches": 0, "covered_branches": 0, "missing_branches": 0}, "missing_lines": [296], "excluded_lines": [], "executed_branches": [], "missing_branches": []}, "ProximityGraph.scaling": {"executed_lines": [], "summary": {"covered_lines": 0, "num_statements": 5, "percent_covered": 0.0, "percent_covered_display": "0.00", "missing_lines": 5, "excluded_lines": 0, "num_branches": 2, "num_partial_branches": 0, "covered_branches": 0, "missing_branches": 2}, "missing_lines": [391, 392, 393, 394, 398], "excluded_lines": [], "executed_branches": [], "missing_branches": [[393, 394], [393, 398]]}, "ProximityGraph.get_int_dim": {"executed_lines": [], "summary": {"covered_lines": 0, "num_statements": 35, "percent_covered": 0.0, "percent_covered_display": "0.00", "missing_lines": 35, "excluded_lines": 0, "num_branches": 18, "num_partial_branches": 0, "covered_branches": 0, "missing_branches": 18}, "missing_lines": [461, 462, 465, 466, 469, 470, 473, 474, 475, 478, 479, 480, 481, 482, 485, 486, 490, 492, 494, 496, 497, 500, 502, 505, 507, 512, 516, 519, 527, 529, 532, 536, 543, 545, 547], "excluded_lines": [], "executed_branches": [], "missing_branches": [[465, 466], [465, 469], [469, 470], [469, 473], [474, 475], [474, 478], [479, 480], [479, 485], [485, 486], [485, 492], [494, 496], [494, 516], [500, 502], [500, 505], [516, 519], [516, 543], [519, 527], [519, 536]]}, "": {"executed_lines": [3, 4, 5, 6, 7, 9, 11, 12, 13, 14, 15, 16, 18, 21, 22, 26, 83, 99, 103, 121, 142, 203, 218, 278, 388, 400], "summary": {"covered_lines": 25, "num_statements": 25, "percent_covered": 100.0, "percent_covered_display": "100.00", "missing_lines": 0, "excluded_lines": 0, "num_branches": 0, "num_partial_branches": 0, "covered_branches": 0, "missing_branches": 0}, "missing_lines": [], "excluded_lines": [], "executed_branches": [], "missing_branches": []}}, "classes": {"ProximityGraph": {"executed_lines": [], "summary": {"covered_lines": 0, "num_statements": 218, "percent_covered": 0.0, "percent_covered_display": "0.00", "missing_lines": 218, "excluded_lines": 0, "num_branches": 90, "num_partial_branches": 0, "covered_branches": 0, "missing_branches": 90}, "missing_lines": [27, 28, 29, 35, 36, 37, 39, 40, 42, 44, 52, 53, 54, 55, 56, 57, 59, 60, 64, 65, 66, 67, 72, 73, 74, 75, 77, 84, 85, 87, 88, 90, 91, 92, 93, 94, 95, 97, 100, 101, 104, 105, 107, 108, 109, 110, 113, 114, 117, 122, 123, 132, 133, 134, 139, 140, 143, 145, 146, 148, 151, 152, 153, 154, 157, 158, 163, 164, 173, 176, 177, 179, 180, 181, 183, 184, 185, 187, 194, 198, 199, 201, 204, 207, 208, 209, 210, 211, 212, 215, 216, 220, 226, 236, 237, 240, 241, 242, 246, 247, 248, 253, 254, 257, 259, 267, 268, 269, 272, 275, 276, 280, 281, 282, 283, 284, 285, 286, 288, 290, 292, 295, 296, 298, 299, 303, 304, 305, 306, 308, 310, 311, 316, 318, 320, 322, 323, 324, 325, 326, 328, 329, 331, 332, 333, 335, 336, 337, 339, 341, 345, 346, 347, 349, 350, 351, 353, 354, 355, 356, 358, 359, 360, 361, 363, 366, 367, 368, 369, 370, 378, 379, 380, 381, 382, 383, 384, 386, 391, 392, 393, 394, 398, 461, 462, 465, 466, 469, 470, 473, 474, 475, 478, 479, 480, 481, 482, 485, 486, 490, 492, 494, 496, 497, 500, 502, 505, 507, 512, 516, 519, 527, 529, 532, 536, 543, 545, 547], "excluded_lines": [], "executed_branches": [], "missing_branches": [[36, 37], [36, 39], [55, 56], [55, 77], [56, 57], [56, 59], [59, 60], [59, 64], [72, 73], [72, 74], [74, 75], [74, 77], [84, 85], [84, 87], [87, 88], [87, 90], [90, -83], [90, 91], [104, 105], [104, 117], [105, 107], [105, 108], [113, -103], [113, 114], [143, 145], [143, 146], [146, 148], [146, 151], [153, 154], [153, 163], [198, 199], [198, 201], [241, 242], [241, 246], [246, 247], [246, 253], [247, 248], [247, 253], [257, 259], [257, 272], [281, 282], [281, 283], [283, 284], [283, 285], [285, 286], [285, 288], [298, 299], [298, 303], [303, 304], [303, 305], [305, 306], [305, 308], [308, 310], [308, 318], [318, 320], [318, 322], [322, 323], [322, 324], [349, 350], [349, 353], [354, 355], [354, 358], [359, 360], [359, 361], [367, 368], [367, 378], [380, 381], [380, 382], [383, 384], [383, 386], [393, 394], [393, 398], [465, 466], [465, 469], [469, 470], [469, 473], [474, 475], [474, 478], [479, 480], [479, 485], [485, 486], [485, 492], [494, 496], [494, 516], [500, 502], [500, 505], [516, 519], [516, 543], [519, 527], [519, 536]]}, "": {"executed_lines": [3, 4, 5, 6, 7, 9, 11, 12, 13, 14, 15, 16, 18, 21, 22, 26, 83, 99, 103, 121, 142, 203, 218, 278, 388, 400], "summary": {"covered_lines": 25, "num_statements": 25, "percent_covered": 100.0, "percent_covered_display": "100.00", "missing_lines": 0, "excluded_lines": 0, "num_branches": 0, "num_partial_branches": 0, "covered_branches": 0, "missing_branches": 0}, "missing_lines": [], "excluded_lines": [], "executed_branches": [], "missing_branches": []}}}, "src/driada/dim_reduction/manifold_metrics.py": {"executed_lines": [1, 15, 16, 17, 18, 19, 20, 23, 46, 105, 163, 221, 283, 315, 388, 463, 526, 543, 561, 586, 655, 696, 784, 831, 903, 965, 1033, 1095], "summary": {"covered_lines": 27, "num_statements": 313, "percent_covered": 6.569343065693431, "percent_covered_display": "6.57", "missing_lines": 286, "excluded_lines": 0, "num_branches": 98, "num_partial_branches": 0, "covered_branches": 0, "missing_branches": 98}, "missing_lines": [39, 40, 42, 43, 77, 78, 80, 81, 82, 85, 86, 87, 90, 91, 92, 93, 96, 97, 98, 99, 100, 102, 126, 127, 129, 130, 131, 134, 135, 138, 139, 140, 143, 146, 147, 148, 149, 150, 151, 154, 155, 156, 158, 160, 184, 185, 187, 188, 189, 192, 193, 196, 197, 198, 201, 204, 205, 206, 207, 208, 209, 212, 213, 214, 216, 218, 249, 250, 253, 256, 259, 261, 262, 264, 267, 269, 270, 272, 275, 276, 278, 280, 302, 303, 306, 307, 309, 310, 312, 335, 336, 338, 341, 342, 345, 348, 351, 354, 357, 358, 360, 361, 362, 363, 364, 366, 367, 368, 370, 376, 378, 379, 382, 383, 385, 417, 418, 421, 422, 425, 428, 431, 432, 434, 436, 437, 438, 439, 440, 442, 444, 446, 449, 452, 454, 460, 491, 492, 500, 510, 511, 514, 516, 518, 539, 540, 556, 558, 574, 575, 578, 581, 583, 615, 617, 618, 620, 621, 622, 625, 626, 627, 629, 630, 632, 635, 636, 640, 641, 642, 644, 645, 647, 648, 649, 650, 652, 673, 674, 677, 678, 681, 682, 685, 686, 690, 691, 693, 731, 733, 736, 744, 745, 746, 747, 750, 752, 760, 762, 767, 768, 772, 781, 807, 809, 818, 828, 865, 874, 876, 879, 880, 881, 884, 885, 887, 888, 889, 893, 896, 897, 898, 900, 922, 923, 926, 927, 933, 934, 936, 938, 939, 942, 943, 945, 946, 947, 948, 949, 951, 953, 955, 956, 957, 960, 962, 996, 997, 1000, 1001, 1002, 1003, 1006, 1014, 1023, 1024, 1026, 1060, 1061, 1064, 1065, 1066, 1067, 1070, 1073, 1074, 1075, 1077, 1082, 1083, 1084, 1086, 1088, 1122, 1123, 1130, 1139, 1140, 1143, 1148, 1149, 1152, 1153, 1158, 1161, 1167], "excluded_lines": [], "executed_branches": [], "missing_branches": [[39, 40], [39, 42], [77, 78], [77, 80], [81, 82], [81, 85], [97, 98], [97, 102], [126, 127], [126, 129], [130, 131], [130, 134], [147, 148], [147, 154], [148, 147], [148, 149], [150, 148], [150, 151], [155, 156], [155, 158], [184, 185], [184, 187], [188, 189], [188, 192], [205, 206], [205, 212], [206, 205], [206, 207], [208, 206], [208, 209], [213, 214], [213, 216], [259, 261], [259, 264], [269, 270], [269, 272], [275, 276], [275, 278], [309, 310], [309, 312], [335, 336], [335, 338], [361, 362], [361, 370], [367, 361], [367, 368], [376, 378], [376, 385], [417, 418], [417, 421], [434, 436], [434, 442], [438, 439], [438, 442], [442, 444], [442, 449], [444, 446], [444, 449], [491, 492], [491, 500], [510, 511], [510, 514], [574, 575], [574, 578], [626, 627], [626, 629], [629, 630], [629, 652], [632, 635], [632, 644], [647, 629], [647, 648], [690, 691], [690, 693], [731, 733], [731, 760], [745, 746], [745, 747], [760, 762], [760, 781], [874, 876], [874, 900], [879, 880], [879, 881], [887, 888], [887, 893], [926, 927], [926, 933], [936, 938], [936, 951], [951, 953], [951, 960], [1074, 1075], [1074, 1077], [1083, 1084], [1083, 1086], [1122, 1123], [1122, 1130]], "functions": {"compute_distance_matrix": {"executed_lines": [], "summary": {"covered_lines": 0, "num_statements": 4, "percent_covered": 0.0, "percent_covered_display": "0.00", "missing_lines": 4, "excluded_lines": 0, "num_branches": 2, "num_partial_branches": 0, "covered_branches": 0, "missing_branches": 2}, "missing_lines": [39, 40, 42, 43], "excluded_lines": [], "executed_branches": [], "missing_branches": [[39, 40], [39, 42]]}, "knn_preservation_rate": {"executed_lines": [], "summary": {"covered_lines": 0, "num_statements": 18, "percent_covered": 0.0, "percent_covered_display": "0.00", "missing_lines": 18, "excluded_lines": 0, "num_branches": 6, "num_partial_branches": 0, "covered_branches": 0, "missing_branches": 6}, "missing_lines": [77, 78, 80, 81, 82, 85, 86, 87, 90, 91, 92, 93, 96, 97, 98, 99, 100, 102], "excluded_lines": [], "executed_branches": [], "missing_branches": [[77, 78], [77, 80], [81, 82], [81, 85], [97, 98], [97, 102]]}, "trustworthiness": {"executed_lines": [], "summary": {"covered_lines": 0, "num_statements": 22, "percent_covered": 0.0, "percent_covered_display": "0.00", "missing_lines": 22, "excluded_lines": 0, "num_branches": 12, "num_partial_branches": 0, "covered_branches": 0, "missing_branches": 12}, "missing_lines": [126, 127, 129, 130, 131, 134, 135, 138, 139, 140, 143, 146, 147, 148, 149, 150, 151, 154, 155, 156, 158, 160], "excluded_lines": [], "executed_branches": [], "missing_branches": [[126, 127], [126, 129], [130, 131], [130, 134], [147, 148], [147, 154], [148, 147], [148, 149], [150, 148], [150, 151], [155, 156], [155, 158]]}, "continuity": {"executed_lines": [], "summary": {"covered_lines": 0, "num_statements": 22, "percent_covered": 0.0, "percent_covered_display": "0.00", "missing_lines": 22, "excluded_lines": 0, "num_branches": 12, "num_partial_branches": 0, "covered_branches": 0, "missing_branches": 12}, "missing_lines": [184, 185, 187, 188, 189, 192, 193, 196, 197, 198, 201, 204, 205, 206, 207, 208, 209, 212, 213, 214, 216, 218], "excluded_lines": [], "executed_branches": [], "missing_branches": [[184, 185], [184, 187], [188, 189], [188, 192], [205, 206], [205, 212], [206, 205], [206, 207], [208, 206], [208, 209], [213, 214], [213, 216]]}, "geodesic_distance_correlation": {"executed_lines": [], "summary": {"covered_lines": 0, "num_statements": 16, "percent_covered": 0.0, "percent_covered_display": "0.00", "missing_lines": 16, "excluded_lines": 0, "num_branches": 6, "num_partial_branches": 0, "covered_branches": 0, "missing_branches": 6}, "missing_lines": [249, 250, 253, 256, 259, 261, 262, 264, 267, 269, 270, 272, 275, 276, 278, 280], "excluded_lines": [], "executed_branches": [], "missing_branches": [[259, 261], [259, 264], [269, 270], [269, 272], [275, 276], [275, 278]]}, "stress": {"executed_lines": [], "summary": {"covered_lines": 0, "num_statements": 7, "percent_covered": 0.0, "percent_covered_display": "0.00", "missing_lines": 7, "excluded_lines": 0, "num_branches": 2, "num_partial_branches": 0, "covered_branches": 0, "missing_branches": 2}, "missing_lines": [302, 303, 306, 307, 309, 310, 312], "excluded_lines": [], "executed_branches": [], "missing_branches": [[309, 310], [309, 312]]}, "circular_structure_preservation": {"executed_lines": [], "summary": {"covered_lines": 0, "num_statements": 26, "percent_covered": 0.0, "percent_covered_display": "0.00", "missing_lines": 26, "excluded_lines": 0, "num_branches": 8, "num_partial_branches": 0, "covered_branches": 0, "missing_branches": 8}, "missing_lines": [335, 336, 338, 341, 342, 345, 348, 351, 354, 357, 358, 360, 361, 362, 363, 364, 366, 367, 368, 370, 376, 378, 379, 382, 383, 385], "excluded_lines": [], "executed_branches": [], "missing_branches": [[335, 336], [335, 338], [361, 362], [361, 370], [367, 361], [367, 368], [376, 378], [376, 385]]}, "procrustes_analysis": {"executed_lines": [], "summary": {"covered_lines": 0, "num_statements": 21, "percent_covered": 0.0, "percent_covered_display": "0.00", "missing_lines": 21, "excluded_lines": 0, "num_branches": 10, "num_partial_branches": 0, "covered_branches": 0, "missing_branches": 10}, "missing_lines": [417, 418, 421, 422, 425, 428, 431, 432, 434, 436, 437, 438, 439, 440, 442, 444, 446, 449, 452, 454, 460], "excluded_lines": [], "executed_branches": [], "missing_branches": [[417, 418], [417, 421], [434, 436], [434, 442], [438, 439], [438, 442], [442, 444], [442, 449], [444, 446], [444, 449]]}, "manifold_preservation_score": {"executed_lines": [], "summary": {"covered_lines": 0, "num_statements": 8, "percent_covered": 0.0, "percent_covered_display": "0.00", "missing_lines": 8, "excluded_lines": 0, "num_branches": 4, "num_partial_branches": 0, "covered_branches": 0, "missing_branches": 4}, "missing_lines": [491, 492, 500, 510, 511, 514, 516, 518], "excluded_lines": [], "executed_branches": [], "missing_branches": [[491, 492], [491, 500], [510, 511], [510, 514]]}, "circular_distance": {"executed_lines": [], "summary": {"covered_lines": 0, "num_statements": 2, "percent_covered": 0.0, "percent_covered_display": "0.00", "missing_lines": 2, "excluded_lines": 0, "num_branches": 0, "num_partial_branches": 0, "covered_branches": 0, "missing_branches": 0}, "missing_lines": [539, 540], "excluded_lines": [], "executed_branches": [], "missing_branches": []}, "circular_diff": {"executed_lines": [], "summary": {"covered_lines": 0, "num_statements": 2, "percent_covered": 0.0, "percent_covered_display": "0.00", "missing_lines": 2, "excluded_lines": 0, "num_branches": 0, "num_partial_branches": 0, "covered_branches": 0, "missing_branches": 0}, "missing_lines": [556, 558], "excluded_lines": [], "executed_branches": [], "missing_branches": []}, "extract_angles_from_embedding": {"executed_lines": [], "summary": {"covered_lines": 0, "num_statements": 5, "percent_covered": 0.0, "percent_covered_display": "0.00", "missing_lines": 5, "excluded_lines": 0, "num_branches": 2, "num_partial_branches": 0, "covered_branches": 0, "missing_branches": 2}, "missing_lines": [574, 575, 578, 581, 583], "excluded_lines": [], "executed_branches": [], "missing_branches": [[574, 575], [574, 578]]}, "find_optimal_circular_alignment": {"executed_lines": [], "summary": {"covered_lines": 0, "num_statements": 22, "percent_covered": 0.0, "percent_covered_display": "0.00", "missing_lines": 22, "excluded_lines": 0, "num_branches": 8, "num_partial_branches": 0, "covered_branches": 0, "missing_branches": 8}, "missing_lines": [615, 620, 621, 622, 625, 626, 627, 629, 630, 632, 635, 636, 640, 641, 642, 644, 645, 647, 648, 649, 650, 652], "excluded_lines": [], "executed_branches": [], "missing_branches": [[626, 627], [626, 629], [629, 630], [629, 652], [632, 635], [632, 644], [647, 629], [647, 648]]}, "find_optimal_circular_alignment.compute_mean_circular_distance": {"executed_lines": [], "summary": {"covered_lines": 0, "num_statements": 2, "percent_covered": 0.0, "percent_covered_display": "0.00", "missing_lines": 2, "excluded_lines": 0, "num_branches": 0, "num_partial_branches": 0, "covered_branches": 0, "missing_branches": 0}, "missing_lines": [617, 618], "excluded_lines": [], "executed_branches": [], "missing_branches": []}, "compute_circular_correlation": {"executed_lines": [], "summary": {"covered_lines": 0, "num_statements": 11, "percent_covered": 0.0, "percent_covered_display": "0.00", "missing_lines": 11, "excluded_lines": 0, "num_branches": 2, "num_partial_branches": 0, "covered_branches": 0, "missing_branches": 2}, "missing_lines": [673, 674, 677, 678, 681, 682, 685, 686, 690, 691, 693], "excluded_lines": [], "executed_branches": [], "missing_branches": [[690, 691], [690, 693]]}, "compute_reconstruction_error": {"executed_lines": [], "summary": {"covered_lines": 0, "num_statements": 15, "percent_covered": 0.0, "percent_covered_display": "0.00", "missing_lines": 15, "excluded_lines": 0, "num_branches": 6, "num_partial_branches": 0, "covered_branches": 0, "missing_branches": 6}, "missing_lines": [731, 733, 736, 744, 745, 746, 747, 750, 752, 760, 762, 767, 768, 772, 781], "excluded_lines": [], "executed_branches": [], "missing_branches": [[731, 733], [731, 760], [745, 746], [745, 747], [760, 762], [760, 781]]}, "compute_temporal_consistency": {"executed_lines": [], "summary": {"covered_lines": 0, "num_statements": 4, "percent_covered": 0.0, "percent_covered_display": "0.00", "missing_lines": 4, "excluded_lines": 0, "num_branches": 0, "num_partial_branches": 0, "covered_branches": 0, "missing_branches": 0}, "missing_lines": [807, 809, 818, 828], "excluded_lines": [], "executed_branches": [], "missing_branches": []}, "compute_embedding_alignment_metrics": {"executed_lines": [], "summary": {"covered_lines": 0, "num_statements": 16, "percent_covered": 0.0, "percent_covered_display": "0.00", "missing_lines": 16, "excluded_lines": 0, "num_branches": 6, "num_partial_branches": 0, "covered_branches": 0, "missing_branches": 6}, "missing_lines": [865, 874, 876, 879, 880, 881, 884, 885, 887, 888, 889, 893, 896, 897, 898, 900], "excluded_lines": [], "executed_branches": [], "missing_branches": [[874, 876], [874, 900], [879, 880], [879, 881], [887, 888], [887, 893]]}, "train_simple_decoder": {"executed_lines": [], "summary": {"covered_lines": 0, "num_statements": 19, "percent_covered": 0.0, "percent_covered_display": "0.00", "missing_lines": 19, "excluded_lines": 0, "num_branches": 6, "num_partial_branches": 0, "covered_branches": 0, "missing_branches": 6}, "missing_lines": [922, 923, 926, 927, 933, 934, 936, 938, 939, 942, 943, 945, 951, 953, 955, 956, 957, 960, 962], "excluded_lines": [], "executed_branches": [], "missing_branches": [[926, 927], [926, 933], [936, 938], [936, 951], [951, 953], [951, 960]]}, "train_simple_decoder.decoder": {"executed_lines": [], "summary": {"covered_lines": 0, "num_statements": 4, "percent_covered": 0.0, "percent_covered_display": "0.00", "missing_lines": 4, "excluded_lines": 0, "num_branches": 0, "num_partial_branches": 0, "covered_branches": 0, "missing_branches": 0}, "missing_lines": [946, 947, 948, 949], "excluded_lines": [], "executed_branches": [], "missing_branches": []}, "compute_embedding_quality": {"executed_lines": [], "summary": {"covered_lines": 0, "num_statements": 11, "percent_covered": 0.0, "percent_covered_display": "0.00", "missing_lines": 11, "excluded_lines": 0, "num_branches": 0, "num_partial_branches": 0, "covered_branches": 0, "missing_branches": 0}, "missing_lines": [996, 997, 1000, 1001, 1002, 1003, 1006, 1014, 1023, 1024, 1026], "excluded_lines": [], "executed_branches": [], "missing_branches": []}, "compute_decoding_accuracy": {"executed_lines": [], "summary": {"covered_lines": 0, "num_statements": 16, "percent_covered": 0.0, "percent_covered_display": "0.00", "missing_lines": 16, "excluded_lines": 0, "num_branches": 4, "num_partial_branches": 0, "covered_branches": 0, "missing_branches": 4}, "missing_lines": [1060, 1061, 1064, 1065, 1066, 1067, 1070, 1073, 1074, 1075, 1077, 1082, 1083, 1084, 1086, 1088], "excluded_lines": [], "executed_branches": [], "missing_branches": [[1074, 1075], [1074, 1077], [1083, 1084], [1083, 1086]]}, "manifold_reconstruction_score": {"executed_lines": [], "summary": {"covered_lines": 0, "num_statements": 13, "percent_covered": 0.0, "percent_covered_display": "0.00", "missing_lines": 13, "excluded_lines": 0, "num_branches": 2, "num_partial_branches": 0, "covered_branches": 0, "missing_branches": 2}, "missing_lines": [1122, 1123, 1130, 1139, 1140, 1143, 1148, 1149, 1152, 1153, 1158, 1161, 1167], "excluded_lines": [], "executed_branches": [], "missing_branches": [[1122, 1123], [1122, 1130]]}, "": {"executed_lines": [1, 15, 16, 17, 18, 19, 20, 23, 46, 105, 163, 221, 283, 315, 388, 463, 526, 543, 561, 586, 655, 696, 784, 831, 903, 965, 1033, 1095], "summary": {"covered_lines": 27, "num_statements": 27, "percent_covered": 100.0, "percent_covered_display": "100.00", "missing_lines": 0, "excluded_lines": 0, "num_branches": 0, "num_partial_branches": 0, "covered_branches": 0, "missing_branches": 0}, "missing_lines": [], "excluded_lines": [], "executed_branches": [], "missing_branches": []}}, "classes": {"": {"executed_lines": [1, 15, 16, 17, 18, 19, 20, 23, 46, 105, 163, 221, 283, 315, 388, 463, 526, 543, 561, 586, 655, 696, 784, 831, 903, 965, 1033, 1095], "summary": {"covered_lines": 27, "num_statements": 313, "percent_covered": 6.569343065693431, "percent_covered_display": "6.57", "missing_lines": 286, "excluded_lines": 0, "num_branches": 98, "num_partial_branches": 0, "covered_branches": 0, "missing_branches": 98}, "missing_lines": [39, 40, 42, 43, 77, 78, 80, 81, 82, 85, 86, 87, 90, 91, 92, 93, 96, 97, 98, 99, 100, 102, 126, 127, 129, 130, 131, 134, 135, 138, 139, 140, 143, 146, 147, 148, 149, 150, 151, 154, 155, 156, 158, 160, 184, 185, 187, 188, 189, 192, 193, 196, 197, 198, 201, 204, 205, 206, 207, 208, 209, 212, 213, 214, 216, 218, 249, 250, 253, 256, 259, 261, 262, 264, 267, 269, 270, 272, 275, 276, 278, 280, 302, 303, 306, 307, 309, 310, 312, 335, 336, 338, 341, 342, 345, 348, 351, 354, 357, 358, 360, 361, 362, 363, 364, 366, 367, 368, 370, 376, 378, 379, 382, 383, 385, 417, 418, 421, 422, 425, 428, 431, 432, 434, 436, 437, 438, 439, 440, 442, 444, 446, 449, 452, 454, 460, 491, 492, 500, 510, 511, 514, 516, 518, 539, 540, 556, 558, 574, 575, 578, 581, 583, 615, 617, 618, 620, 621, 622, 625, 626, 627, 629, 630, 632, 635, 636, 640, 641, 642, 644, 645, 647, 648, 649, 650, 652, 673, 674, 677, 678, 681, 682, 685, 686, 690, 691, 693, 731, 733, 736, 744, 745, 746, 747, 750, 752, 760, 762, 767, 768, 772, 781, 807, 809, 818, 828, 865, 874, 876, 879, 880, 881, 884, 885, 887, 888, 889, 893, 896, 897, 898, 900, 922, 923, 926, 927, 933, 934, 936, 938, 939, 942, 943, 945, 946, 947, 948, 949, 951, 953, 955, 956, 957, 960, 962, 996, 997, 1000, 1001, 1002, 1003, 1006, 1014, 1023, 1024, 1026, 1060, 1061, 1064, 1065, 1066, 1067, 1070, 1073, 1074, 1075, 1077, 1082, 1083, 1084, 1086, 1088, 1122, 1123, 1130, 1139, 1140, 1143, 1148, 1149, 1152, 1153, 1158, 1161, 1167], "excluded_lines": [], "executed_branches": [], "missing_branches": [[39, 40], [39, 42], [77, 78], [77, 80], [81, 82], [81, 85], [97, 98], [97, 102], [126, 127], [126, 129], [130, 131], [130, 134], [147, 148], [147, 154], [148, 147], [148, 149], [150, 148], [150, 151], [155, 156], [155, 158], [184, 185], [184, 187], [188, 189], [188, 192], [205, 206], [205, 212], [206, 205], [206, 207], [208, 206], [208, 209], [213, 214], [213, 216], [259, 261], [259, 264], [269, 270], [269, 272], [275, 276], [275, 278], [309, 310], [309, 312], [335, 336], [335, 338], [361, 362], [361, 370], [367, 361], [367, 368], [376, 378], [376, 385], [417, 418], [417, 421], [434, 436], [434, 442], [438, 439], [438, 442], [442, 444], [442, 449], [444, 446], [444, 449], [491, 492], [491, 500], [510, 511], [510, 514], [574, 575], [574, 578], [626, 627], [626, 629], [629, 630], [629, 652], [632, 635], [632, 644], [647, 629], [647, 648], [690, 691], [690, 693], [731, 733], [731, 760], [745, 746], [745, 747], [760, 762], [760, 781], [874, 876], [874, 900], [879, 880], [879, 881], [887, 888], [887, 893], [926, 927], [926, 933], [936, 938], [936, 951], [951, 953], [951, 960], [1074, 1075], [1074, 1077], [1083, 1084], [1083, 1086], [1122, 1123], [1122, 1130]]}}}, "src/driada/dim_reduction/mvu.py": {"executed_lines": [1, 2, 3, 5, 6, 7, 13, 15, 52, 148], "summary": {"covered_lines": 10, "num_statements": 68, "percent_covered": 11.11111111111111, "percent_covered_display": "11.11", "missing_lines": 58, "excluded_lines": 0, "num_branches": 22, "num_partial_branches": 0, "covered_branches": 0, "missing_branches": 22}, "missing_lines": [8, 9, 10, 37, 38, 43, 44, 45, 46, 47, 48, 49, 50, 61, 64, 67, 68, 71, 74, 75, 77, 78, 79, 86, 88, 90, 92, 94, 97, 98, 101, 102, 104, 106, 107, 108, 109, 116, 117, 124, 125, 126, 127, 128, 137, 139, 146, 158, 161, 164, 167, 173, 174, 177, 178, 181, 182, 184], "excluded_lines": [], "executed_branches": [], "missing_branches": [[37, 38], [37, 43], [77, 78], [77, 86], [78, 77], [78, 79], [101, 102], [101, 116], [106, 107], [106, 116], [107, 106], [107, 108], [108, 107], [108, 109], [116, 117], [116, 137], [125, 126], [125, 137], [126, 125], [126, 127], [127, 126], [127, 128]], "functions": {"MaximumVarianceUnfolding.__init__": {"executed_lines": [], "summary": {"covered_lines": 0, "num_statements": 10, "percent_covered": 0.0, "percent_covered_display": "0.00", "missing_lines": 10, "excluded_lines": 0, "num_branches": 2, "num_partial_branches": 0, "covered_branches": 0, "missing_branches": 2}, "missing_lines": [37, 38, 43, 44, 45, 46, 47, 48, 49, 50], "excluded_lines": [], "executed_branches": [], "missing_branches": [[37, 38], [37, 43]]}, "MaximumVarianceUnfolding.fit": {"executed_lines": [], "summary": {"covered_lines": 0, "num_statements": 34, "percent_covered": 0.0, "percent_covered_display": "0.00", "missing_lines": 34, "excluded_lines": 0, "num_branches": 20, "num_partial_branches": 0, "covered_branches": 0, "missing_branches": 20}, "missing_lines": [61, 64, 67, 68, 71, 74, 75, 77, 78, 79, 86, 88, 90, 92, 94, 97, 98, 101, 102, 104, 106, 107, 108, 109, 116, 117, 124, 125, 126, 127, 128, 137, 139, 146], "excluded_lines": [], "executed_branches": [], "missing_branches": [[77, 78], [77, 86], [78, 77], [78, 79], [101, 102], [101, 116], [106, 107], [106, 116], [107, 106], [107, 108], [108, 107], [108, 109], [116, 117], [116, 137], [125, 126], [125, 137], [126, 125], [126, 127], [127, 126], [127, 128]]}, "MaximumVarianceUnfolding.fit_transform": {"executed_lines": [], "summary": {"covered_lines": 0, "num_statements": 11, "percent_covered": 0.0, "percent_covered_display": "0.00", "missing_lines": 11, "excluded_lines": 0, "num_branches": 0, "num_partial_branches": 0, "covered_branches": 0, "missing_branches": 0}, "missing_lines": [158, 161, 164, 167, 173, 174, 177, 178, 181, 182, 184], "excluded_lines": [], "executed_branches": [], "missing_branches": []}, "": {"executed_lines": [1, 2, 3, 5, 6, 7, 13, 15, 52, 148], "summary": {"covered_lines": 10, "num_statements": 13, "percent_covered": 76.92307692307692, "percent_covered_display": "76.92", "missing_lines": 3, "excluded_lines": 0, "num_branches": 0, "num_partial_branches": 0, "covered_branches": 0, "missing_branches": 0}, "missing_lines": [8, 9, 10], "excluded_lines": [], "executed_branches": [], "missing_branches": []}}, "classes": {"MaximumVarianceUnfolding": {"executed_lines": [], "summary": {"covered_lines": 0, "num_statements": 55, "percent_covered": 0.0, "percent_covered_display": "0.00", "missing_lines": 55, "excluded_lines": 0, "num_branches": 22, "num_partial_branches": 0, "covered_branches": 0, "missing_branches": 22}, "missing_lines": [37, 38, 43, 44, 45, 46, 47, 48, 49, 50, 61, 64, 67, 68, 71, 74, 75, 77, 78, 79, 86, 88, 90, 92, 94, 97, 98, 101, 102, 104, 106, 107, 108, 109, 116, 117, 124, 125, 126, 127, 128, 137, 139, 146, 158, 161, 164, 167, 173, 174, 177, 178, 181, 182, 184], "excluded_lines": [], "executed_branches": [], "missing_branches": [[37, 38], [37, 43], [77, 78], [77, 86], [78, 77], [78, 79], [101, 102], [101, 116], [106, 107], [106, 116], [107, 106], [107, 108], [108, 107], [108, 109], [116, 117], [116, 137], [125, 126], [125, 137], [126, 125], [126, 127], [127, 126], [127, 128]]}, "": {"executed_lines": [1, 2, 3, 5, 6, 7, 13, 15, 52, 148], "summary": {"covered_lines": 10, "num_statements": 13, "percent_covered": 76.92307692307692, "percent_covered_display": "76.92", "missing_lines": 3, "excluded_lines": 0, "num_branches": 0, "num_partial_branches": 0, "covered_branches": 0, "missing_branches": 0}, "missing_lines": [8, 9, 10], "excluded_lines": [], "executed_branches": [], "missing_branches": []}}}, "src/driada/dim_reduction/neural.py": {"executed_lines": [1, 4, 5, 6, 7, 8, 9, 10, 18, 20, 44, 58, 59, 61, 85, 96, 98, 122, 135, 137, 159, 164, 170, 172, 202, 212, 229, 237, 243, 244, 246, 251, 254], "summary": {"covered_lines": 31, "num_statements": 131, "percent_covered": 20.64516129032258, "percent_covered_display": "20.65", "missing_lines": 100, "excluded_lines": 0, "num_branches": 24, "num_partial_branches": 1, "covered_branches": 1, "missing_branches": 23}, "missing_lines": [12, 13, 14, 15, 21, 22, 24, 27, 31, 32, 33, 35, 37, 39, 40, 42, 45, 46, 49, 51, 52, 55, 62, 63, 65, 68, 72, 73, 74, 76, 78, 80, 81, 83, 86, 87, 90, 92, 93, 99, 100, 102, 105, 109, 110, 111, 113, 115, 117, 118, 120, 123, 124, 128, 129, 130, 132, 138, 140, 147, 154, 155, 156, 157, 160, 161, 162, 165, 166, 167, 181, 184, 191, 198, 199, 200, 207, 208, 209, 210, 213, 216, 219, 220, 224, 227, 231, 234, 235, 239, 240, 248, 249, 252, 255, 256, 258, 260, 261, 263], "excluded_lines": [], "executed_branches": [[4, 5]], "missing_branches": [[4, 12], [31, 32], [31, 37], [32, 33], [32, 35], [39, 40], [39, 42], [72, 73], [72, 78], [73, 74], [73, 76], [80, 81], [80, 83], [109, 110], [109, 115], [110, 111], [110, 113], [117, 118], [117, 120], [255, 256], [255, 258], [260, 261], [260, 263]], "functions": {"Encoder.__init__": {"executed_lines": [], "summary": {"covered_lines": 0, "num_statements": 12, "percent_covered": 0.0, "percent_covered_display": "0.00", "missing_lines": 12, "excluded_lines": 0, "num_branches": 6, "num_partial_branches": 0, "covered_branches": 0, "missing_branches": 6}, "missing_lines": [21, 22, 24, 27, 31, 32, 33, 35, 37, 39, 40, 42], "excluded_lines": [], "executed_branches": [], "missing_branches": [[31, 32], [31, 37], [32, 33], [32, 35], [39, 40], [39, 42]]}, "Encoder.forward": {"executed_lines": [], "summary": {"covered_lines": 0, "num_statements": 6, "percent_covered": 0.0, "percent_covered_display": "0.00", "missing_lines": 6, "excluded_lines": 0, "num_branches": 0, "num_partial_branches": 0, "covered_branches": 0, "missing_branches": 0}, "missing_lines": [45, 46, 49, 51, 52, 55], "excluded_lines": [], "executed_branches": [], "missing_branches": []}, "VAEEncoder.__init__": {"executed_lines": [], "summary": {"covered_lines": 0, "num_statements": 12, "percent_covered": 0.0, "percent_covered_display": "0.00", "missing_lines": 12, "excluded_lines": 0, "num_branches": 6, "num_partial_branches": 0, "covered_branches": 0, "missing_branches": 6}, "missing_lines": [62, 63, 65, 68, 72, 73, 74, 76, 78, 80, 81, 83], "excluded_lines": [], "executed_branches": [], "missing_branches": [[72, 73], [72, 78], [73, 74], [73, 76], [80, 81], [80, 83]]}, "VAEEncoder.forward": {"executed_lines": [], "summary": {"covered_lines": 0, "num_statements": 5, "percent_covered": 0.0, "percent_covered_display": "0.00", "missing_lines": 5, "excluded_lines": 0, "num_branches": 0, "num_partial_branches": 0, "covered_branches": 0, "missing_branches": 0}, "missing_lines": [86, 87, 90, 92, 93], "excluded_lines": [], "executed_branches": [], "missing_branches": []}, "Decoder.__init__": {"executed_lines": [], "summary": {"covered_lines": 0, "num_statements": 12, "percent_covered": 0.0, "percent_covered_display": "0.00", "missing_lines": 12, "excluded_lines": 0, "num_branches": 6, "num_partial_branches": 0, "covered_branches": 0, "missing_branches": 6}, "missing_lines": [99, 100, 102, 105, 109, 110, 111, 113, 115, 117, 118, 120], "excluded_lines": [], "executed_branches": [], "missing_branches": [[109, 110], [109, 115], [110, 111], [110, 113], [117, 118], [117, 120]]}, "Decoder.forward": {"executed_lines": [], "summary": {"covered_lines": 0, "num_statements": 6, "percent_covered": 0.0, "percent_covered_display": "0.00", "missing_lines": 6, "excluded_lines": 0, "num_branches": 0, "num_partial_branches": 0, "covered_branches": 0, "missing_branches": 0}, "missing_lines": [123, 124, 128, 129, 130, 132], "excluded_lines": [], "executed_branches": [], "missing_branches": []}, "AE.__init__": {"executed_lines": [], "summary": {"covered_lines": 0, "num_statements": 7, "percent_covered": 0.0, "percent_covered_display": "0.00", "missing_lines": 7, "excluded_lines": 0, "num_branches": 0, "num_partial_branches": 0, "covered_branches": 0, "missing_branches": 0}, "missing_lines": [138, 140, 147, 154, 155, 156, 157], "excluded_lines": [], "executed_branches": [], "missing_branches": []}, "AE.forward": {"executed_lines": [], "summary": {"covered_lines": 0, "num_statements": 3, "percent_covered": 0.0, "percent_covered_display": "0.00", "missing_lines": 3, "excluded_lines": 0, "num_branches": 0, "num_partial_branches": 0, "covered_branches": 0, "missing_branches": 0}, "missing_lines": [160, 161, 162], "excluded_lines": [], "executed_branches": [], "missing_branches": []}, "AE.get_code_embedding": {"executed_lines": [], "summary": {"covered_lines": 0, "num_statements": 3, "percent_covered": 0.0, "percent_covered_display": "0.00", "missing_lines": 3, "excluded_lines": 0, "num_branches": 0, "num_partial_branches": 0, "covered_branches": 0, "missing_branches": 0}, "missing_lines": [165, 166, 167], "excluded_lines": [], "executed_branches": [], "missing_branches": []}, "VAE.__init__": {"executed_lines": [], "summary": {"covered_lines": 0, "num_statements": 6, "percent_covered": 0.0, "percent_covered_display": "0.00", "missing_lines": 6, "excluded_lines": 0, "num_branches": 0, "num_partial_branches": 0, "covered_branches": 0, "missing_branches": 0}, "missing_lines": [181, 184, 191, 198, 199, 200], "excluded_lines": [], "executed_branches": [], "missing_branches": []}, "VAE.reparameterization": {"executed_lines": [], "summary": {"covered_lines": 0, "num_statements": 4, "percent_covered": 0.0, "percent_covered_display": "0.00", "missing_lines": 4, "excluded_lines": 0, "num_branches": 0, "num_partial_branches": 0, "covered_branches": 0, "missing_branches": 0}, "missing_lines": [207, 208, 209, 210], "excluded_lines": [], "executed_branches": [], "missing_branches": []}, "VAE.get_code": {"executed_lines": [], "summary": {"covered_lines": 0, "num_statements": 6, "percent_covered": 0.0, "percent_covered_display": "0.00", "missing_lines": 6, "excluded_lines": 0, "num_branches": 0, "num_partial_branches": 0, "covered_branches": 0, "missing_branches": 0}, "missing_lines": [213, 216, 219, 220, 224, 227], "excluded_lines": [], "executed_branches": [], "missing_branches": []}, "VAE.forward": {"executed_lines": [], "summary": {"covered_lines": 0, "num_statements": 3, "percent_covered": 0.0, "percent_covered_display": "0.00", "missing_lines": 3, "excluded_lines": 0, "num_branches": 0, "num_partial_branches": 0, "covered_branches": 0, "missing_branches": 0}, "missing_lines": [231, 234, 235], "excluded_lines": [], "executed_branches": [], "missing_branches": []}, "VAE.get_code_embedding": {"executed_lines": [], "summary": {"covered_lines": 0, "num_statements": 2, "percent_covered": 0.0, "percent_covered_display": "0.00", "missing_lines": 2, "excluded_lines": 0, "num_branches": 0, "num_partial_branches": 0, "covered_branches": 0, "missing_branches": 0}, "missing_lines": [239, 240], "excluded_lines": [], "executed_branches": [], "missing_branches": []}, "NeuroDataset.__init__": {"executed_lines": [], "summary": {"covered_lines": 0, "num_statements": 2, "percent_covered": 0.0, "percent_covered_display": "0.00", "missing_lines": 2, "excluded_lines": 0, "num_branches": 0, "num_partial_branches": 0, "covered_branches": 0, "missing_branches": 0}, "missing_lines": [248, 249], "excluded_lines": [], "executed_branches": [], "missing_branches": []}, "NeuroDataset.__len__": {"executed_lines": [], "summary": {"covered_lines": 0, "num_statements": 1, "percent_covered": 0.0, "percent_covered_display": "0.00", "missing_lines": 1, "excluded_lines": 0, "num_branches": 0, "num_partial_branches": 0, "covered_branches": 0, "missing_branches": 0}, "missing_lines": [252], "excluded_lines": [], "executed_branches": [], "missing_branches": []}, "NeuroDataset.__getitem__": {"executed_lines": [], "summary": {"covered_lines": 0, "num_statements": 6, "percent_covered": 0.0, "percent_covered_display": "0.00", "missing_lines": 6, "excluded_lines": 0, "num_branches": 4, "num_partial_branches": 0, "covered_branches": 0, "missing_branches": 4}, "missing_lines": [255, 256, 258, 260, 261, 263], "excluded_lines": [], "executed_branches": [], "missing_branches": [[255, 256], [255, 258], [260, 261], [260, 263]]}, "": {"executed_lines": [1, 4, 5, 6, 7, 8, 9, 10, 18, 20, 44, 58, 59, 61, 85, 96, 98, 122, 135, 137, 159, 164, 170, 172, 202, 212, 229, 237, 243, 244, 246, 251, 254], "summary": {"covered_lines": 31, "num_statements": 35, "percent_covered": 86.48648648648648, "percent_covered_display": "86.49", "missing_lines": 4, "excluded_lines": 0, "num_branches": 2, "num_partial_branches": 1, "covered_branches": 1, "missing_branches": 1}, "missing_lines": [12, 13, 14, 15], "excluded_lines": [], "executed_branches": [[4, 5]], "missing_branches": [[4, 12]]}}, "classes": {"Encoder": {"executed_lines": [], "summary": {"covered_lines": 0, "num_statements": 18, "percent_covered": 0.0, "percent_covered_display": "0.00", "missing_lines": 18, "excluded_lines": 0, "num_branches": 6, "num_partial_branches": 0, "covered_branches": 0, "missing_branches": 6}, "missing_lines": [21, 22, 24, 27, 31, 32, 33, 35, 37, 39, 40, 42, 45, 46, 49, 51, 52, 55], "excluded_lines": [], "executed_branches": [], "missing_branches": [[31, 32], [31, 37], [32, 33], [32, 35], [39, 40], [39, 42]]}, "VAEEncoder": {"executed_lines": [], "summary": {"covered_lines": 0, "num_statements": 17, "percent_covered": 0.0, "percent_covered_display": "0.00", "missing_lines": 17, "excluded_lines": 0, "num_branches": 6, "num_partial_branches": 0, "covered_branches": 0, "missing_branches": 6}, "missing_lines": [62, 63, 65, 68, 72, 73, 74, 76, 78, 80, 81, 83, 86, 87, 90, 92, 93], "excluded_lines": [], "executed_branches": [], "missing_branches": [[72, 73], [72, 78], [73, 74], [73, 76], [80, 81], [80, 83]]}, "Decoder": {"executed_lines": [], "summary": {"covered_lines": 0, "num_statements": 18, "percent_covered": 0.0, "percent_covered_display": "0.00", "missing_lines": 
[...]
s": [], "summary": {"covered_lines": 0, "num_statements": 12, "percent_covered": 0.0, "percent_covered_display": "0.00", "missing_lines": 12, "excluded_lines": 0, "num_branches": 2, "num_partial_branches": 0, "covered_branches": 0, "missing_branches": 2}, "missing_lines": [256, 257, 258, 261, 263, 264, 267, 268, 269, 270, 272, 274], "excluded_lines": [], "executed_branches": [], "missing_branches": [[263, 264], [263, 267]]}, "compute_grid_score": {"executed_lines": [], "summary": {"covered_lines": 0, "num_statements": 19, "percent_covered": 0.0, "percent_covered_display": "0.00", "missing_lines": 19, "excluded_lines": 0, "num_branches": 6, "num_partial_branches": 0, "covered_branches": 0, "missing_branches": 6}, "missing_lines": [300, 301, 302, 305, 307, 310, 311, 314, 317, 319, 320, 323, 324, 326, 327, 328, 329, 332, 336], "excluded_lines": [], "executed_branches": [], "missing_branches": [[317, 319], [317, 323], [319, 320], [319, 323], [326, 327], [326, 332]]}, "compute_spatial_decoding_accuracy": {"executed_lines": [], "summary": {"covered_lines": 0, "num_statements": 15, "percent_covered": 0.0, "percent_covered_display": "0.00", "missing_lines": 15, "excluded_lines": 0, "num_branches": 4, "num_partial_branches": 0, "covered_branches": 0, "missing_branches": 4}, "missing_lines": [380, 381, 386, 387, 390, 395, 403, 404, 407, 408, 409, 411, 418, 419, 421], "excluded_lines": [], "executed_branches": [], "missing_branches": [[380, 381], [380, 386], [418, 419], [418, 421]]}, "compute_spatial_information": {"executed_lines": [], "summary": {"covered_lines": 0, "num_statements": 29, "percent_covered": 0.0, "percent_covered_display": "0.00", "missing_lines": 29, "excluded_lines": 0, "num_branches": 14, "num_partial_branches": 0, "covered_branches": 0, "missing_branches": 14}, "missing_lines": [450, 451, 452, 455, 459, 461, 463, 464, 465, 466, 467, 468, 471, 472, 473, 474, 476, 479, 480, 481, 482, 484, 486, 487, 489, 490, 491, 492, 494], "excluded_lines": [], "executed_branches": [], "missing_branches": [[450, 451], [450, 461], [451, 452], [451, 455], [463, 464], [463, 471], [464, 465], [464, 466], [471, 472], [471, 476], [486, 487], [486, 494], [490, 491], [490, 492]]}, "filter_by_speed": {"executed_lines": [], "summary": {"covered_lines": 0, "num_statements": 14, "percent_covered": 0.0, "percent_covered_display": "0.00", "missing_lines": 14, "excluded_lines": 0, "num_branches": 6, "num_partial_branches": 0, "covered_branches": 0, "missing_branches": 6}, "missing_lines": [522, 525, 526, 529, 530, 533, 536, 539, 540, 541, 542, 544, 546, 548], "excluded_lines": [], "executed_branches": [], "missing_branches": [[529, 530], [529, 533], [540, 541], [540, 546], [541, 542], [541, 544]]}, "filter_by_direction": {"executed_lines": [], "summary": {"covered_lines": 0, "num_statements": 15, "percent_covered": 0.0, "percent_covered_display": "0.00", "missing_lines": 15, "excluded_lines": 0, "num_branches": 6, "num_partial_branches": 0, "covered_branches": 0, "missing_branches": 6}, "missing_lines": [576, 579, 580, 583, 586, 587, 588, 591, 594, 595, 596, 597, 599, 601, 603], "excluded_lines": [], "executed_branches": [], "missing_branches": [[587, 588], [587, 591], [595, 596], [595, 601], [596, 597], [596, 599]]}, "analyze_spatial_coding": {"executed_lines": [], "summary": {"covered_lines": 0, "num_statements": 24, "percent_covered": 0.0, "percent_covered_display": "0.00", "missing_lines": 24, "excluded_lines": 0, "num_branches": 8, "num_partial_branches": 0, "covered_branches": 0, "missing_branches": 8}, "missing_lines": [652, 653, 656, 657, 661, 662, 663, 666, 670, 678, 680, 683, 686, 692, 695, 696, 699, 700, 703, 707, 712, 719, 720, 725], "excluded_lines": [], "executed_branches": [], "missing_branches": [[652, 653], [652, 656], [656, 657], [656, 666], [678, 680], [678, 703], [719, 720], [719, 725]]}, "compute_spatial_metrics": {"executed_lines": [], "summary": {"covered_lines": 0, "num_statements": 16, "percent_covered": 0.0, "percent_covered_display": "0.00", "missing_lines": 16, "excluded_lines": 0, "num_branches": 12, "num_partial_branches": 0, "covered_branches": 0, "missing_branches": 12}, "missing_lines": [754, 755, 757, 759, 760, 764, 765, 769, 770, 772, 773, 774, 776, 777, 778, 780], "excluded_lines": [], "executed_branches": [], "missing_branches": [[754, 755], [754, 757], [759, 760], [759, 764], [764, 765], [764, 769], [769, 770], [769, 780], [772, 773], [772, 776], [776, 777], [776, 780]]}, "": {"executed_lines": [1, 17, 18, 19, 20, 21, 22, 23, 25, 28, 96, 165, 235, 277, 339, 424, 497, 551, 606, 728], "summary": {"covered_lines": 19, "num_statements": 19, "percent_covered": 100.0, "percent_covered_display": "100.00", "missing_lines": 0, "excluded_lines": 0, "num_branches": 0, "num_partial_branches": 0, "covered_branches": 0, "missing_branches": 0}, "missing_lines": [], "excluded_lines": [], "executed_branches": [], "missing_branches": []}}, "classes": {"": {"executed_lines": [1, 17, 18, 19, 20, 21, 22, 23, 25, 28, 96, 165, 235, 277, 339, 424, 497, 551, 606, 728], "summary": {"covered_lines": 19, "num_statements": 213, "percent_covered": 6.620209059233449, "percent_covered_display": "6.62", "missing_lines": 194, "excluded_lines": 0, "num_branches": 74, "num_partial_branches": 0, "covered_branches": 0, "missing_branches": 74}, "missing_lines": [60, 61, 64, 65, 66, 68, 69, 75, 76, 79, 87, 88, 91, 93, 129, 135, 138, 141, 144, 145, 146, 149, 151, 152, 154, 155, 158, 159, 160, 162, 195, 196, 199, 200, 202, 204, 205, 206, 208, 209, 211, 212, 214, 215, 218, 219, 220, 221, 223, 232, 256, 257, 258, 261, 263, 264, 267, 268, 269, 270, 272, 274, 300, 301, 302, 305, 307, 310, 311, 314, 317, 319, 320, 323, 324, 326, 327, 328, 329, 332, 336, 380, 381, 386, 387, 390, 395, 403, 404, 407, 408, 409, 411, 418, 419, 421, 450, 451, 452, 455, 459, 461, 463, 464, 465, 466, 467, 468, 471, 472, 473, 474, 476, 479, 480, 481, 482, 484, 486, 487, 489, 490, 491, 492, 494, 522, 525, 526, 529, 530, 533, 536, 539, 540, 541, 542, 544, 546, 548, 576, 579, 580, 583, 586, 587, 588, 591, 594, 595, 596, 597, 599, 601, 603, 652, 653, 656, 657, 661, 662, 663, 666, 670, 678, 680, 683, 686, 692, 695, 696, 699, 700, 703, 707, 712, 719, 720, 725, 754, 755, 757, 759, 760, 764, 765, 769, 770, 772, 773, 774, 776, 777, 778, 780], "excluded_lines": [], "executed_branches": [], "missing_branches": [[60, 61], [60, 64], [64, 65], [64, 75], [87, 88], [87, 91], [149, 151], [149, 162], [152, 154], [152, 162], [204, 205], [204, 232], [208, 209], [208, 211], [214, 215], [214, 218], [263, 264], [263, 267], [317, 319], [317, 323], [319, 320], [319, 323], [326, 327], [326, 332], [380, 381], [380, 386], [418, 419], [418, 421], [450, 451], [450, 461], [451, 452], [451, 455], [463, 464], [463, 471], [464, 465], [464, 466], [471, 472], [471, 476], [486, 487], [486, 494], [490, 491], [490, 492], [529, 530], [529, 533], [540, 541], [540, 546], [541, 542], [541, 544], [587, 588], [587, 591], [595, 596], [595, 601], [596, 597], [596, 599], [652, 653], [652, 656], [656, 657], [656, 666], [678, 680], [678, 703], [719, 720], [719, 725], [754, 755], [754, 757], [759, 760], [759, 764], [764, 765], [764, 769], [769, 770], [769, 780], [772, 773], [772, 776], [776, 777], [776, 780]]}}}, "src/driada/utils/visual.py": {"executed_lines": [1, 9, 10, 11, 12, 13, 16, 19, 273, 408, 549, 688, 781], "summary": {"covered_lines": 12, "num_statements": 283, "percent_covered": 2.8776978417266186, "percent_covered_display": "2.88", "missing_lines": 271, "excluded_lines": 0, "num_branches": 134, "num_partial_branches": 0, "covered_branches": 0, "missing_branches": 134}, "missing_lines": [63, 64, 66, 67, 70, 71, 74, 75, 78, 79, 82, 83, 85, 95, 97, 98, 99, 101, 104, 106, 107, 109, 111, 123, 127, 128, 131, 132, 133, 134, 135, 136, 137, 138, 139, 140, 141, 143, 145, 146, 147, 148, 151, 153, 154, 156, 166, 171, 172, 173, 174, 175, 184, 186, 187, 188, 189, 192, 193, 196, 205, 206, 210, 211, 212, 213, 216, 217, 230, 241, 253, 254, 255, 256, 257, 258, 261, 262, 263, 264, 267, 268, 270, 304, 305, 307, 309, 310, 312, 315, 316, 318, 328, 330, 331, 332, 334, 335, 338, 347, 348, 350, 351, 352, 353, 355, 356, 369, 380, 392, 393, 394, 395, 396, 397, 399, 400, 402, 403, 405, 448, 449, 451, 453, 454, 456, 458, 459, 460, 462, 465, 466, 467, 469, 472, 475, 476, 478, 481, 484, 485, 486, 487, 488, 489, 491, 493, 494, 495, 496, 497, 500, 501, 502, 503, 514, 517, 518, 521, 522, 523, 526, 537, 541, 543, 544, 546, 591, 592, 595, 596, 597, 598, 599, 600, 602, 604, 605, 606, 608, 609, 610, 613, 614, 616, 617, 619, 620, 621, 622, 623, 626, 627, 628, 629, 631, 634, 635, 636, 637, 638, 640, 642, 645, 656, 657, 658, 659, 660, 661, 662, 663, 665, 666, 667, 668, 671, 672, 673, 674, 676, 678, 679, 681, 718, 720, 735, 737, 738, 741, 744, 747, 748, 749, 757, 758, 759, 762, 772, 773, 775, 776, 778, 811, 813, 815, 816, 817, 819, 820, 822, 823, 824, 826, 827, 828, 831, 834, 838, 839, 840, 843, 844, 847, 848, 850, 852, 853, 855, 856, 858], "excluded_lines": [], "executed_branches": [], "missing_branches": [[63, 64], [63, 66], [70, 71], [70, 74], [78, 79], [78, 82], [82, 83], [82, 85], [97, 98], [97, 261], [98, 99], [98, 101], [106, 107], [106, 143], [131, 132], [131, 145], [153, 154], [153, 184], [171, 172], [171, 186], [173, 174], [173, 186], [192, 97], [192, 193], [210, 211], [210, 230], [211, 210], [211, 212], [216, 210], [216, 217], [262, 263], [262, 264], [267, 268], [267, 270], [304, 305], [304, 307], [309, 310], [309, 312], [315, 316], [315, 318], [330, 331], [330, 399], [331, 332], [331, 334], [350, 351], [350, 369], [351, 350], [351, 352], [355, 350], [355, 356], [402, 403], [402, 405], [448, 449], [448, 451], [453, 454], [453, 456], [458, 459], [458, 537], [459, 460], [459, 462], [466, 467], [466, 469], [484, 485], [484, 486], [486, 487], [486, 488], [488, 489], [488, 491], [500, 501], [500, 514], [501, 500], [501, 502], [517, 458], [517, 518], [521, 458], [521, 522], [543, 544], [543, 546], [591, 592], [591, 595], [596, 597], [596, 608], [597, 598], [597, 599], [599, 600], [599, 602], [604, 596], [604, 605], [605, 604], [605, 606], [608, 609], [608, 613], [616, 617], [616, 619], [620, 621], [620, 622], [622, 623], [622, 626], [626, 627], [626, 671], [634, 635], [634, 636], [636, 637], [636, 642], [637, 638], [637, 640], [657, 658], [657, 665], [659, 660], [659, 662], [660, 659], [660, 661], [662, 663], [662, 665], [671, 672], [671, 676], [678, 679], [678, 681], [718, 720], [718, 735], [747, 748], [747, 757], [775, 776], [775, 778], [813, 815], [813, 819], [819, 820], [819, 822], [823, 824], [823, 826], [827, 828], [827, 852], [855, 856], [855, 858]], "functions": {"plot_embedding_comparison": {"executed_lines": [], "summary": {"covered_lines": 0, "num_statements": 83, "percent_covered": 0.0, "percent_covered_display": "0.00", "missing_lines": 83, "excluded_lines": 0, "num_branches": 34, "num_partial_branches": 0, "covered_branches": 0, "missing_branches": 34}, "missing_lines": [63, 64, 66, 67, 70, 71, 74, 75, 78, 79, 82, 83, 85, 95, 97, 98, 99, 101, 104, 106, 107, 109, 111, 123, 127, 128, 131, 132, 133, 134, 135, 136, 137, 138, 139, 140, 141, 143, 145, 146, 147, 148, 151, 153, 154, 156, 166, 171, 172, 173, 174, 175, 184, 186, 187, 188, 189, 192, 193, 196, 205, 206, 210, 211, 212, 213, 216, 217, 230, 241, 253, 254, 255, 256, 257, 258, 261, 262, 263, 264, 267, 268, 270], "excluded_lines": [], "executed_branches": [], "missing_branches": [[63, 64], [63, 66], [70, 71], [70, 74], [78, 79], [78, 82], [82, 83], [82, 85], [97, 98], [97, 261], [98, 99], [98, 101], [106, 107], [106, 143], [131, 132], [131, 145], [153, 154], [153, 184], [171, 172], [171, 186], [173, 174], [173, 186], [192, 97], [192, 193], [210, 211], [210, 230], [211, 210], [211, 212], [216, 210], [216, 217], [262, 263], [262, 264], [267, 268], [267, 270]]}, "plot_trajectories": {"executed_lines": [], "summary": {"covered_lines": 0, "num_statements": 37, "percent_covered": 0.0, "percent_covered_display": "0.00", "missing_lines": 37, "excluded_lines": 0, "num_branches": 18, "num_partial_branches": 0, "covered_branches": 0, "missing_branches": 18}, "missing_lines": [304, 305, 307, 309, 310, 312, 315, 316, 318, 328, 330, 331, 332, 334, 335, 338, 347, 348, 350, 351, 352, 353, 355, 356, 369, 380, 392, 393, 394, 395, 396, 397, 399, 400, 402, 403, 405], "excluded_lines": [], "executed_branches": [], "missing_branches": [[304, 305], [304, 307], [309, 310], [309, 312], [315, 316], [315, 318], [330, 331], [330, 399], [331, 332], [331, 334], [350, 351], [350, 369], [351, 350], [351, 352], [355, 350], [355, 356], [402, 403], [402, 405]]}, "plot_component_interpretation": {"executed_lines": [], "summary": {"covered_lines": 0, "num_statements": 47, "percent_covered": 0.0, "percent_covered_display": "0.00", "missing_lines": 47, "excluded_lines": 0, "num_branches": 26, "num_partial_branches": 0, "covered_branches": 0, "missing_branches": 26}, "missing_lines": [448, 449, 451, 453, 454, 456, 458, 459, 460, 462, 465, 466, 467, 469, 472, 475, 476, 478, 481, 484, 485, 486, 487, 488, 489, 491, 493, 494, 495, 496, 497, 500, 501, 502, 503, 514, 517, 518, 521, 522, 523, 526, 537, 541, 543, 544, 546], "excluded_lines": [], "executed_branches": [], "missing_branches": [[448, 449], [448, 451], [453, 454], [453, 456], [458, 459], [458, 537], [459, 460], [459, 462], [466, 467], [466, 469], [484, 485], [484, 486], [486, 487], [486, 488], [488, 489], [488, 491], [500, 501], [500, 514], [501, 500], [501, 502], [517, 458], [517, 518], [521, 458], [521, 522], [543, 544], [543, 546]]}, "plot_embeddings_grid": {"executed_lines": [], "summary": {"covered_lines": 0, "num_statements": 57, "percent_covered": 0.0, "percent_covered_display": "0.00", "missing_lines": 57, "excluded_lines": 0, "num_branches": 40, "num_partial_branches": 0, "covered_branches": 0, "missing_branches": 40}, "missing_lines": [591, 592, 595, 596, 597, 598, 599, 600, 602, 604, 605, 606, 608, 609, 610, 613, 614, 616, 617, 619, 620, 621, 622, 623, 626, 627, 628, 629, 631, 634, 635, 636, 637, 638, 640, 642, 645, 656, 657, 658, 659, 660, 661, 662, 663, 665, 666, 667, 668, 671, 672, 673, 674, 676, 678, 679, 681], "excluded_lines": [], "executed_branches": [], "missing_branches": [[591, 592], [591, 595], [596, 597], [596, 608], [597, 598], [597, 599], [599, 600], [599, 602], [604, 596], [604, 605], [605, 604], [605, 606], [608, 609], [608, 613], [616, 617], [616, 619], [620, 621], [620, 622], [622, 623], [622, 626], [626, 627], [626, 671], [634, 635], [634, 636], [636, 637], [636, 642], [637, 638], [637, 640], [657, 658], [657, 665], [659, 660], [659, 662], [660, 659], [660, 661], [662, 663], [662, 665], [671, 672], [671, 676], [678, 679], [678, 681]]}, "plot_neuron_selectivity_summary": {"executed_lines": [], "summary": {"covered_lines": 0, "num_statements": 19, "percent_covered": 0.0, "percent_covered_display": "0.00", "missing_lines": 19, "excluded_lines": 0, "num_branches": 6, "num_partial_branches": 0, "covered_branches": 0, "missing_branches": 6}, "missing_lines": [718, 720, 735, 737, 738, 741, 744, 747, 748, 749, 757, 758, 759, 762, 772, 773, 775, 776, 778], "excluded_lines": [], "executed_branches": [], "missing_branches": [[718, 720], [718, 735], [747, 748], [747, 757], [775, 776], [775, 778]]}, "plot_component_selectivity_heatmap": {"executed_lines": [], "summary": {"covered_lines": 0, "num_statements": 28, "percent_covered": 0.0, "percent_covered_display": "0.00", "missing_lines": 28, "excluded_lines": 0, "num_branches": 10, "num_partial_branches": 0, "covered_branches": 0, "missing_branches": 10}, "missing_lines": [811, 813, 815, 816, 817, 819, 820, 822, 823, 824, 826, 827, 828, 831, 834, 838, 839, 840, 843, 844, 847, 848, 850, 852, 853, 855, 856, 858], "excluded_lines": [], "executed_branches": [], "missing_branches": [[813, 815], [813, 819], [819, 820], [819, 822], [823, 824], [823, 826], [827, 828], [827, 852], [855, 856], [855, 858]]}, "": {"executed_lines": [1, 9, 10, 11, 12, 13, 16, 19, 273, 408, 549, 688, 781], "summary": {"covered_lines": 12, "num_statements": 12, "percent_covered": 100.0, "percent_covered_display": "100.00", "missing_lines": 0, "excluded_lines": 0, "num_branches": 0, "num_partial_branches": 0, "covered_branches": 0, "missing_branches": 0}, "missing_lines": [], "excluded_lines": [], "executed_branches": [], "missing_branches": []}}, "classes": {"": {"executed_lines": [1, 9, 10, 11, 12, 13, 16, 19, 273, 408, 549, 688, 781], "summary": {"covered_lines": 12, "num_statements": 283, "percent_covered": 2.8776978417266186, "percent_covered_display": "2.88", "missing_lines": 271, "excluded_lines": 0, "num_branches": 134, "num_partial_branches": 0, "covered_branches": 0, "missing_branches": 134}, "missing_lines": [63, 64, 66, 67, 70, 71, 74, 75, 78, 79, 82, 83, 85, 95, 97, 98, 99, 101, 104, 106, 107, 109, 111, 123, 127, 128, 131, 132, 133, 134, 135, 136, 137, 138, 139, 140, 141, 143, 145, 146, 147, 148, 151, 153, 154, 156, 166, 171, 172, 173, 174, 175, 184, 186, 187, 188, 189, 192, 193, 196, 205, 206, 210, 211, 212, 213, 216, 217, 230, 241, 253, 254, 255, 256, 257, 258, 261, 262, 263, 264, 267, 268, 270, 304, 305, 307, 309, 310, 312, 315, 316, 318, 328, 330, 331, 332, 334, 335, 338, 347, 348, 350, 351, 352, 353, 355, 356, 369, 380, 392, 393, 394, 395, 396, 397, 399, 400, 402, 403, 405, 448, 449, 451, 453, 454, 456, 458, 459, 460, 462, 465, 466, 467, 469, 472, 475, 476, 478, 481, 484, 485, 486, 487, 488, 489, 491, 493, 494, 495, 496, 497, 500, 501, 502, 503, 514, 517, 518, 521, 522, 523, 526, 537, 541, 543, 544, 546, 591, 592, 595, 596, 597, 598, 599, 600, 602, 604, 605, 606, 608, 609, 610, 613, 614, 616, 617, 619, 620, 621, 622, 623, 626, 627, 628, 629, 631, 634, 635, 636, 637, 638, 640, 642, 645, 656, 657, 658, 659, 660, 661, 662, 663, 665, 666, 667, 668, 671, 672, 673, 674, 676, 678, 679, 681, 718, 720, 735, 737, 738, 741, 744, 747, 748, 749, 757, 758, 759, 762, 772, 773, 775, 776, 778, 811, 813, 815, 816, 817, 819, 820, 822, 823, 824, 826, 827, 828, 831, 834, 838, 839, 840, 843, 844, 847, 848, 850, 852, 853, 855, 856, 858], "excluded_lines": [], "executed_branches": [], "missing_branches": [[63, 64], [63, 66], [70, 71], [70, 74], [78, 79], [78, 82], [82, 83], [82, 85], [97, 98], [97, 261], [98, 99], [98, 101], [106, 107], [106, 143], [131, 132], [131, 145], [153, 154], [153, 184], [171, 172], [171, 186], [173, 174], [173, 186], [192, 97], [192, 193], [210, 211], [210, 230], [211, 210], [211, 212], [216, 210], [216, 217], [262, 263], [262, 264], [267, 268], [267, 270], [304, 305], [304, 307], [309, 310], [309, 312], [315, 316], [315, 318], [330, 331], [330, 399], [331, 332], [331, 334], [350, 351], [350, 369], [351, 350], [351, 352], [355, 350], [355, 356], [402, 403], [402, 405], [448, 449], [448, 451], [453, 454], [453, 456], [458, 459], [458, 537], [459, 460], [459, 462], [466, 467], [466, 469], [484, 485], [484, 486], [486, 487], [486, 488], [488, 489], [488, 491], [500, 501], [500, 514], [501, 500], [501, 502], [517, 458], [517, 518], [521, 458], [521, 522], [543, 544], [543, 546], [591, 592], [591, 595], [596, 597], [596, 608], [597, 598], [597, 599], [599, 600], [599, 602], [604, 596], [604, 605], [605, 604], [605, 606], [608, 609], [608, 613], [616, 617], [616, 619], [620, 621], [620, 622], [622, 623], [622, 626], [626, 627], [626, 671], [634, 635], [634, 636], [636, 637], [636, 642], [637, 638], [637, 640], [657, 658], [657, 665], [659, 660], [659, 662], [660, 659], [660, 661], [662, 663], [662, 665], [671, 672], [671, 676], [678, 679], [678, 681], [718, 720], [718, 735], [747, 748], [747, 757], [775, 776], [775, 778], [813, 815], [813, 819], [819, 820], [819, 822], [823, 824], [823, 826], [827, 828], [827, 852], [855, 856], [855, 858]]}}}}, "totals": {"covered_lines": 3171, "num_statements": 8882, "percent_covered": 33.02627363024671, "percent_covered_display": "33.03", "missing_lines": 5711, "excluded_lines": 21, "num_branches": 3602, "num_partial_branches": 304, "covered_branches": 952, "missing_branches": 2650}}