{"meta": {"format": 3, "version": "7.9.2", "timestamp": "2025-08-05T12:47:41.869459", "branch_coverage": true, "show_contexts": false}, "files": {"src/driada/dim_reduction/data.py": {"executed_lines": [2, 3, 4, 6, 7, 8, 9, 12, 21, 22, 26, 58, 66, 88, 135, 227, 235, 240], "summary": {"covered_lines": 17, "num_statements": 112, "percent_covered": 10.493827160493828, "percent_covered_display": "10.49", "missing_lines": 95, "excluded_lines": 0, "num_branches": 50, "num_partial_branches": 0, "covered_branches": 0, "missing_branches": 50}, "missing_lines": [13, 14, 15, 16, 17, 18, 34, 35, 37, 39, 42, 43, 44, 45, 47, 48, 49, 51, 52, 54, 56, 59, 60, 62, 64, 81, 82, 85, 86, 103, 106, 107, 108, 109, 110, 111, 112, 113, 115, 116, 118, 120, 121, 123, 124, 127, 128, 130, 132, 133, 169, 171, 172, 173, 174, 175, 176, 177, 180, 181, 182, 183, 185, 186, 188, 189, 191, 192, 193, 194, 196, 197, 200, 202, 203, 206, 209, 210, 212, 218, 219, 220, 221, 223, 225, 228, 229, 231, 233, 236, 237, 238, 241, 242, 243], "excluded_lines": [], "executed_branches": [], "missing_branches": [[14, -12], [14, 15], [34, 35], [34, 37], [43, 44], [43, 47], [44, 45], [44, 47], [51, 52], [51, 54], [81, 82], [81, 85], [106, 107], [106, 109], [109, 110], [109, 112], [112, 113], [112, 123], [115, 116], [115, 118], [120, 121], [120, 127], [127, 128], [127, 130], [169, 171], [169, 176], [176, 177], [176, 180], [180, 181], [180, 185], [182, 183], [182, 185], [188, 189], [188, 191], [192, 193], [192, 202], [193, 194], [193, 196], [196, 197], [196, 200], [202, 203], [202, 206], [209, 210], [209, 223], [218, 219], [218, 221], [219, 218], [219, 220], [228, 229], [228, 231]], "functions": {"check_data_for_errors": {"executed_lines": [], "summary": {"covered_lines": 0, "num_statements": 6, "percent_covered": 0.0, "percent_covered_display": "0.00", "missing_lines": 6, "excluded_lines": 0, "num_branches": 2, "num_partial_branches": 0, "covered_branches": 0, "missing_branches": 2}, "missing_lines": [13, 14, 15, 16, 17, 18], "excluded_lines": [], "executed_branches": [], "missing_branches": [[14, -12], [14, 15]]}, "MVData.__init__": {"executed_lines": [], "summary": {"covered_lines": 0, "num_statements": 15, "percent_covered": 0.0, "percent_covered_display": "0.00", "missing_lines": 15, "excluded_lines": 0, "num_branches": 8, "num_partial_branches": 0, "covered_branches": 0, "missing_branches": 8}, "missing_lines": [34, 35, 37, 39, 42, 43, 44, 45, 47, 48, 49, 51, 52, 54, 56], "excluded_lines": [], "executed_branches": [], "missing_branches": [[34, 35], [34, 37], [43, 44], [43, 47], [44, 45], [44, 47], [51, 52], [51, 54]]}, "MVData.median_filter": {"executed_lines": [], "summary": {"covered_lines": 0, "num_statements": 4, "percent_covered": 0.0, "percent_covered_display": "0.00", "missing_lines": 4, "excluded_lines": 0, "num_branches": 0, "num_partial_branches": 0, "covered_branches": 0, "missing_branches": 0}, "missing_lines": [59, 60, 62, 64], "excluded_lines": [], "executed_branches": [], "missing_branches": []}, "MVData.corr_mat": {"executed_lines": [], "summary": {"covered_lines": 0, "num_statements": 4, "percent_covered": 0.0, "percent_covered_display": "0.00", "missing_lines": 4, "excluded_lines": 0, "num_branches": 2, "num_partial_branches": 0, "covered_branches": 0, "missing_branches": 2}, "missing_lines": [81, 82, 85, 86], "excluded_lines": [], "executed_branches": [], "missing_branches": [[81, 82], [81, 85]]}, "MVData.get_distmat": {"executed_lines": [], "summary": {"covered_lines": 0, "num_statements": 21, "percent_covered": 0.0, "percent_covered_display": "0.00", "missing_lines": 21, "excluded_lines": 0, "num_branches": 12, "num_partial_branches": 0, "covered_branches": 0, "missing_branches": 12}, "missing_lines": [103, 106, 107, 108, 109, 110, 111, 112, 113, 115, 116, 118, 120, 121, 123, 124, 127, 128, 130, 132, 133], "excluded_lines": [], "executed_branches": [], "missing_branches": [[106, 107], [106, 109], [109, 110], [109, 112], [112, 113], [112, 123], [115, 116], [115, 118], [120, 121], [120, 127], [127, 128], [127, 130]]}, "MVData.get_embedding": {"executed_lines": [], "summary": {"covered_lines": 0, "num_statements": 35, "percent_covered": 0.0, "percent_covered_display": "0.00", "missing_lines": 35, "excluded_lines": 0, "num_branches": 24, "num_partial_branches": 0, "covered_branches": 0, "missing_branches": 24}, "missing_lines": [169, 171, 172, 173, 174, 175, 176, 177, 180, 181, 182, 183, 185, 186, 188, 189, 191, 192, 193, 194, 196, 197, 200, 202, 203, 206, 209, 210, 212, 218, 219, 220, 221, 223, 225], "excluded_lines": [], "executed_branches": [], "missing_branches": [[169, 171], [169, 176], [176, 177], [176, 180], [180, 181], [180, 185], [182, 183], [182, 185], [188, 189], [188, 191], [192, 193], [192, 202], [193, 194], [193, 196], [196, 197], [196, 200], [202, 203], [202, 206], [209, 210], [209, 223], [218, 219], [218, 221], [219, 218], [219, 220]]}, "MVData.get_proximity_graph": {"executed_lines": [], "summary": {"covered_lines": 0, "num_statements": 4, "percent_covered": 0.0, "percent_covered_display": "0.00", "missing_lines": 4, "excluded_lines": 0, "num_branches": 2, "num_partial_branches": 0, "covered_branches": 0, "missing_branches": 2}, "missing_lines": [228, 229, 231, 233], "excluded_lines": [], "executed_branches": [], "missing_branches": [[228, 229], [228, 231]]}, "MVData.draw_vector": {"executed_lines": [], "summary": {"covered_lines": 0, "num_statements": 3, "percent_covered": 0.0, "percent_covered_display": "0.00", "missing_lines": 3, "excluded_lines": 0, "num_branches": 0, "num_partial_branches": 0, "covered_branches": 0, "missing_branches": 0}, "missing_lines": [236, 237, 238], "excluded_lines": [], "executed_branches": [], "missing_branches": []}, "MVData.draw_row": {"executed_lines": [], "summary": {"covered_lines": 0, "num_statements": 3, "percent_covered": 0.0, "percent_covered_display": "0.00", "missing_lines": 3, "excluded_lines": 0, "num_branches": 0, "num_partial_branches": 0, "covered_branches": 0, "missing_branches": 0}, "missing_lines": [241, 242, 243], "excluded_lines": [], "executed_branches": [], "missing_branches": []}, "": {"executed_lines": [2, 3, 4, 6, 7, 8, 9, 12, 21, 22, 26, 58, 66, 88, 135, 227, 235, 240], "summary": {"covered_lines": 17, "num_statements": 17, "percent_covered": 100.0, "percent_covered_display": "100.00", "missing_lines": 0, "excluded_lines": 0, "num_branches": 0, "num_partial_branches": 0, "covered_branches": 0, "missing_branches": 0}, "missing_lines": [], "excluded_lines": [], "executed_branches": [], "missing_branches": []}}, "classes": {"MVData": {"executed_lines": [], "summary": {"covered_lines": 0, "num_statements": 89, "percent_covered": 0.0, "percent_covered_display": "0.00", "missing_lines": 89, "excluded_lines": 0, "num_branches": 48, "num_partial_branches": 0, "covered_branches": 0, "missing_branches": 48}, "missing_lines": [34, 35, 37, 39, 42, 43, 44, 45, 47, 48, 49, 51, 52, 54, 56, 59, 60, 62, 64, 81, 82, 85, 86, 103, 106, 107, 108, 109, 110, 111, 112, 113, 115, 116, 118, 120, 121, 123, 124, 127, 128, 130, 132, 133, 169, 171, 172, 173, 174, 175, 176, 177, 180, 181, 182, 183, 185, 186, 188, 189, 191, 192, 193, 194, 196, 197, 200, 202, 203, 206, 209, 210, 212, 218, 219, 220, 221, 223, 225, 228, 229, 231, 233, 236, 237, 238, 241, 242, 243], "excluded_lines": [], "executed_branches": [], "missing_branches": [[34, 35], [34, 37], [43, 44], [43, 47], [44, 45], [44, 47], [51, 52], [51, 54], [81, 82], [81, 85], [106, 107], [106, 109], [109, 110], [109, 112], [112, 113], [112, 123], [115, 116], [115, 118], [120, 121], [120, 127], [127, 128], [127, 130], [169, 171], [169, 176], [176, 177], [176, 180], [180, 181], [180, 185], [182, 183], [182, 185], [188, 189], [188, 191], [192, 193], [192, 202], [193, 194], [193, 196], [196, 197], [196, 200], [202, 203], [202, 206], [209, 210], [209, 223], [218, 219], [218, 221], [219, 218], [219, 220], [228, 229], [228, 231]]}, "": {"executed_lines": [2, 3, 4, 6, 7, 8, 9, 12, 21, 22, 26, 58, 66, 88, 135, 227, 235, 240], "summary": {"covered_lines": 17, "num_statements": 23, "percent_covered": 68.0, "percent_covered_display": "68.00", "missing_lines": 6, "excluded_lines": 0, "num_branches": 2, "num_partial_branches": 0, "covered_branches": 0, "missing_branches": 2}, "missing_lines": [13, 14, 15, 16, 17, 18], "excluded_lines": [], "executed_branches": [], "missing_branches": [[14, -12], [14, 15]]}}}, "src/driada/dim_reduction/dr_base.py": {"executed_lines": [1, 2, 3, 5, 6, 28, 31, 32, 33, 34, 35, 36, 37, 38, 42, 50, 55, 132, 134, 152, 176, 199, 216], "summary": {"covered_lines": 22, "num_statements": 80, "percent_covered": 17.741935483870968, "percent_covered_display": "17.74", "missing_lines": 58, "excluded_lines": 0, "num_branches": 44, "num_partial_branches": 0, "covered_branches": 0, "missing_branches": 44}, "missing_lines": [157, 158, 160, 161, 163, 164, 166, 168, 170, 171, 173, 181, 182, 184, 185, 187, 188, 190, 191, 193, 194, 196, 205, 207, 208, 210, 211, 213, 232, 233, 235, 238, 239, 240, 242, 243, 245, 246, 249, 251, 252, 253, 254, 255, 256, 259, 260, 262, 263, 265, 266, 267, 268, 269, 272, 275, 276, 278], "excluded_lines": [], "executed_branches": [], "missing_branches": [[160, 161], [160, 163], [163, 164], [163, 170], [164, 166], [164, 168], [170, 171], [170, 173], [184, 185], [184, 187], [187, 188], [187, 190], [190, 191], [190, 193], [193, 194], [193, 196], [207, 208], [207, 210], [210, 211], [210, 213], [232, 233], [232, 235], [245, 246], [245, 249], [249, 251], [249, 259], [251, 252], [251, 253], [253, 254], [253, 255], [255, 256], [255, 275], [259, 260], [259, 275], [260, 262], [260, 263], [263, 265], [263, 266], [266, 267], [266, 268], [268, 269], [268, 272], [275, 276], [275, 278]], "functions": {"DRMethod.__init__": {"executed_lines": [31, 32, 33, 34, 35, 36, 37, 38], "summary": {"covered_lines": 8, "num_statements": 8, "percent_covered": 100.0, "percent_covered_display": "100.00", "missing_lines": 0, "excluded_lines": 0, "num_branches": 0, "num_partial_branches": 0, "covered_branches": 0, "missing_branches": 0}, "missing_lines": [], "excluded_lines": [], "executed_branches": [], "missing_branches": []}, "m_param_filter": {"executed_lines": [], "summary": {"covered_lines": 0, "num_statements": 11, "percent_covered": 0.0, "percent_covered_display": "0.00", "missing_lines": 11, "excluded_lines": 0, "num_branches": 8, "num_partial_branches": 0, "covered_branches": 0, "missing_branches": 8}, "missing_lines": [157, 158, 160, 161, 163, 164, 166, 168, 170, 171, 173], "excluded_lines": [], "executed_branches": [], "missing_branches": [[160, 161], [160, 163], [163, 164], [163, 170], [164, 166], [164, 168], [170, 171], [170, 173]]}, "g_param_filter": {"executed_lines": [], "summary": {"covered_lines": 0, "num_statements": 11, "percent_covered": 0.0, "percent_covered_display": "0.00", "missing_lines": 11, "excluded_lines": 0, "num_branches": 8, "num_partial_branches": 0, "covered_branches": 0, "missing_branches": 8}, "missing_lines": [181, 182, 184, 185, 187, 188, 190, 191, 193, 194, 196], "excluded_lines": [], "executed_branches": [], "missing_branches": [[184, 185], [184, 187], [187, 188], [187, 190], [190, 191], [190, 193], [193, 194], [193, 196]]}, "e_param_filter": {"executed_lines": [], "summary": {"covered_lines": 0, "num_statements": 6, "percent_covered": 0.0, "percent_covered_display": "0.00", "missing_lines": 6, "excluded_lines": 0, "num_branches": 4, "num_partial_branches": 0, "covered_branches": 0, "missing_branches": 4}, "missing_lines": [205, 207, 208, 210, 211, 213], "excluded_lines": [], "executed_branches": [], "missing_branches": [[207, 208], [207, 210], [210, 211], [210, 213]]}, "merge_params_with_defaults": {"executed_lines": [], "summary": {"covered_lines": 0, "num_statements": 30, "percent_covered": 0.0, "percent_covered_display": "0.00", "missing_lines": 30, "excluded_lines": 0, "num_branches": 24, "num_partial_branches": 0, "covered_branches": 0, "missing_branches": 24}, "missing_lines": [232, 233, 235, 238, 239, 240, 242, 243, 245, 246, 249, 251, 252, 253, 254, 255, 256, 259, 260, 262, 263, 265, 266, 267, 268, 269, 272, 275, 276, 278], "excluded_lines": [], "executed_branches": [], "missing_branches": [[232, 233], [232, 235], [245, 246], [245, 249], [249, 251], [249, 259], [251, 252], [251, 253], [253, 254], [253, 255], [255, 256], [255, 275], [259, 260], [259, 275], [260, 262], [260, 263], [263, 265], [263, 266], [266, 267], [266, 268], [268, 269], [268, 272], [275, 276], [275, 278]]}, "": {"executed_lines": [1, 2, 3, 5, 6, 28, 42, 50, 55, 132, 134, 152, 176, 199, 216], "summary": {"covered_lines": 14, "num_statements": 14, "percent_covered": 100.0, "percent_covered_display": "100.00", "missing_lines": 0, "excluded_lines": 0, "num_branches": 0, "num_partial_branches": 0, "covered_branches": 0, "missing_branches": 0}, "missing_lines": [], "excluded_lines": [], "executed_branches": [], "missing_branches": []}}, "classes": {"DRMethod": {"executed_lines": [31, 32, 33, 34, 35, 36, 37, 38], "summary": {"covered_lines": 8, "num_statements": 8, "percent_covered": 100.0, "percent_covered_display": "100.00", "missing_lines": 0, "excluded_lines": 0, "num_branches": 0, "num_partial_branches": 0, "covered_branches": 0, "missing_branches": 0}, "missing_lines": [], "excluded_lines": [], "executed_branches": [], "missing_branches": []}, "": {"executed_lines": [1, 2, 3, 5, 6, 28, 42, 50, 55, 132, 134, 152, 176, 199, 216], "summary": {"covered_lines": 14, "num_statements": 72, "percent_covered": 12.068965517241379, "percent_covered_display": "12.07", "missing_lines": 58, "excluded_lines": 0, "num_branches": 44, "num_partial_branches": 0, "covered_branches": 0, "missing_branches": 44}, "missing_lines": [157, 158, 160, 161, 163, 164, 166, 168, 170, 171, 173, 181, 182, 184, 185, 187, 188, 190, 191, 193, 194, 196, 205, 207, 208, 210, 211, 213, 232, 233, 235, 238, 239, 240, 242, 243, 245, 246, 249, 251, 252, 253, 254, 255, 256, 259, 260, 262, 263, 265, 266, 267, 268, 269, 272, 275, 276, 278], "excluded_lines": [], "executed_branches": [], "missing_branches": [[160, 161], [160, 163], [163, 164], [163, 170], [164, 166], [164, 168], [170, 171], [170, 173], [184, 185], [184, 187], [187, 188], [187, 190], [190, 191], [190, 193], [193, 194], [193, 196], [207, 208], [207, 210], [210, 211], [210, 213], [232, 233], [232, 235], [245, 246], [245, 249], [249, 251], [249, 259], [251, 252], [251, 253], [253, 254], [253, 255], [255, 256], [255, 275], [259, 260], [259, 275], [260, 262], [260, 263], [263, 265], [263, 266], [266, 267], [266, 268], [268, 269], [268, 272], [275, 276], [275, 278]]}}}, "src/driada/dim_reduction/embedding.py": {"executed_lines": [2, 3, 4, 5, 7, 8, 13, 14, 15, 16, 20, 22, 24, 31, 39, 40, 44, 72, 84, 93, 102, 119, 128, 133, 140, 164, 175, 178, 197, 202, 210, 412, 518, 525], "summary": {"covered_lines": 33, "num_statements": 276, "percent_covered": 9.482758620689655, "percent_covered_display": "9.48", "missing_lines": 243, "excluded_lines": 0, "num_branches": 72, "num_partial_branches": 0, "covered_branches": 0, "missing_branches": 72}, "missing_lines": [17, 19, 25, 26, 27, 28, 32, 33, 34, 36, 45, 46, 47, 49, 51, 52, 53, 55, 56, 58, 59, 61, 62, 64, 65, 66, 67, 69, 70, 73, 74, 75, 77, 79, 80, 82, 85, 86, 88, 89, 90, 94, 95, 98, 99, 100, 104, 107, 109, 110, 113, 114, 116, 120, 124, 126, 129, 130, 131, 134, 137, 138, 141, 142, 143, 145, 146, 148, 150, 153, 155, 156, 158, 159, 160, 161, 162, 165, 166, 168, 170, 173, 176, 179, 180, 181, 182, 183, 185, 192, 194, 195, 198, 199, 200, 203, 204, 207, 208, 221, 222, 223, 226, 227, 228, 229, 232, 234, 235, 236, 238, 242, 243, 244, 245, 246, 249, 251, 254, 257, 259, 261, 263, 264, 266, 268, 276, 277, 278, 281, 282, 286, 289, 291, 292, 293, 295, 296, 297, 298, 301, 304, 305, 306, 308, 347, 349, 350, 351, 353, 354, 357, 360, 363, 366, 369, 372, 373, 374, 376, 377, 380, 382, 383, 384, 386, 387, 388, 390, 393, 394, 395, 396, 397, 398, 399, 401, 402, 403, 405, 406, 407, 408, 418, 419, 420, 424, 425, 426, 427, 431, 433, 436, 438, 440, 444, 448, 451, 453, 454, 455, 456, 457, 458, 461, 464, 465, 466, 469, 470, 472, 475, 478, 481, 482, 483, 486, 487, 488, 492, 494, 495, 496, 497, 498, 501, 502, 504, 505, 508, 509, 510, 512, 513, 514, 519, 520, 522, 523, 546, 548, 549, 553], "excluded_lines": [], "executed_branches": [], "missing_branches": [[45, 46], [45, 51], [46, 47], [46, 49], [52, 53], [52, 55], [58, 59], [58, 61], [69, -44], [69, 70], [73, 74], [73, 75], [77, 79], [77, 82], [79, 80], [79, 82], [85, 86], [85, 88], [107, 109], [107, 113], [155, 156], [155, 158], [232, 234], [232, 238], [235, 236], [235, 238], [238, 242], [238, 251], [242, 243], [242, 244], [244, 245], [244, 246], [295, 296], [295, 401], [297, 298], [297, 366], [349, 350], [349, 353], [353, 354], [353, 357], [369, 295], [369, 372], [373, 374], [373, 393], [382, 383], [382, 386], [386, 387], [386, 390], [394, 395], [394, 398], [398, 295], [398, 399], [401, 402], [401, 405], [402, 403], [402, 405], [433, 436], [433, 440], [453, 454], [453, 512], [457, 458], [457, 486], [492, 453], [492, 494], [495, 496], [495, 508], [509, 453], [509, 510], [519, 520], [519, 522], [548, 549], [548, 553]], "functions": {"norm_cross_corr": {"executed_lines": [], "summary": {"covered_lines": 0, "num_statements": 4, "percent_covered": 0.0, "percent_covered_display": "0.00", "missing_lines": 4, "excluded_lines": 0, "num_branches": 0, "num_partial_branches": 0, "covered_branches": 0, "missing_branches": 0}, "missing_lines": [25, 26, 27, 28], "excluded_lines": [], "executed_branches": [], "missing_branches": []}, "remove_outliers": {"executed_lines": [], "summary": {"covered_lines": 0, "num_statements": 4, "percent_covered": 0.0, "percent_covered_display": "0.00", "missing_lines": 4, "excluded_lines": 0, "num_branches": 0, "num_partial_branches": 0, "covered_branches": 0, "missing_branches": 0}, "missing_lines": [32, 33, 34, 36], "excluded_lines": [], "executed_branches": [], "missing_branches": []}, "Embedding.__init__": {"executed_lines": [], "summary": {"covered_lines": 0, "num_statements": 19, "percent_covered": 0.0, "percent_covered_display": "0.00", "missing_lines": 19, "excluded_lines": 0, "num_branches": 10, "num_partial_branches": 0, "covered_branches": 0, "missing_branches": 10}, "missing_lines": [45, 46, 47, 49, 51, 52, 53, 55, 56, 58, 59, 61, 62, 64, 65, 66, 67, 69, 70], "excluded_lines": [], "executed_branches": [], "missing_branches": [[45, 46], [45, 51], [46, 47], [46, 49], [52, 53], [52, 55], [58, 59], [58, 61], [69, -44], [69, 70]]}, "Embedding.build": {"executed_lines": [], "summary": {"covered_lines": 0, "num_statements": 7, "percent_covered": 0.0, "percent_covered_display": "0.00", "missing_lines": 7, "excluded_lines": 0, "num_branches": 6, "num_partial_branches": 0, "covered_branches": 0, "missing_branches": 6}, "missing_lines": [73, 74, 75, 77, 79, 80, 82], "excluded_lines": [], "executed_branches": [], "missing_branches": [[73, 74], [73, 75], [77, 79], [77, 82], [79, 80], [79, 82]]}, "Embedding.create_pca_embedding_": {"executed_lines": [], "summary": {"covered_lines": 0, "num_statements": 5, "percent_covered": 0.0, "percent_covered_display": "0.00", "missing_lines": 5, "excluded_lines": 0, "num_branches": 2, "num_partial_branches": 0, "covered_branches": 0, "missing_branches": 2}, "missing_lines": [85, 86, 88, 89, 90], "excluded_lines": [], "executed_branches": [], "missing_branches": [[85, 86], [85, 88]]}, "Embedding.create_isomap_embedding_": {"executed_lines": [], "summary": {"covered_lines": 0, "num_statements": 5, "percent_covered": 0.0, "percent_covered_display": "0.00", "missing_lines": 5, "excluded_lines": 0, "num_branches": 0, "num_partial_branches": 0, "covered_branches": 0, "missing_branches": 0}, "missing_lines": [94, 95, 98, 99, 100], "excluded_lines": [], "executed_branches": [], "missing_branches": []}, "Embedding.create_mds_embedding_": {"executed_lines": [], "summary": {"covered_lines": 0, "num_statements": 7, "percent_covered": 0.0, "percent_covered_display": "0.00", "missing_lines": 7, "excluded_lines": 0, "num_branches": 2, "num_partial_branches": 0, "covered_branches": 0, "missing_branches": 2}, "missing_lines": [104, 107, 109, 110, 113, 114, 116], "excluded_lines": [], "executed_branches": [], "missing_branches": [[107, 109], [107, 113]]}, "Embedding.create_mvu_embedding_": {"executed_lines": [], "summary": {"covered_lines": 0, "num_statements": 3, "percent_covered": 0.0, "percent_covered_display": "0.00", "missing_lines": 3, "excluded_lines": 0, "num_branches": 0, "num_partial_branches": 0, "covered_branches": 0, "missing_branches": 0}, "missing_lines": [120, 124, 126], "excluded_lines": [], "executed_branches": [], "missing_branches": []}, "Embedding.create_lle_embedding_": {"executed_lines": [], "summary": {"covered_lines": 0, "num_statements": 3, "percent_covered": 0.0, "percent_covered_display": "0.00", "missing_lines": 3, "excluded_lines": 0, "num_branches": 0, "num_partial_branches": 0, "covered_branches": 0, "missing_branches": 0}, "missing_lines": [129, 130, 131], "excluded_lines": [], "executed_branches": [], "missing_branches": []}, "Embedding.create_hlle_embedding_": {"executed_lines": [], "summary": {"covered_lines": 0, "num_statements": 3, "percent_covered": 0.0, "percent_covered_display": "0.00", "missing_lines": 3, "excluded_lines": 0, "num_branches": 0, "num_partial_branches": 0, "covered_branches": 0, "missing_branches": 0}, "missing_lines": [134, 137, 138], "excluded_lines": [], "executed_branches": [], "missing_branches": []}, "Embedding.create_le_embedding_": {"executed_lines": [], "summary": {"covered_lines": 0, "num_statements": 15, "percent_covered": 0.0, "percent_covered_display": "0.00", "missing_lines": 15, "excluded_lines": 0, "num_branches": 2, "num_partial_branches": 0, "covered_branches": 0, "missing_branches": 2}, "missing_lines": [141, 142, 143, 145, 146, 148, 150, 153, 155, 156, 158, 159, 160, 161, 162], "excluded_lines": [], "executed_branches": [], "missing_branches": [[155, 156], [155, 158]]}, "Embedding.create_auto_le_embedding_": {"executed_lines": [], "summary": {"covered_lines": 0, "num_statements": 5, "percent_covered": 0.0, "percent_covered_display": "0.00", "missing_lines": 5, "excluded_lines": 0, "num_branches": 0, "num_partial_branches": 0, "covered_branches": 0, "missing_branches": 0}, "missing_lines": [165, 166, 168, 170, 173], "excluded_lines": [], "executed_branches": [], "missing_branches": []}, "Embedding.create_dmaps_embedding_": {"executed_lines": [], "summary": {"covered_lines": 0, "num_statements": 1, "percent_covered": 0.0, "percent_covered_display": "0.00", "missing_lines": 1, "excluded_lines": 0, "num_branches": 0, "num_partial_branches": 0, "covered_branches": 0, "missing_branches": 0}, "missing_lines": [176], "excluded_lines": [], "executed_branches": [], "missing_branches": []}, "Embedding.create_auto_dmaps_embedding_": {"executed_lines": [], "summary": {"covered_lines": 0, "num_statements": 9, "percent_covered": 0.0, "percent_covered_display": "0.00", "missing_lines": 9, "excluded_lines": 0, "num_branches": 0, "num_partial_branches": 0, "covered_branches": 0, "missing_branches": 0}, "missing_lines": [179, 180, 181, 182, 183, 185, 192, 194, 195], "excluded_lines": [], "executed_branches": [], "missing_branches": []}, "Embedding.create_tsne_embedding_": {"executed_lines": [], "summary": {"covered_lines": 0, "num_statements": 3, "percent_covered": 0.0, "percent_covered_display": "0.00", "missing_lines": 3, "excluded_lines": 0, "num_branches": 0, "num_partial_branches": 0, "covered_branches": 0, "missing_branches": 0}, "missing_lines": [198, 199, 200], "excluded_lines": [], "executed_branches": [], "missing_branches": []}, "Embedding.create_umap_embedding_": {"executed_lines": [], "summary": {"covered_lines": 0, "num_statements": 4, "percent_covered": 0.0, "percent_covered_display": "0.00", "missing_lines": 4, "excluded_lines": 0, "num_branches": 0, "num_partial_branches": 0, "covered_branches": 0, "missing_branches": 0}, "missing_lines": [203, 204, 207, 208], "excluded_lines": [], "executed_branches": [], "missing_branches": []}, "Embedding.create_ae_embedding_": {"executed_lines": [], "summary": {"covered_lines": 0, "num_statements": 74, "percent_covered": 0.0, "percent_covered_display": "0.00", "missing_lines": 74, "excluded_lines": 0, "num_branches": 34, "num_partial_branches": 0, "covered_branches": 0, "missing_branches": 34}, "missing_lines": [221, 222, 223, 226, 227, 228, 229, 232, 234, 235, 236, 238, 242, 243, 244, 245, 246, 249, 251, 254, 257, 259, 268, 289, 291, 292, 293, 295, 296, 297, 298, 301, 304, 305, 306, 308, 347, 349, 350, 351, 353, 354, 357, 360, 363, 366, 369, 372, 373, 374, 376, 377, 380, 382, 383, 384, 386, 387, 388, 390, 393, 394, 395, 396, 397, 398, 399, 401, 402, 403, 405, 406, 407, 408], "excluded_lines": [], "executed_branches": [], "missing_branches": [[232, 234], [232, 238], [235, 236], [235, 238], [238, 242], [238, 251], [242, 243], [242, 244], [244, 245], [244, 246], [295, 296], [295, 401], [297, 298], [297, 366], [349, 350], [349, 353], [353, 354], [353, 357], [369, 295], [369, 372], [373, 374], [373, 393], [382, 383], [382, 386], [386, 387], [386, 390], [394, 395], [394, 398], [398, 295], [398, 399], [401, 402], [401, 405], [402, 403], [402, 405]]}, "Embedding.create_ae_embedding_.correlation_loss": {"executed_lines": [], "summary": {"covered_lines": 0, "num_statements": 4, "percent_covered": 0.0, "percent_covered_display": "0.00", "missing_lines": 4, "excluded_lines": 0, "num_branches": 0, "num_partial_branches": 0, "covered_branches": 0, "missing_branches": 0}, "missing_lines": [261, 263, 264, 266], "excluded_lines": [], "executed_branches": [], "missing_branches": []}, "Embedding.create_ae_embedding_.data_orthogonality_loss": {"executed_lines": [], "summary": {"covered_lines": 0, "num_statements": 6, "percent_covered": 0.0, "percent_covered_display": "0.00", "missing_lines": 6, "excluded_lines": 0, "num_branches": 0, "num_partial_branches": 0, "covered_branches": 0, "missing_branches": 0}, "missing_lines": [276, 277, 278, 281, 282, 286], "excluded_lines": [], "executed_branches": [], "missing_branches": []}, "Embedding.create_vae_embedding_": {"executed_lines": [], "summary": {"covered_lines": 0, "num_statements": 52, "percent_covered": 0.0, "percent_covered_display": "0.00", "missing_lines": 52, "excluded_lines": 0, "num_branches": 12, "num_partial_branches": 0, "covered_branches": 0, "missing_branches": 12}, "missing_lines": [418, 419, 420, 424, 425, 426, 427, 431, 433, 436, 438, 440, 444, 448, 451, 453, 454, 455, 456, 457, 458, 461, 464, 465, 466, 469, 470, 472, 475, 478, 481, 482, 483, 486, 487, 488, 492, 494, 495, 496, 497, 498, 501, 502, 504, 505, 508, 509, 510, 512, 513, 514], "excluded_lines": [], "executed_branches": [], "missing_branches": [[433, 436], [433, 440], [453, 454], [453, 512], [457, 458], [457, 486], [492, 453], [492, 494], [495, 496], [495, 508], [509, 453], [509, 510]]}, "Embedding.continue_learning": {"executed_lines": [], "summary": {"covered_lines": 0, "num_statements": 4, "percent_covered": 0.0, "percent_covered_display": "0.00", "missing_lines": 4, "excluded_lines": 0, "num_branches": 2, "num_partial_branches": 0, "covered_branches": 0, "missing_branches": 2}, "missing_lines": [519, 520, 522, 523], "excluded_lines": [], "executed_branches": [], "missing_branches": [[519, 520], [519, 522]]}, "Embedding.to_mvdata": {"executed_lines": [], "summary": {"covered_lines": 0, "num_statements": 4, "percent_covered": 0.0, "percent_covered_display": "0.00", "missing_lines": 4, "excluded_lines": 0, "num_branches": 2, "num_partial_branches": 0, "covered_branches": 0, "missing_branches": 2}, "missing_lines": [546, 548, 549, 553], "excluded_lines": [], "executed_branches": [], "missing_branches": [[548, 549], [548, 553]]}, "": {"executed_lines": [2, 3, 4, 5, 7, 8, 13, 14, 15, 16, 20, 22, 24, 31, 39, 40, 44, 72, 84, 93, 102, 119, 128, 133, 140, 164, 175, 178, 197, 202, 210, 412, 518, 525], "summary": {"covered_lines": 33, "num_statements": 35, "percent_covered": 94.28571428571429, "percent_covered_display": "94.29", "missing_lines": 2, "excluded_lines": 0, "num_branches": 0, "num_partial_branches": 0, "covered_branches": 0, "missing_branches": 0}, "missing_lines": [17, 19], "excluded_lines": [], "executed_branches": [], "missing_branches": []}}, "classes": {"Embedding": {"executed_lines": [], "summary": {"covered_lines": 0, "num_statements": 233, "percent_covered": 0.0, "percent_covered_display": "0.00", "missing_lines": 233, "excluded_lines": 0, "num_branches": 72, "num_partial_branches": 0, "covered_branches": 0, "missing_branches": 72}, "missing_lines": [45, 46, 47, 49, 51, 52, 53, 55, 56, 58, 59, 61, 62, 64, 65, 66, 67, 69, 70, 73, 74, 75, 77, 79, 80, 82, 85, 86, 88, 89, 90, 94, 95, 98, 99, 100, 104, 107, 109, 110, 113, 114, 116, 120, 124, 126, 129, 130, 131, 134, 137, 138, 141, 142, 143, 145, 146, 148, 150, 153, 155, 156, 158, 159, 160, 161, 162, 165, 166, 168, 170, 173, 176, 179, 180, 181, 182, 183, 185, 192, 194, 195, 198, 199, 200, 203, 204, 207, 208, 221, 222, 223, 226, 227, 228, 229, 232, 234, 235, 236, 238, 242, 243, 244, 245, 246, 249, 251, 254, 257, 259, 261, 263, 264, 266, 268, 276, 277, 278, 281, 282, 286, 289, 291, 292, 293, 295, 296, 297, 298, 301, 304, 305, 306, 308, 347, 349, 350, 351, 353, 354, 357, 360, 363, 366, 369, 372, 373, 374, 376, 377, 380, 382, 383, 384, 386, 387, 388, 390, 393, 394, 395, 396, 397, 398, 399, 401, 402, 403, 405, 406, 407, 408, 418, 419, 420, 424, 425, 426, 427, 431, 433, 436, 438, 440, 444, 448, 451, 453, 454, 455, 456, 457, 458, 461, 464, 465, 466, 469, 470, 472, 475, 478, 481, 482, 483, 486, 487, 488, 492, 494, 495, 496, 497, 498, 501, 502, 504, 505, 508, 509, 510, 512, 513, 514, 519, 520, 522, 523, 546, 548, 549, 553], "excluded_lines": [], "executed_branches": [], "missing_branches": [[45, 46], [45, 51], [46, 47], [46, 49], [52, 53], [52, 55], [58, 59], [58, 61], [69, -44], [69, 70], [73, 74], [73, 75], [77, 79], [77, 82], [79, 80], [79, 82], [85, 86], [85, 88], [107, 109], [107, 113], [155, 156], [155, 158], [232, 234], [232, 238], [235, 236], [235, 238], [238, 242], [238, 251], [242, 243], [242, 244], [244, 245], [244, 246], [295, 296], [295, 401], [297, 298], [297, 366], [349, 350], [349, 353], [353, 354], [353, 357], [369, 295], [369, 372], [373, 374], [373, 393], [382, 383], [382, 386], [386, 387], [386, 390], [394, 395], [394, 398], [398, 295], [398, 399], [401, 402], [401, 405], [402, 403], [402, 405], [433, 436], [433, 440], [453, 454], [453, 512], [457, 458], [457, 486], [492, 453], [492, 494], [495, 496], [495, 508], [509, 453], [509, 510], [519, 520], [519, 522], [548, 549], [548, 553]]}, "": {"executed_lines": [2, 3, 4, 5, 7, 8, 13, 14, 15, 16, 20, 22, 24, 31, 39, 40, 44, 72, 84, 93, 102, 119, 128, 133, 140, 164, 175, 178, 197, 202, 210, 412, 518, 525], "summary": {"covered_lines": 33, "num_statements": 43, "percent_covered": 76.74418604651163, "percent_covered_display": "76.74", "missing_lines": 10, "excluded_lines": 0, "num_branches": 0, "num_partial_branches": 0, "covered_branches": 0, "missing_branches": 0}, "missing_lines": [17, 19, 25, 26, 27, 28, 32, 33, 34, 36], "excluded_lines": [], "executed_branches": [], "missing_branches": []}}}, "src/driada/dim_reduction/graph.py": {"executed_lines": [3, 4, 5, 6, 7, 9, 11, 12, 13, 14, 15, 17, 20, 21, 25, 65, 81, 85, 98, 108, 142, 150, 191, 280], "summary": {"covered_lines": 23, "num_statements": 174, "percent_covered": 10.454545454545455, "percent_covered_display": "10.45", "missing_lines": 151, "excluded_lines": 0, "num_branches": 46, "num_partial_branches": 0, "covered_branches": 0, "missing_branches": 46}, "missing_lines": [26, 27, 28, 31, 32, 33, 35, 37, 39, 45, 46, 47, 48, 49, 51, 52, 54, 55, 56, 57, 59, 66, 67, 69, 70, 72, 73, 74, 75, 76, 77, 79, 82, 83, 86, 87, 89, 90, 91, 92, 93, 96, 99, 100, 105, 109, 110, 112, 114, 115, 122, 124, 125, 126, 128, 129, 130, 132, 135, 137, 138, 140, 143, 144, 145, 146, 147, 152, 158, 163, 164, 167, 168, 169, 171, 172, 175, 176, 179, 181, 184, 185, 186, 189, 193, 194, 195, 196, 197, 198, 199, 201, 203, 205, 208, 209, 211, 212, 214, 216, 217, 218, 219, 220, 222, 223, 224, 226, 227, 228, 229, 231, 232, 234, 235, 236, 238, 239, 240, 241, 242, 244, 247, 248, 250, 251, 252, 254, 255, 256, 257, 259, 260, 261, 263, 266, 267, 268, 269, 270, 272, 273, 274, 275, 276, 278, 281, 282, 283, 284, 286], "excluded_lines": [], "executed_branches": [], "missing_branches": [[32, 33], [32, 35], [48, 49], [48, 59], [51, 52], [51, 54], [66, 67], [66, 69], [69, 70], [69, 72], [72, -65], [72, 73], [86, 87], [86, 96], [87, 89], [87, 90], [109, 110], [109, 112], [137, 138], [137, 140], [168, 169], [168, 171], [171, 172], [171, 175], [179, 181], [179, 189], [194, 195], [194, 196], [196, 197], [196, 198], [198, 199], [198, 201], [211, 212], [211, 214], [216, 217], [216, 222], [222, 223], [222, 226], [250, 251], [250, 254], [255, 256], [255, 259], [267, 268], [267, 272], [283, 284], [283, 286]], "functions": {"ProximityGraph.__init__": {"executed_lines": [], "summary": {"covered_lines": 0, "num_statements": 21, "percent_covered": 0.0, "percent_covered_display": "0.00", "missing_lines": 21, "excluded_lines": 0, "num_branches": 6, "num_partial_branches": 0, "covered_branches": 0, "missing_branches": 6}, "missing_lines": [26, 27, 28, 31, 32, 33, 35, 37, 39, 45, 46, 47, 48, 49, 51, 52, 54, 55, 56, 57, 59], "excluded_lines": [], "executed_branches": [], "missing_branches": [[32, 33], [32, 35], [48, 49], [48, 59], [51, 52], [51, 54]]}, "ProximityGraph.distances_to_affinities": {"executed_lines": [], "summary": {"covered_lines": 0, "num_statements": 11, "percent_covered": 0.0, "percent_covered_display": "0.00", "missing_lines": 11, "excluded_lines": 0, "num_branches": 6, "num_partial_branches": 0, "covered_branches": 0, "missing_branches": 6}, "missing_lines": [66, 67, 69, 70, 72, 73, 74, 75, 76, 77, 79], "excluded_lines": [], "executed_branches": [], "missing_branches": [[66, 67], [66, 69], [69, 70], [69, 72], [72, -65], [72, 73]]}, "ProximityGraph.construct_adjacency": {"executed_lines": [], "summary": {"covered_lines": 0, "num_statements": 2, "percent_covered": 0.0, "percent_covered_display": "0.00", "missing_lines": 2, "excluded_lines": 0, "num_branches": 0, "num_partial_branches": 0, "covered_branches": 0, "missing_branches": 0}, "missing_lines": [82, 83], "excluded_lines": [], "executed_branches": [], "missing_branches": []}, "ProximityGraph._checkpoint": {"executed_lines": [], "summary": {"covered_lines": 0, "num_statements": 8, "percent_covered": 0.0, "percent_covered_display": "0.00", "missing_lines": 8, "excluded_lines": 0, "num_branches": 4, "num_partial_branches": 0, "covered_branches": 0, "missing_branches": 4}, "missing_lines": [86, 87, 89, 90, 91, 92, 93, 96], "excluded_lines": [], "executed_branches": [], "missing_branches": [[86, 87], [86, 96], [87, 89], [87, 90]]}, "ProximityGraph.create_umap_graph_": {"executed_lines": [], "summary": {"covered_lines": 0, "num_statements": 3, "percent_covered": 0.0, "percent_covered_display": "0.00", "missing_lines": 3, "excluded_lines": 0, "num_branches": 0, "num_partial_branches": 0, "covered_branches": 0, "missing_branches": 0}, "missing_lines": [99, 100, 105], "excluded_lines": [], "executed_branches": [], "missing_branches": []}, "ProximityGraph.create_knn_graph_": {"executed_lines": [], "summary": {"covered_lines": 0, "num_statements": 17, "percent_covered": 0.0, "percent_covered_display": "0.00", "missing_lines": 17, "excluded_lines": 0, "num_branches": 4, "num_partial_branches": 0, "covered_branches": 0, "missing_branches": 4}, "missing_lines": [109, 110, 112, 114, 115, 122, 124, 125, 126, 128, 129, 130, 132, 135, 137, 138, 140], "excluded_lines": [], "executed_branches": [], "missing_branches": [[109, 110], [109, 112], [137, 138], [137, 140]]}, "ProximityGraph.create_auto_knn_graph_": {"executed_lines": [], "summary": {"covered_lines": 0, "num_statements": 5, "percent_covered": 0.0, "percent_covered_display": "0.00", "missing_lines": 5, "excluded_lines": 0, "num_branches": 0, "num_partial_branches": 0, "covered_branches": 0, "missing_branches": 0}, "missing_lines": [143, 144, 145, 146, 147], "excluded_lines": [], "executed_branches": [], "missing_branches": []}, "ProximityGraph.create_eps_graph_": {"executed_lines": [], "summary": {"covered_lines": 0, "num_statements": 17, "percent_covered": 0.0, "percent_covered_display": "0.00", "missing_lines": 17, "excluded_lines": 0, "num_branches": 6, "num_partial_branches": 0, "covered_branches": 0, "missing_branches": 6}, "missing_lines": [152, 158, 163, 164, 167, 168, 169, 171, 172, 175, 176, 179, 181, 184, 185, 186, 189], "excluded_lines": [], "executed_branches": [], "missing_branches": [[168, 169], [168, 171], [171, 172], [171, 175], [179, 181], [179, 189]]}, "ProximityGraph.calculate_indim": {"executed_lines": [], "summary": {"covered_lines": 0, "num_statements": 53, "percent_covered": 0.0, "percent_covered_display": "0.00", "missing_lines": 53, "excluded_lines": 0, "num_branches": 12, "num_partial_branches": 0, "covered_branches": 0, "missing_branches": 12}, "missing_lines": [193, 203, 208, 211, 212, 214, 216, 217, 218, 219, 220, 222, 223, 224, 226, 227, 228, 229, 231, 232, 234, 235, 236, 238, 239, 240, 241, 242, 244, 247, 248, 250, 251, 252, 254, 255, 256, 257, 259, 260, 261, 263, 266, 267, 268, 269, 270, 272, 273, 274, 275, 276, 278], "excluded_lines": [], "executed_branches": [], "missing_branches": [[211, 212], [211, 214], [216, 217], [216, 222], [222, 223], [222, 226], [250, 251], [250, 254], [255, 256], [255, 259], [267, 268], [267, 272]]}, "ProximityGraph.calculate_indim.normalizing_const": {"executed_lines": [], "summary": {"covered_lines": 0, "num_statements": 7, "percent_covered": 0.0, "percent_covered_display": "0.00", "missing_lines": 7, "excluded_lines": 0, "num_branches": 6, "num_partial_branches": 0, "covered_branches": 0, "missing_branches": 6}, "missing_lines": [194, 195, 196, 197, 198, 199, 201], "excluded_lines": [], "executed_branches": [], "missing_branches": [[194, 195], [194, 196], [196, 197], [196, 198], [198, 199], [198, 201]]}, "ProximityGraph.calculate_indim.func": {"executed_lines": [], "summary": {"covered_lines": 0, "num_statements": 1, "percent_covered": 0.0, "percent_covered_display": "0.00", "missing_lines": 1, "excluded_lines": 0, "num_branches": 0, "num_partial_branches": 0, "covered_branches": 0, "missing_branches": 0}, "missing_lines": [205], "excluded_lines": [], "executed_branches": [], "missing_branches": []}, "ProximityGraph.calculate_indim.func2": {"executed_lines": [], "summary": {"covered_lines": 0, "num_statements": 1, "percent_covered": 0.0, "percent_covered_display": "0.00", "missing_lines": 1, "excluded_lines": 0, "num_branches": 0, "num_partial_branches": 0, "covered_branches": 0, "missing_branches": 0}, "missing_lines": [209], "excluded_lines": [], "executed_branches": [], "missing_branches": []}, "ProximityGraph.scaling": {"executed_lines": [], "summary": {"covered_lines": 0, "num_statements": 5, "percent_covered": 0.0, "percent_covered_display": "0.00", "missing_lines": 5, "excluded_lines": 0, "num_branches": 2, "num_partial_branches": 0, "covered_branches": 0, "missing_branches": 2}, "missing_lines": [281, 282, 283, 284, 286], "excluded_lines": [], "executed_branches": [], "missing_branches": [[283, 284], [283, 286]]}, "": {"executed_lines": [3, 4, 5, 6, 7, 9, 11, 12, 13, 14, 15, 17, 20, 21, 25, 65, 81, 85, 98, 108, 142, 150, 191, 280], "summary": {"covered_lines": 23, "num_statements": 23, "percent_covered": 100.0, "percent_covered_display": "100.00", "missing_lines": 0, "excluded_lines": 0, "num_branches": 0, "num_partial_branches": 0, "covered_branches": 0, "missing_branches": 0}, "missing_lines": [], "excluded_lines": [], "executed_branches": [], "missing_branches": []}}, "classes": {"ProximityGraph": {"executed_lines": [], "summary": {"covered_lines": 0, "num_statements": 151, "percent_covered": 0.0, "percent_covered_display": "0.00", "missing_lines": 151, "excluded_lines": 0, "num_branches": 46, "num_partial_branches": 0, "covered_branches": 0, "missing_branches": 46}, "missing_lines": [26, 27, 28, 31, 32, 33, 35, 37, 39, 45, 46, 47, 48, 49, 51, 52, 54, 55, 56, 57, 59, 66, 67, 69, 70, 72, 73, 74, 75, 76, 77, 79, 82, 83, 86, 87, 89, 90, 91, 92, 93, 96, 99, 100, 105, 109, 110, 112, 114, 115, 122, 124, 125, 126, 128, 129, 130, 132, 135, 137, 138, 140, 143, 144, 145, 146, 147, 152, 158, 163, 164, 167, 168, 169, 171, 172, 175, 176, 179, 181, 184, 185, 186, 189, 193, 194, 195, 196, 197, 198, 199, 201, 203, 205, 208, 209, 211, 212, 214, 216, 217, 218, 219, 220, 222, 223, 224, 226, 227, 228, 229, 231, 232, 234, 235, 236, 238, 239, 240, 241, 242, 244, 247, 248, 250, 251, 252, 254, 255, 256, 257, 259, 260, 261, 263, 266, 267, 268, 269, 270, 272, 273, 274, 275, 276, 278, 281, 282, 283, 284, 286], "excluded_lines": [], "executed_branches": [], "missing_branches": [[32, 33], [32, 35], [48, 49], [48, 59], [51, 52], [51, 54], [66, 67], [66, 69], [69, 70], [69, 72], [72, -65], [72, 73], [86, 87], [86, 96], [87, 89], [87, 90], [109, 110], [109, 112], [137, 138], [137, 140], [168, 169], [168, 171], [171, 172], [171, 175], [179, 181], [179, 189], [194, 195], [194, 196], [196, 197], [196, 198], [198, 199], [198, 201], [211, 212], [211, 214], [216, 217], [216, 222], [222, 223], [222, 226], [250, 251], [250, 254], [255, 256], [255, 259], [267, 268], [267, 272], [283, 284], [283, 286]]}, "": {"executed_lines": [3, 4, 5, 6, 7, 9, 11, 12, 13, 14, 15, 17, 20, 21, 25, 65, 81, 85, 98, 108, 142, 150, 191, 280], "summary": {"covered_lines": 23, "num_statements": 23, "percent_covered": 100.0, "percent_covered_display": "100.00", "missing_lines": 0, "excluded_lines": 0, "num_branches": 0, "num_partial_branches": 0, "covered_branches": 0, "missing_branches": 0}, "missing_lines": [], "excluded_lines": [], "executed_branches": [], "missing_branches": []}}}, "src/driada/dim_reduction/manifold_metrics.py": {"executed_lines": [1, 15, 16, 17, 18, 19, 20, 23, 46, 105, 167, 229, 291, 327, 402, 465, 530, 547, 572, 614, 670, 728, 786], "summary": {"covered_lines": 22, "num_statements": 245, "percent_covered": 6.72782874617737, "percent_covered_display": "6.73", "missing_lines": 223, "excluded_lines": 0, "num_branches": 82, "num_partial_branches": 0, "covered_branches": 0, "missing_branches": 82}, "missing_lines": [39, 40, 42, 43, 77, 78, 80, 81, 82, 85, 86, 87, 90, 91, 92, 93, 96, 97, 98, 99, 100, 102, 130, 131, 133, 134, 135, 138, 139, 142, 143, 144, 147, 150, 151, 152, 153, 154, 155, 158, 159, 160, 162, 164, 192, 193, 195, 196, 197, 200, 201, 204, 205, 206, 209, 212, 213, 214, 215, 216, 217, 220, 221, 222, 224, 226, 257, 258, 261, 264, 267, 269, 270, 272, 275, 277, 278, 280, 283, 284, 286, 288, 314, 315, 318, 319, 321, 322, 324, 349, 350, 352, 355, 356, 359, 362, 365, 368, 371, 372, 374, 375, 376, 377, 378, 380, 381, 382, 384, 390, 392, 393, 396, 397, 399, 429, 430, 433, 434, 437, 440, 442, 444, 445, 446, 447, 448, 450, 452, 454, 457, 460, 462, 493, 494, 502, 512, 513, 516, 521, 523, 543, 544, 560, 561, 564, 567, 569, 593, 595, 598, 599, 601, 604, 607, 608, 611, 635, 637, 640, 641, 644, 645, 648, 649, 651, 653, 656, 657, 660, 661, 663, 664, 667, 687, 688, 691, 692, 696, 697, 699, 701, 702, 705, 706, 708, 709, 710, 711, 712, 714, 716, 718, 719, 720, 723, 725, 752, 753, 756, 757, 758, 759, 762, 765, 766, 773, 774, 775, 777, 779, 810, 811, 818, 819, 820, 823, 824, 827, 828, 831, 834, 840], "excluded_lines": [], "executed_branches": [], "missing_branches": [[39, 40], [39, 42], [77, 78], [77, 80], [81, 82], [81, 85], [97, 98], [97, 102], [130, 131], [130, 133], [134, 135], [134, 138], [151, 152], [151, 158], [152, 151], [152, 153], [154, 152], [154, 155], [159, 160], [159, 162], [192, 193], [192, 195], [196, 197], [196, 200], [213, 214], [213, 220], [214, 213], [214, 215], [216, 214], [216, 217], [221, 222], [221, 224], [267, 269], [267, 272], [277, 278], [277, 280], [283, 284], [283, 286], [321, 322], [321, 324], [349, 350], [349, 352], [375, 376], [375, 384], [381, 375], [381, 382], [390, 392], [390, 399], [429, 430], [429, 433], [442, 444], [442, 450], [446, 447], [446, 450], [450, 452], [450, 457], [452, 454], [452, 457], [493, 494], [493, 502], [512, 513], [512, 516], [560, 561], [560, 564], [593, 595], [593, 601], [601, 604], [601, 611], [635, 637], [635, 651], [651, 653], [651, 667], [691, 692], [691, 696], [699, 701], [699, 714], [714, 716], [714, 723], [774, 775], [774, 777], [810, 811], [810, 818]], "functions": {"compute_distance_matrix": {"executed_lines": [], "summary": {"covered_lines": 0, "num_statements": 4, "percent_covered": 0.0, "percent_covered_display": "0.00", "missing_lines": 4, "excluded_lines": 0, "num_branches": 2, "num_partial_branches": 0, "covered_branches": 0, "missing_branches": 2}, "missing_lines": [39, 40, 42, 43], "excluded_lines": [], "executed_branches": [], "missing_branches": [[39, 40], [39, 42]]}, "knn_preservation_rate": {"executed_lines": [], "summary": {"covered_lines": 0, "num_statements": 18, "percent_covered": 0.0, "percent_covered_display": "0.00", "missing_lines": 18, "excluded_lines": 0, "num_branches": 6, "num_partial_branches": 0, "covered_branches": 0, "missing_branches": 6}, "missing_lines": [77, 78, 80, 81, 82, 85, 86, 87, 90, 91, 92, 93, 96, 97, 98, 99, 100, 102], "excluded_lines": [], "executed_branches": [], "missing_branches": [[77, 78], [77, 80], [81, 82], [81, 85], [97, 98], [97, 102]]}, "trustworthiness": {"executed_lines": [], "summary": {"covered_lines": 0, "num_statements": 22, "percent_covered": 0.0, "percent_covered_display": "0.00", "missing_lines": 22, "excluded_lines": 0, "num_branches": 12, "num_partial_branches": 0, "covered_branches": 0, "missing_branches": 12}, "missing_lines": [130, 131, 133, 134, 135, 138, 139, 142, 143, 144, 147, 150, 151, 152, 153, 154, 155, 158, 159, 160, 162, 164], "excluded_lines": [], "executed_branches": [], "missing_branches": [[130, 131], [130, 133], [134, 135], [134, 138], [151, 152], [151, 158], [152, 151], [152, 153], [154, 152], [154, 155], [159, 160], [159, 162]]}, "continuity": {"executed_lines": [], "summary": {"covered_lines": 0, "num_statements": 22, "percent_covered": 0.0, "percent_covered_display": "0.00", "missing_lines": 22, "excluded_lines": 0, "num_branches": 12, "num_partial_branches": 0, "covered_branches": 0, "missing_branches": 12}, "missing_lines": [192, 193, 195, 196, 197, 200, 201, 204, 205, 206, 209, 212, 213, 214, 215, 216, 217, 220, 221, 222, 224, 226], "excluded_lines": [], "executed_branches": [], "missing_branches": [[192, 193], [192, 195], [196, 197], [196, 200], [213, 214], [213, 220], [214, 213], [214, 215], [216, 214], [216, 217], [221, 222], [221, 224]]}, "geodesic_distance_correlation": {"executed_lines": [], "summary": {"covered_lines": 0, "num_statements": 16, "percent_covered": 0.0, "percent_covered_display": "0.00", "missing_lines": 16, "excluded_lines": 0, "num_branches": 6, "num_partial_branches": 0, "covered_branches": 0, "missing_branches": 6}, "missing_lines": [257, 258, 261, 264, 267, 269, 270, 272, 275, 277, 278, 280, 283, 284, 286, 288], "excluded_lines": [], "executed_branches": [], "missing_branches": [[267, 269], [267, 272], [277, 278], [277, 280], [283, 284], [283, 286]]}, "stress": {"executed_lines": [], "summary": {"covered_lines": 0, "num_statements": 7, "percent_covered": 0.0, "percent_covered_display": "0.00", "missing_lines": 7, "excluded_lines": 0, "num_branches": 2, "num_partial_branches": 0, "covered_branches": 0, "missing_branches": 2}, "missing_lines": [314, 315, 318, 319, 321, 322, 324], "excluded_lines": [], "executed_branches": [], "missing_branches": [[321, 322], [321, 324]]}, "circular_structure_preservation": {"executed_lines": [], "summary": {"covered_lines": 0, "num_statements": 26, "percent_covered": 0.0, "percent_covered_display": "0.00", "missing_lines": 26, "excluded_lines": 0, "num_branches": 8, "num_partial_branches": 0, "covered_branches": 0, "missing_branches": 8}, "missing_lines": [349, 350, 352, 355, 356, 359, 362, 365, 368, 371, 372, 374, 375, 376, 377, 378, 380, 381, 382, 384, 390, 392, 393, 396, 397, 399], "excluded_lines": [], "executed_branches": [], "missing_branches": [[349, 350], [349, 352], [375, 376], [375, 384], [381, 375], [381, 382], [390, 392], [390, 399]]}, "procrustes_analysis": {"executed_lines": [], "summary": {"covered_lines": 0, "num_statements": 18, "percent_covered": 0.0, "percent_covered_display": "0.00", "missing_lines": 18, "excluded_lines": 0, "num_branches": 10, "num_partial_branches": 0, "covered_branches": 0, "missing_branches": 10}, "missing_lines": [429, 430, 433, 434, 437, 440, 442, 444, 445, 446, 447, 448, 450, 452, 454, 457, 460, 462], "excluded_lines": [], "executed_branches": [], "missing_branches": [[429, 430], [429, 433], [442, 444], [442, 450], [446, 447], [446, 450], [450, 452], [450, 457], [452, 454], [452, 457]]}, "manifold_preservation_score": {"executed_lines": [], "summary": {"covered_lines": 0, "num_statements": 8, "percent_covered": 0.0, "percent_covered_display": "0.00", "missing_lines": 8, "excluded_lines": 0, "num_branches": 4, "num_partial_branches": 0, "covered_branches": 0, "missing_branches": 4}, "missing_lines": [493, 494, 502, 512, 513, 516, 521, 523], "excluded_lines": [], "executed_branches": [], "missing_branches": [[493, 494], [493, 502], [512, 513], [512, 516]]}, "circular_distance": {"executed_lines": [], "summary": {"covered_lines": 0, "num_statements": 2, "percent_covered": 0.0, "percent_covered_display": "0.00", "missing_lines": 2, "excluded_lines": 0, "num_branches": 0, "num_partial_branches": 0, "covered_branches": 0, "missing_branches": 0}, "missing_lines": [543, 544], "excluded_lines": [], "executed_branches": [], "missing_branches": []}, "extract_angles_from_embedding": {"executed_lines": [], "summary": {"covered_lines": 0, "num_statements": 5, "percent_covered": 0.0, "percent_covered_display": "0.00", "missing_lines": 5, "excluded_lines": 0, "num_branches": 2, "num_partial_branches": 0, "covered_branches": 0, "missing_branches": 2}, "missing_lines": [560, 561, 564, 567, 569], "excluded_lines": [], "executed_branches": [], "missing_branches": [[560, 561], [560, 564]]}, "compute_reconstruction_error": {"executed_lines": [], "summary": {"covered_lines": 0, "num_statements": 9, "percent_covered": 0.0, "percent_covered_display": "0.00", "missing_lines": 9, "excluded_lines": 0, "num_branches": 4, "num_partial_branches": 0, "covered_branches": 0, "missing_branches": 4}, "missing_lines": [593, 595, 598, 599, 601, 604, 607, 608, 611], "excluded_lines": [], "executed_branches": [], "missing_branches": [[593, 595], [593, 601], [601, 604], [601, 611]]}, "compute_temporal_consistency": {"executed_lines": [], "summary": {"covered_lines": 0, "num_statements": 17, "percent_covered": 0.0, "percent_covered_display": "0.00", "missing_lines": 17, "excluded_lines": 0, "num_branches": 4, "num_partial_branches": 0, "covered_branches": 0, "missing_branches": 4}, "missing_lines": [635, 637, 640, 641, 644, 645, 648, 649, 651, 653, 656, 657, 660, 661, 663, 664, 667], "excluded_lines": [], "executed_branches": [], "missing_branches": [[635, 637], [635, 651], [651, 653], [651, 667]]}, "train_simple_decoder": {"executed_lines": [], "summary": {"covered_lines": 0, "num_statements": 19, "percent_covered": 0.0, "percent_covered_display": "0.00", "missing_lines": 19, "excluded_lines": 0, "num_branches": 6, "num_partial_branches": 0, "covered_branches": 0, "missing_branches": 6}, "missing_lines": [687, 688, 691, 692, 696, 697, 699, 701, 702, 705, 706, 708, 714, 716, 718, 719, 720, 723, 725], "excluded_lines": [], "executed_branches": [], "missing_branches": [[691, 692], [691, 696], [699, 701], [699, 714], [714, 716], [714, 723]]}, "train_simple_decoder.decoder": {"executed_lines": [], "summary": {"covered_lines": 0, "num_statements": 4, "percent_covered": 0.0, "percent_covered_display": "0.00", "missing_lines": 4, "excluded_lines": 0, "num_branches": 0, "num_partial_branches": 0, "covered_branches": 0, "missing_branches": 0}, "missing_lines": [709, 710, 711, 712], "excluded_lines": [], "executed_branches": [], "missing_branches": []}, "compute_decoding_accuracy": {"executed_lines": [], "summary": {"covered_lines": 0, "num_statements": 14, "percent_covered": 0.0, "percent_covered_display": "0.00", "missing_lines": 14, "excluded_lines": 0, "num_branches": 2, "num_partial_branches": 0, "covered_branches": 0, "missing_branches": 2}, "missing_lines": [752, 753, 756, 757, 758, 759, 762, 765, 766, 773, 774, 775, 777, 779], "excluded_lines": [], "executed_branches": [], "missing_branches": [[774, 775], [774, 777]]}, "manifold_reconstruction_score": {"executed_lines": [], "summary": {"covered_lines": 0, "num_statements": 12, "percent_covered": 0.0, "percent_covered_display": "0.00", "missing_lines": 12, "excluded_lines": 0, "num_branches": 2, "num_partial_branches": 0, "covered_branches": 0, "missing_branches": 2}, "missing_lines": [810, 811, 818, 819, 820, 823, 824, 827, 828, 831, 834, 840], "excluded_lines": [], "executed_branches": [], "missing_branches": [[810, 811], [810, 818]]}, "": {"executed_lines": [1, 15, 16, 17, 18, 19, 20, 23, 46, 105, 167, 229, 291, 327, 402, 465, 530, 547, 572, 614, 670, 728, 786], "summary": {"covered_lines": 22, "num_statements": 22, "percent_covered": 100.0, "percent_covered_display": "100.00", "missing_lines": 0, "excluded_lines": 0, "num_branches": 0, "num_partial_branches": 0, "covered_branches": 0, "missing_branches": 0}, "missing_lines": [], "excluded_lines": [], "executed_branches": [], "missing_branches": []}}, "classes": {"": {"executed_lines": [1, 15, 16, 17, 18, 19, 20, 23, 46, 105, 167, 229, 291, 327, 402, 465, 530, 547, 572, 614, 670, 728, 786], "summary": {"covered_lines": 22, "num_statements": 245, "percent_covered": 6.72782874617737, "percent_covered_display": "6.73", "missing_lines": 223, "excluded_lines": 0, "num_branches": 82, "num_partial_branches": 0, "covered_branches": 0, "missing_branches": 82}, "missing_lines": [39, 40, 42, 43, 77, 78, 80, 81, 82, 85, 86, 87, 90, 91, 92, 93, 96, 97, 98, 99, 100, 102, 130, 131, 133, 134, 135, 138, 139, 142, 143, 144, 147, 150, 151, 152, 153, 154, 155, 158, 159, 160, 162, 164, 192, 193, 195, 196, 197, 200, 201, 204, 205, 206, 209, 212, 213, 214, 215, 216, 217, 220, 221, 222, 224, 226, 257, 258, 261, 264, 267, 269, 270, 272, 275, 277, 278, 280, 283, 284, 286, 288, 314, 315, 318, 319, 321, 322, 324, 349, 350, 352, 355, 356, 359, 362, 365, 368, 371, 372, 374, 375, 376, 377, 378, 380, 381, 382, 384, 390, 392, 393, 396, 397, 399, 429, 430, 433, 434, 437, 440, 442, 444, 445, 446, 447, 448, 450, 452, 454, 457, 460, 462, 493, 494, 502, 512, 513, 516, 521, 523, 543, 544, 560, 561, 564, 567, 569, 593, 595, 598, 599, 601, 604, 607, 608, 611, 635, 637, 640, 641, 644, 645, 648, 649, 651, 653, 656, 657, 660, 661, 663, 664, 667, 687, 688, 691, 692, 696, 697, 699, 701, 702, 705, 706, 708, 709, 710, 711, 712, 714, 716, 718, 719, 720, 723, 725, 752, 753, 756, 757, 758, 759, 762, 765, 766, 773, 774, 775, 777, 779, 810, 811, 818, 819, 820, 823, 824, 827, 828, 831, 834, 840], "excluded_lines": [], "executed_branches": [], "missing_branches": [[39, 40], [39, 42], [77, 78], [77, 80], [81, 82], [81, 85], [97, 98], [97, 102], [130, 131], [130, 133], [134, 135], [134, 138], [151, 152], [151, 158], [152, 151], [152, 153], [154, 152], [154, 155], [159, 160], [159, 162], [192, 193], [192, 195], [196, 197], [196, 200], [213, 214], [213, 220], [214, 213], [214, 215], [216, 214], [216, 217], [221, 222], [221, 224], [267, 269], [267, 272], [277, 278], [277, 280], [283, 284], [283, 286], [321, 322], [321, 324], [349, 350], [349, 352], [375, 376], [375, 384], [381, 375], [381, 382], [390, 392], [390, 399], [429, 430], [429, 433], [442, 444], [442, 450], [446, 447], [446, 450], [450, 452], [450, 457], [452, 454], [452, 457], [493, 494], [493, 502], [512, 513], [512, 516], [560, 561], [560, 564], [593, 595], [593, 601], [601, 604], [601, 611], [635, 637], [635, 651], [651, 653], [651, 667], [691, 692], [691, 696], [699, 701], [699, 714], [714, 716], [714, 723], [774, 775], [774, 777], [810, 811], [810, 818]]}}}, "src/driada/dim_reduction/mvu.py": {"executed_lines": [1, 2, 3, 4, 6, 8, 31, 112], "summary": {"covered_lines": 8, "num_statements": 61, "percent_covered": 9.876543209876543, "percent_covered_display": "9.88", "missing_lines": 53, "excluded_lines": 0, "num_branches": 20, "num_partial_branches": 0, "covered_branches": 0, "missing_branches": 20}, "missing_lines": [22, 23, 24, 25, 26, 27, 28, 29, 40, 43, 46, 47, 50, 53, 54, 56, 57, 58, 63, 65, 67, 69, 71, 74, 75, 78, 79, 81, 83, 84, 85, 86, 90, 91, 94, 95, 96, 97, 98, 102, 104, 109, 122, 125, 128, 131, 135, 136, 139, 140, 143, 144, 146], "excluded_lines": [], "executed_branches": [], "missing_branches": [[56, 57], [56, 63], [57, 56], [57, 58], [78, 79], [78, 90], [83, 84], [83, 90], [84, 83], [84, 85], [85, 84], [85, 86], [90, 91], [90, 102], [95, 96], [95, 102], [96, 95], [96, 97], [97, 96], [97, 98]], "functions": {"MaximumVarianceUnfolding.__init__": {"executed_lines": [], "summary": {"covered_lines": 0, "num_statements": 8, "percent_covered": 0.0, "percent_covered_display": "0.00", "missing_lines": 8, "excluded_lines": 0, "num_branches": 0, "num_partial_branches": 0, "covered_branches": 0, "missing_branches": 0}, "missing_lines": [22, 23, 24, 25, 26, 27, 28, 29], "excluded_lines": [], "executed_branches": [], "missing_branches": []}, "MaximumVarianceUnfolding.fit": {"executed_lines": [], "summary": {"covered_lines": 0, "num_statements": 34, "percent_covered": 0.0, "percent_covered_display": "0.00", "missing_lines": 34, "excluded_lines": 0, "num_branches": 20, "num_partial_branches": 0, "covered_branches": 0, "missing_branches": 20}, "missing_lines": [40, 43, 46, 47, 50, 53, 54, 56, 57, 58, 63, 65, 67, 69, 71, 74, 75, 78, 79, 81, 83, 84, 85, 86, 90, 91, 94, 95, 96, 97, 98, 102, 104, 109], "excluded_lines": [], "executed_branches": [], "missing_branches": [[56, 57], [56, 63], [57, 56], [57, 58], [78, 79], [78, 90], [83, 84], [83, 90], [84, 83], [84, 85], [85, 84], [85, 86], [90, 91], [90, 102], [95, 96], [95, 102], [96, 95], [96, 97], [97, 96], [97, 98]]}, "MaximumVarianceUnfolding.fit_transform": {"executed_lines": [], "summary": {"covered_lines": 0, "num_statements": 11, "percent_covered": 0.0, "percent_covered_display": "0.00", "missing_lines": 11, "excluded_lines": 0, "num_branches": 0, "num_partial_branches": 0, "covered_branches": 0, "missing_branches": 0}, "missing_lines": [122, 125, 128, 131, 135, 136, 139, 140, 143, 144, 146], "excluded_lines": [], "executed_branches": [], "missing_branches": []}, "": {"executed_lines": [1, 2, 3, 4, 6, 8, 31, 112], "summary": {"covered_lines": 8, "num_statements": 8, "percent_covered": 100.0, "percent_covered_display": "100.00", "missing_lines": 0, "excluded_lines": 0, "num_branches": 0, "num_partial_branches": 0, "covered_branches": 0, "missing_branches": 0}, "missing_lines": [], "excluded_lines": [], "executed_branches": [], "missing_branches": []}}, "classes": {"MaximumVarianceUnfolding": {"executed_lines": [], "summary": {"covered_lines": 0, "num_statements": 53, "percent_covered": 0.0, "percent_covered_display": "0.00", "missing_lines": 53, "excluded_lines": 0, "num_branches": 20, "num_partial_branches": 0, "covered_branches": 0, "missing_branches": 20}, "missing_lines": [22, 23, 24, 25, 26, 27, 28, 29, 40, 43, 46, 47, 50, 53, 54, 56, 57, 58, 63, 65, 67, 69, 71, 74, 75, 78, 79, 81, 83, 84, 85, 86, 90, 91, 94, 95, 96, 97, 98, 102, 104, 109, 122, 125, 128, 131, 135, 136, 139, 140, 143, 144, 146], "excluded_lines": [], "executed_branches": [], "missing_branches": [[56, 57], [56, 63], [57, 56], [57, 58], [78, 79], [78, 90], [83, 84], [83, 90], [84, 83], [84, 85], [85, 84], [85, 86], [90, 91], [90, 102], [95, 96], [95, 102], [96, 95], [96, 97], [97, 96], [97, 98]]}, "": {"executed_lines": [1, 2, 3, 4, 6, 8, 31, 112], "summary": {"covered_lines": 8, "num_statements": 8, "percent_covered": 100.0, "percent_covered_display": "100.00", "missing_lines": 0, "excluded_lines": 0, "num_branches": 0, "num_partial_branches": 0, "covered_branches": 0, "missing_branches": 0}, "missing_lines": [], "excluded_lines": [], "executed_branches": [], "missing_branches": []}}}, "src/driada/dim_reduction/neural.py": {"executed_lines": [1, 4, 5, 6, 7, 8, 9, 10, 19, 21, 45, 57, 58, 60, 84, 93, 95, 119, 130, 132, 142, 147, 153, 155, 165, 175, 192, 200, 206, 207, 209, 214, 217], "summary": {"covered_lines": 31, "num_statements": 132, "percent_covered": 20.512820512820515, "percent_covered_display": "20.51", "missing_lines": 101, "excluded_lines": 0, "num_branches": 24, "num_partial_branches": 1, "covered_branches": 1, "missing_branches": 23}, "missing_lines": [12, 13, 14, 15, 16, 22, 23, 25, 28, 32, 33, 34, 36, 38, 40, 41, 43, 46, 47, 48, 50, 51, 54, 61, 62, 64, 67, 71, 72, 73, 75, 77, 79, 80, 82, 85, 86, 87, 89, 90, 96, 97, 99, 102, 106, 107, 108, 110, 112, 114, 115, 117, 120, 121, 123, 124, 125, 127, 133, 135, 136, 137, 138, 139, 140, 143, 144, 145, 148, 149, 150, 156, 159, 160, 161, 162, 163, 170, 171, 172, 173, 176, 179, 182, 183, 187, 190, 194, 197, 198, 202, 203, 211, 212, 215, 218, 219, 221, 223, 224, 226], "excluded_lines": [], "executed_branches": [[4, 5]], "missing_branches": [[4, 12], [32, 33], [32, 38], [33, 34], [33, 36], [40, 41], [40, 43], [71, 72], [71, 77], [72, 73], [72, 75], [79, 80], [79, 82], [106, 107], [106, 112], [107, 108], [107, 110], [114, 115], [114, 117], [218, 219], [218, 221], [223, 224], [223, 226]], "functions": {"Encoder.__init__": {"executed_lines": [], "summary": {"covered_lines": 0, "num_statements": 12, "percent_covered": 0.0, "percent_covered_display": "0.00", "missing_lines": 12, "excluded_lines": 0, "num_branches": 6, "num_partial_branches": 0, "covered_branches": 0, "missing_branches": 6}, "missing_lines": [22, 23, 25, 28, 32, 33, 34, 36, 38, 40, 41, 43], "excluded_lines": [], "executed_branches": [], "missing_branches": [[32, 33], [32, 38], [33, 34], [33, 36], [40, 41], [40, 43]]}, "Encoder.forward": {"executed_lines": [], "summary": {"covered_lines": 0, "num_statements": 6, "percent_covered": 0.0, "percent_covered_display": "0.00", "missing_lines": 6, "excluded_lines": 0, "num_branches": 0, "num_partial_branches": 0, "covered_branches": 0, "missing_branches": 0}, "missing_lines": [46, 47, 48, 50, 51, 54], "excluded_lines": [], "executed_branches": [], "missing_branches": []}, "VAEEncoder.__init__": {"executed_lines": [], "summary": {"covered_lines": 0, "num_statements": 12, "percent_covered": 0.0, "percent_covered_display": "0.00", "missing_lines": 12, "excluded_lines": 0, "num_branches": 6, "num_partial_branches": 0, "covered_branches": 0, "missing_branches": 6}, "missing_lines": [61, 62, 64, 67, 71, 72, 73, 75, 77, 79, 80, 82], "excluded_lines": [], "executed_branches": [], "missing_branches": [[71, 72], [71, 77], [72, 73], [72, 75], [79, 80], [79, 82]]}, "VAEEncoder.forward": {"executed_lines": [], "summary": {"covered_lines": 0, "num_statements": 5, "percent_covered": 0.0, "percent_covered_display": "0.00", "missing_lines": 5, "excluded_lines": 0, "num_branches": 0, "num_partial_branches": 0, "covered_branches": 0, "missing_branches": 0}, "missing_lines": [85, 86, 87, 89, 90], "excluded_lines": [], "executed_branches": [], "missing_branches": []}, "Decoder.__init__": {"executed_lines": [], "summary": {"covered_lines": 0, "num_statements": 12, "percent_covered": 0.0, "percent_covered_display": "0.00", "missing_lines": 12, "excluded_lines": 0, "num_branches": 6, "num_partial_branches": 0, "covered_branches": 0, "missing_branches": 6}, "missing_lines": [96, 97, 99, 102, 106, 107, 108, 110, 112, 114, 115, 117], "excluded_lines": [], "executed_branches": [], "missing_branches": [[106, 107], [106, 112], [107, 108], [107, 110], [114, 115], [114, 117]]}, "Decoder.forward": {"executed_lines": [], "summary": {"covered_lines": 0, "num_statements": 6, "percent_covered": 0.0, "percent_covered_display": "0.00", "missing_lines": 6, "excluded_lines": 0, "num_branches": 0, "num_partial_branches": 0, "covered_branches": 0, "missing_branches": 0}, "missing_lines": [120, 121, 123, 124, 125, 127], "excluded_lines": [], "executed_branches": [], "missing_branches": []}, "AE.__init__": {"executed_lines": [], "summary": {"covered_lines": 0, "num_statements": 7, "percent_covered": 0.0, "percent_covered_display": "0.00", "missing_lines": 7, "excluded_lines": 0, "num_branches": 0, "num_partial_branches": 0, "covered_branches": 0, "missing_branches": 0}, "missing_lines": [133, 135, 136, 137, 138, 139, 140], "excluded_lines": [], "executed_branches": [], "missing_branches": []}, "AE.forward": {"executed_lines": [], "summary": {"covered_lines": 0, "num_statements": 3, "percent_covered": 0.0, "percent_covered_display": "0.00", "missing_lines": 3, "excluded_lines": 0, "num_branches": 0, "num_partial_branches": 0, "covered_branches": 0, "missing_branches": 0}, "missing_lines": [143, 144, 145], "excluded_lines": [], "executed_branches": [], "missing_branches": []}, "AE.get_code_embedding": {"executed_lines": [], "summary": {"covered_lines": 0, "num_statements": 3, "percent_covered": 0.0, "percent_covered_display": "0.00", "missing_lines": 3, "excluded_lines": 0, "num_branches": 0, "num_partial_branches": 0, "covered_branches": 0, "missing_branches": 0}, "missing_lines": [148, 149, 150], "excluded_lines": [], "executed_branches": [], "missing_branches": []}, "VAE.__init__": {"executed_lines": [], "summary": {"covered_lines": 0, "num_statements": 6, "percent_covered": 0.0, "percent_covered_display": "0.00", "missing_lines": 6, "excluded_lines": 0, "num_branches": 0, "num_partial_branches": 0, "covered_branches": 0, "missing_branches": 0}, "missing_lines": [156, 159, 160, 161, 162, 163], "excluded_lines": [], "executed_branches": [], "missing_branches": []}, "VAE.reparameterization": {"executed_lines": [], "summary": {"covered_lines": 0, "num_statements": 4, "percent_covered": 0.0, "percent_covered_display": "0.00", "missing_lines": 4, "excluded_lines": 0, "num_branches": 0, "num_partial_branches": 0, "covered_branches": 0, "missing_branches": 0}, "missing_lines": [170, 171, 172, 173], "excluded_lines": [], "executed_branches": [], "missing_branches": []}, "VAE.get_code": {"executed_lines": [], "summary": {"covered_lines": 0, "num_statements": 6, "percent_covered": 0.0, "percent_covered_display": "0.00", "missing_lines": 6, "excluded_lines": 0, "num_branches": 0, "num_partial_branches": 0, "covered_branches": 0, "missing_branches": 0}, "missing_lines": [176, 179, 182, 183, 187, 190], "excluded_lines": [], "executed_branches": [], "missing_branches": []}, "VAE.forward": {"executed_lines": [], "summary": {"covered_lines": 0, "num_statements": 3, "percent_covered": 0.0, "percent_covered_display": "0.00", "missing_lines": 3, "excluded_lines": 0, "num_branches": 0, "num_partial_branches": 0, "covered_branches": 0, "missing_branches": 0}, "missing_lines": [194, 197, 198], "excluded_lines": [], "executed_branches": [], "missing_branches": []}, "VAE.get_code_embedding": {"executed_lines": [], "summary": {"covered_lines": 0, "num_statements": 2, "percent_covered": 0.0, "percent_covered_display": "0.00", "missing_lines": 2, "excluded_lines": 0, "num_branches": 0, "num_partial_branches": 0, "covered_branches": 0, "missing_branches": 0}, "missing_lines": [202, 203], "excluded_lines": [], "executed_branches": [], "missing_branches": []}, "NeuroDataset.__init__": {"executed_lines": [], "summary": {"covered_lines": 0, "num_statements": 2, "percent_covered": 0.0, "percent_covered_display": "0.00", "missing_lines": 2, "excluded_lines": 0, "num_branches": 0, "num_partial_branches": 0, "covered_branches": 0, "missing_branches": 0}, "missing_lines": [211, 212], "excluded_lines": [], "executed_branches": [], "missing_branches": []}, "NeuroDataset.__len__": {"executed_lines": [], "summary": {"covered_lines": 0, "num_statements": 1, "percent_covered": 0.0, "percent_covered_display": "0.00", "missing_lines": 1, "excluded_lines": 0, "num_branches": 0, "num_partial_branches": 0, "covered_branches": 0, "missing_branches": 0}, "missing_lines": [215], "excluded_lines": [], "executed_branches": [], "missing_branches": []}, "NeuroDataset.__getitem__": {"executed_lines": [], "summary": {"covered_lines": 0, "num_statements": 6, "percent_covered": 0.0, "percent_covered_display": "0.00", "missing_lines": 6, "excluded_lines": 0, "num_branches": 4, "num_partial_branches": 0, "covered_branches": 0, "missing_branches": 4}, "missing_lines": [218, 219, 221, 223, 224, 226], "excluded_lines": [], "executed_branches": [], "missing_branches": [[218, 219], [218, 221], [223, 224], [223, 226]]}, "": {"executed_lines": [1, 4, 5, 6, 7, 8, 9, 10, 19, 21, 45, 57, 58, 60, 84, 93, 95, 119, 130, 132, 142, 147, 153, 155, 165, 175, 192, 200, 206, 207, 209, 214, 217], "summary": {"covered_lines": 31, "num_statements": 36, "percent_covered": 84.21052631578948, "percent_covered_display": "84.21", "missing_lines": 5, "excluded_lines": 0, "num_branches": 2, "num_partial_branches": 1, "covered_branches": 1, "missing_branches": 1}, "missing_lines": [12, 13, 14, 15, 16], "excluded_lines": [], "executed_branches": [[4, 5]], "missing_branches": [[4, 12]]}}, "classes": {"Encoder": {"executed_lines": [], "summary": {"covered_lines": 0, "num_statements": 18, "percent_covered": 0.0, "percent_covered_display": "0.00", "missing_lines": 18, "excluded_lines": 0, "num_branches": 6, "num_partial_branches": 0, "covered_branches": 0, "missing_branches": 6}, "missing_lines": [22, 23, 25, 28, 32, 33, 34, 36, 38, 40, 41, 43, 46, 47, 48, 50, 51, 54], "excluded_lines": [], "executed_branches": [], "missing_branches": [[32, 33], [32, 38], [33, 34], [33, 36], [40, 41], [40, 43]]}, "VAEEncoder": {"executed_lines": [], "summary": {"covered_lines": 0, "num_statements": 17, "percent_covered": 0.0, "percent_covered_display": "0.00", "missing_lines": 17, "excluded_lines": 0, "num_branches": 6, "num_partial_branches": 0, "covered_branches": 0, "missing_branches": 6}, "missing_lines": [61, 62, 64, 67, 71, 72, 73, 75, 77, 79, 80, 82, 85, 86, 87, 89, 90], "excluded_lines": [], "executed_branches": [], "missing_branches": [[71, 72], [71, 77], [72, 73], [72, 75], [79, 80], [79, 82]]}, "Decoder": {"executed_lines": [], "summary": {"covered_lines": 0, "num_statements": 18, "percent_covered": 0.0, "percent_covered_display": "0.00", "missing_lines": 18, "excluded_lines": 0, "num_branches": 6, "num_partial_branches": 0, "covered_branches": 0, "missing_branches": 6}, "missing_lines": [96, 97, 99, 102, 106, 107, 108, 110, 112, 114, 115, 117, 120, 121, 123, 124, 125, 127], "excluded_lines": [], "executed_branches": [], "missing_branches": [[106, 107], [106, 112], [107, 108], [107, 110], [114, 115], [114, 117]]}, "AE": {"executed_lines": [], "summary": {"covered_lines": 0, "num_statements": 13, "percent_covered": 0.0, "percent_covered_display": "0.00", "missing_lines": 13, "excluded_lines": 0, "num_branches": 0, "num_partial_branches": 0, "covered_branches": 0, "missing_branches": 0}, "missing_lines": [133, 135, 136, 137, 138, 139, 140, 143, 144, 145, 148, 149, 150], "excluded_lines": [], "executed_branches": [], "missing_branches": []}, "VAE": {"executed_lines": [], "summary": {"covered_lines": 0, "num_statements": 21, "percent_covered": 0.0, "percent_covered_display": "0.00", "missing_lines": 21, "excluded_lines": 0, "num_branches": 0, "num_partial_branches": 0, "covered_branches": 0, "missing_branches": 0}, "missing_lines": [156, 159, 160, 161, 162, 163, 170, 171, 172, 173, 176, 179, 182, 183, 187, 190, 194, 197, 198, 202, 203], "excluded_lines": [], "executed_branches": [], "missing_branches": []}, "NeuroDataset": {"executed_lines": [], "summary": {"covered_lines": 0, "num_statements": 9, "percent_covered": 0.0, "percent_covered_display": "0.00", "missing_lines": 9, "excluded_lines": 0, "num_branches": 4, "num_partial_branches": 0, "covered_branches": 0, "missing_branches": 4}, "missing_lines": [211, 212, 215, 218, 219, 221, 223, 224, 226], "excluded_lines": [], "executed_branches": [], "missing_branches": [[218, 219], [218, 221], [223, 224], [223, 226]]}, "": {"executed_lines": [1, 4, 5, 6, 7, 8, 9, 10, 19, 21, 45, 57, 58, 60, 84, 93, 95, 119, 130, 132, 142, 147, 153, 155, 165, 175, 192, 200, 206, 207, 209, 214, 217], "summary": {"covered_lines": 31, "num_statements": 36, "percent_covered": 84.21052631578948, "percent_covered_display": "84.21", "missing_lines": 5, "excluded_lines": 0, "num_branches": 2, "num_partial_branches": 1, "covered_branches": 1, "missing_branches": 1}, "missing_lines": [12, 13, 14, 15, 16], "excluded_lines": [], "executed_branches": [[4, 5]], "missing_branches": [[4, 12]]}}}, "src/driada/dim_reduction/sequences.py": {"executed_lines": [1, 8, 9, 10, 11, 14], "summary": {"covered_lines": 5, "num_statements": 22, "percent_covered": 14.705882352941176, "percent_covered_display": "14.71", "missing_lines": 17, "excluded_lines": 0, "num_branches": 12, "num_partial_branches": 0, "covered_branches": 0, "missing_branches": 12}, "missing_lines": [67, 68, 70, 71, 73, 75, 77, 78, 79, 80, 81, 83, 89, 95, 98, 99, 101], "excluded_lines": [], "executed_branches": [], "missing_branches": [[67, 68], [67, 70], [70, 71], [70, 73], [75, 77], [75, 101], [77, 78], [77, 80], [80, 81], [80, 83], [98, 75], [98, 99]], "functions": {"dr_sequence": {"executed_lines": [], "summary": {"covered_lines": 0, "num_statements": 17, "percent_covered": 0.0, "percent_covered_display": "0.00", "missing_lines": 17, "excluded_lines": 0, "num_branches": 12, "num_partial_branches": 0, "covered_branches": 0, "missing_branches": 12}, "missing_lines": [67, 68, 70, 71, 73, 75, 77, 78, 79, 80, 81, 83, 89, 95, 98, 99, 101], "excluded_lines": [], "executed_branches": [], "missing_branches": [[67, 68], [67, 70], [70, 71], [70, 73], [75, 77], [75, 101], [77, 78], [77, 80], [80, 81], [80, 83], [98, 75], [98, 99]]}, "": {"executed_lines": [1, 8, 9, 10, 11, 14], "summary": {"covered_lines": 5, "num_statements": 5, "percent_covered": 100.0, "percent_covered_display": "100.00", "missing_lines": 0, "excluded_lines": 0, "num_branches": 0, "num_partial_branches": 0, "covered_branches": 0, "missing_branches": 0}, "missing_lines": [], "excluded_lines": [], "executed_branches": [], "missing_branches": []}}, "classes": {"": {"executed_lines": [1, 8, 9, 10, 11, 14], "summary": {"covered_lines": 5, "num_statements": 22, "percent_covered": 14.705882352941176, "percent_covered_display": "14.71", "missing_lines": 17, "excluded_lines": 0, "num_branches": 12, "num_partial_branches": 0, "covered_branches": 0, "missing_branches": 12}, "missing_lines": [67, 68, 70, 71, 73, 75, 77, 78, 79, 80, 81, 83, 89, 95, 98, 99, 101], "excluded_lines": [], "executed_branches": [], "missing_branches": [[67, 68], [67, 70], [70, 71], [70, 73], [75, 77], [75, 101], [77, 78], [77, 80], [80, 81], [80, 83], [98, 75], [98, 99]]}}}, "src/driada/dimensionality/effective.py": {"executed_lines": [], "summary": {"covered_lines": 0, "num_statements": 26, "percent_covered": 0.0, "percent_covered_display": "0.00", "missing_lines": 26, "excluded_lines": 0, "num_branches": 12, "num_partial_branches": 0, "covered_branches": 0, "missing_branches": 12}, "missing_lines": [1, 2, 3, 4, 6, 10, 11, 12, 14, 15, 17, 19, 21, 23, 25, 28, 31, 32, 33, 34, 36, 37, 38, 39, 41, 43], "excluded_lines": [], "executed_branches": [], "missing_branches": [[11, 12], [11, 14], [15, 17], [15, 19], [19, 21], [19, 23], [23, 25], [23, 28], [33, 34], [33, 36], [37, 38], [37, 41]], "functions": {"_eff_dim": {"executed_lines": [], "summary": {"covered_lines": 0, "num_statements": 10, "percent_covered": 0.0, "percent_covered_display": "0.00", "missing_lines": 10, "excluded_lines": 0, "num_branches": 8, "num_partial_branches": 0, "covered_branches": 0, "missing_branches": 8}, "missing_lines": [11, 12, 14, 15, 17, 19, 21, 23, 25, 28], "excluded_lines": [], "executed_branches": [], "missing_branches": [[11, 12], [11, 14], [15, 17], [15, 19], [19, 21], [19, 23], [23, 25], [23, 28]]}, "eff_dim": {"executed_lines": [], "summary": {"covered_lines": 0, "num_statements": 9, "percent_covered": 0.0, "percent_covered_display": "0.00", "missing_lines": 9, "excluded_lines": 0, "num_branches": 4, "num_partial_branches": 0, "covered_branches": 0, "missing_branches": 4}, "missing_lines": [32, 33, 34, 36, 37, 38, 39, 41, 43], "excluded_lines": [], "executed_branches": [], "missing_branches": [[33, 34], [33, 36], [37, 38], [37, 41]]}, "": {"executed_lines": [], "summary": {"covered_lines": 0, "num_statements": 7, "percent_covered": 0.0, "percent_covered_display": "0.00", "missing_lines": 7, "excluded_lines": 0, "num_branches": 0, "num_partial_branches": 0, "covered_branches": 0, "missing_branches": 0}, "missing_lines": [1, 2, 3, 4, 6, 10, 31], "excluded_lines": [], "executed_branches": [], "missing_branches": []}}, "classes": {"": {"executed_lines": [], "summary": {"covered_lines": 0, "num_statements": 26, "percent_covered": 0.0, "percent_covered_display": "0.00", "missing_lines": 26, "excluded_lines": 0, "num_branches": 12, "num_partial_branches": 0, "covered_branches": 0, "missing_branches": 12}, "missing_lines": [1, 2, 3, 4, 6, 10, 11, 12, 14, 15, 17, 19, 21, 23, 25, 28, 31, 32, 33, 34, 36, 37, 38, 39, 41, 43], "excluded_lines": [], "executed_branches": [], "missing_branches": [[11, 12], [11, 14], [15, 17], [15, 19], [19, 21], [19, 23], [23, 25], [23, 28], [33, 34], [33, 36], [37, 38], [37, 41]]}}}, "src/driada/dimensionality/intrinsic.py": {"executed_lines": [], "summary": {"covered_lines": 0, "num_statements": 52, "percent_covered": 0.0, "percent_covered_display": "0.00", "missing_lines": 52, "excluded_lines": 0, "num_branches": 24, "num_partial_branches": 0, "covered_branches": 0, "missing_branches": 24}, "missing_lines": [8, 9, 10, 13, 66, 67, 69, 70, 72, 73, 76, 77, 78, 79, 80, 81, 86, 88, 93, 94, 96, 99, 101, 104, 105, 106, 107, 109, 112, 143, 146, 147, 149, 150, 151, 152, 155, 158, 159, 160, 161, 162, 164, 166, 167, 169, 170, 173, 174, 177, 178, 180], "excluded_lines": [], "executed_branches": [], "missing_branches": [[69, 70], [69, 72], [72, 73], [72, 76], [76, 77], [76, 80], [80, 81], [80, 88], [94, 96], [94, 99], [99, 101], [99, 104], [105, 106], [105, 107], [149, 150], [149, 151], [151, 152], [151, 155], [159, 160], [159, 166], [161, 162], [161, 164], [169, 170], [169, 173]], "functions": {"nn_dimension": {"executed_lines": [], "summary": {"covered_lines": 0, "num_statements": 24, "percent_covered": 0.0, "percent_covered_display": "0.00", "missing_lines": 24, "excluded_lines": 0, "num_branches": 14, "num_partial_branches": 0, "covered_branches": 0, "missing_branches": 14}, "missing_lines": [66, 67, 69, 70, 72, 73, 76, 77, 78, 79, 80, 81, 86, 88, 93, 94, 96, 99, 101, 104, 105, 106, 107, 109], "excluded_lines": [], "executed_branches": [], "missing_branches": [[69, 70], [69, 72], [72, 73], [72, 76], [76, 77], [76, 80], [80, 81], [80, 88], [94, 96], [94, 99], [99, 101], [99, 104], [105, 106], [105, 107]]}, "correlation_dimension": {"executed_lines": [], "summary": {"covered_lines": 0, "num_statements": 23, "percent_covered": 0.0, "percent_covered_display": "0.00", "missing_lines": 23, "excluded_lines": 0, "num_branches": 10, "num_partial_branches": 0, "covered_branches": 0, "missing_branches": 10}, "missing_lines": [143, 146, 147, 149, 150, 151, 152, 155, 158, 159, 160, 161, 162, 164, 166, 167, 169, 170, 173, 174, 177, 178, 180], "excluded_lines": [], "executed_branches": [], "missing_branches": [[149, 150], [149, 151], [151, 152], [151, 155], [159, 160], [159, 166], [161, 162], [161, 164], [169, 170], [169, 173]]}, "": {"executed_lines": [], "summary": {"covered_lines": 0, "num_statements": 5, "percent_covered": 0.0, "percent_covered_display": "0.00", "missing_lines": 5, "excluded_lines": 0, "num_branches
[...]
percent_covered": 0.0, "percent_covered_display": "0.00", "missing_lines": 12, "excluded_lines": 0, "num_branches": 2, "num_partial_branches": 0, "covered_branches": 0, "missing_branches": 2}, "missing_lines": [253, 254, 255, 258, 260, 261, 264, 265, 266, 267, 269, 271], "excluded_lines": [], "executed_branches": [], "missing_branches": [[260, 261], [260, 264]]}, "compute_grid_score": {"executed_lines": [], "summary": {"covered_lines": 0, "num_statements": 19, "percent_covered": 0.0, "percent_covered_display": "0.00", "missing_lines": 19, "excluded_lines": 0, "num_branches": 6, "num_partial_branches": 0, "covered_branches": 0, "missing_branches": 6}, "missing_lines": [299, 300, 301, 304, 305, 308, 309, 312, 315, 317, 318, 321, 322, 324, 325, 326, 327, 330, 332], "excluded_lines": [], "executed_branches": [], "missing_branches": [[315, 317], [315, 321], [317, 318], [317, 321], [324, 325], [324, 330]]}, "compute_spatial_decoding_accuracy": {"executed_lines": [], "summary": {"covered_lines": 0, "num_statements": 15, "percent_covered": 0.0, "percent_covered_display": "0.00", "missing_lines": 15, "excluded_lines": 0, "num_branches": 4, "num_partial_branches": 0, "covered_branches": 0, "missing_branches": 4}, "missing_lines": [376, 377, 380, 381, 384, 389, 397, 398, 401, 402, 403, 405, 412, 413, 415], "excluded_lines": [], "executed_branches": [], "missing_branches": [[376, 377], [376, 380], [412, 413], [412, 415]]}, "compute_spatial_information": {"executed_lines": [], "summary": {"covered_lines": 0, "num_statements": 29, "percent_covered": 0.0, "percent_covered_display": "0.00", "missing_lines": 29, "excluded_lines": 0, "num_branches": 14, "num_partial_branches": 0, "covered_branches": 0, "missing_branches": 14}, "missing_lines": [444, 445, 446, 449, 451, 453, 455, 456, 457, 458, 459, 460, 463, 464, 465, 466, 468, 471, 472, 473, 474, 476, 482, 483, 485, 486, 487, 488, 490], "excluded_lines": [], "executed_branches": [], "missing_branches": [[444, 445], [444, 453], [445, 446], [445, 449], [455, 456], [455, 463], [456, 457], [456, 458], [463, 464], [463, 468], [482, 483], [482, 490], [486, 487], [486, 488]]}, "filter_by_speed": {"executed_lines": [], "summary": {"covered_lines": 0, "num_statements": 14, "percent_covered": 0.0, "percent_covered_display": "0.00", "missing_lines": 14, "excluded_lines": 0, "num_branches": 6, "num_partial_branches": 0, "covered_branches": 0, "missing_branches": 6}, "missing_lines": [518, 521, 522, 525, 526, 529, 532, 535, 536, 537, 538, 540, 542, 544], "excluded_lines": [], "executed_branches": [], "missing_branches": [[525, 526], [525, 529], [536, 537], [536, 542], [537, 538], [537, 540]]}, "filter_by_direction": {"executed_lines": [], "summary": {"covered_lines": 0, "num_statements": 15, "percent_covered": 0.0, "percent_covered_display": "0.00", "missing_lines": 15, "excluded_lines": 0, "num_branches": 6, "num_partial_branches": 0, "covered_branches": 0, "missing_branches": 6}, "missing_lines": [572, 575, 576, 579, 582, 583, 584, 587, 590, 591, 592, 593, 595, 597, 599], "excluded_lines": [], "executed_branches": [], "missing_branches": [[583, 584], [583, 587], [591, 592], [591, 597], [592, 593], [592, 595]]}, "analyze_spatial_coding": {"executed_lines": [], "summary": {"covered_lines": 0, "num_statements": 24, "percent_covered": 0.0, "percent_covered_display": "0.00", "missing_lines": 24, "excluded_lines": 0, "num_branches": 8, "num_partial_branches": 0, "covered_branches": 0, "missing_branches": 8}, "missing_lines": [648, 649, 652, 653, 657, 658, 659, 662, 666, 674, 676, 680, 683, 689, 692, 693, 696, 697, 700, 704, 709, 716, 717, 720], "excluded_lines": [], "executed_branches": [], "missing_branches": [[648, 649], [648, 652], [652, 653], [652, 662], [674, 676], [674, 700], [716, 717], [716, 720]]}, "compute_spatial_metrics": {"executed_lines": [], "summary": {"covered_lines": 0, "num_statements": 16, "percent_covered": 0.0, "percent_covered_display": "0.00", "missing_lines": 16, "excluded_lines": 0, "num_branches": 12, "num_partial_branches": 0, "covered_branches": 0, "missing_branches": 12}, "missing_lines": [749, 750, 752, 754, 755, 759, 760, 764, 765, 769, 770, 771, 773, 774, 775, 777], "excluded_lines": [], "executed_branches": [], "missing_branches": [[749, 750], [749, 752], [754, 755], [754, 759], [759, 760], [759, 764], [764, 765], [764, 777], [769, 770], [769, 773], [773, 774], [773, 777]]}, "": {"executed_lines": [1, 17, 18, 19, 20, 21, 22, 23, 24, 26, 29, 96, 163, 231, 274, 335, 418, 493, 547, 602, 723], "summary": {"covered_lines": 20, "num_statements": 20, "percent_covered": 100.0, "percent_covered_display": "100.00", "missing_lines": 0, "excluded_lines": 0, "num_branches": 0, "num_partial_branches": 0, "covered_branches": 0, "missing_branches": 0}, "missing_lines": [], "excluded_lines": [], "executed_branches": [], "missing_branches": []}}, "classes": {"": {"executed_lines": [1, 17, 18, 19, 20, 21, 22, 23, 24, 26, 29, 96, 163, 231, 274, 335, 418, 493, 547, 602, 723], "summary": {"covered_lines": 20, "num_statements": 214, "percent_covered": 6.944444444444445, "percent_covered_display": "6.94", "missing_lines": 194, "excluded_lines": 0, "num_branches": 74, "num_partial_branches": 0, "covered_branches": 0, "missing_branches": 74}, "missing_lines": [61, 62, 65, 66, 67, 69, 70, 74, 75, 78, 87, 88, 91, 93, 129, 134, 137, 141, 144, 145, 146, 149, 151, 152, 154, 155, 156, 157, 158, 160, 193, 194, 197, 198, 200, 202, 203, 204, 206, 207, 209, 210, 212, 213, 216, 217, 218, 219, 221, 228, 253, 254, 255, 258, 260, 261, 264, 265, 266, 267, 269, 271, 299, 300, 301, 304, 305, 308, 309, 312, 315, 317, 318, 321, 322, 324, 325, 326, 327, 330, 332, 376, 377, 380, 381, 384, 389, 397, 398, 401, 402, 403, 405, 412, 413, 415, 444, 445, 446, 449, 451, 453, 455, 456, 457, 458, 459, 460, 463, 464, 465, 466, 468, 471, 472, 473, 474, 476, 482, 483, 485, 486, 487, 488, 490, 518, 521, 522, 525, 526, 529, 532, 535, 536, 537, 538, 540, 542, 544, 572, 575, 576, 579, 582, 583, 584, 587, 590, 591, 592, 593, 595, 597, 599, 648, 649, 652, 653, 657, 658, 659, 662, 666, 674, 676, 680, 683, 689, 692, 693, 696, 697, 700, 704, 709, 716, 717, 720, 749, 750, 752, 754, 755, 759, 760, 764, 765, 769, 770, 771, 773, 774, 775, 777], "excluded_lines": [], "executed_branches": [], "missing_branches": [[61, 62], [61, 65], [65, 66], [65, 74], [87, 88], [87, 91], [149, 151], [149, 160], [152, 154], [152, 160], [202, 203], [202, 228], [206, 207], [206, 209], [212, 213], [212, 216], [260, 261], [260, 264], [315, 317], [315, 321], [317, 318], [317, 321], [324, 325], [324, 330], [376, 377], [376, 380], [412, 413], [412, 415], [444, 445], [444, 453], [445, 446], [445, 449], [455, 456], [455, 463], [456, 457], [456, 458], [463, 464], [463, 468], [482, 483], [482, 490], [486, 487], [486, 488], [525, 526], [525, 529], [536, 537], [536, 542], [537, 538], [537, 540], [583, 584], [583, 587], [591, 592], [591, 597], [592, 593], [592, 595], [648, 649], [648, 652], [652, 653], [652, 662], [674, 676], [674, 700], [716, 717], [716, 720], [749, 750], [749, 752], [754, 755], [754, 759], [759, 760], [759, 764], [764, 765], [764, 777], [769, 770], [769, 773], [773, 774], [773, 777]]}}}, "src/driada/utils/visual.py": {"executed_lines": [1, 9, 10, 11, 12, 13, 14, 15, 18, 21, 244, 364, 495, 630, 712], "summary": {"covered_lines": 14, "num_statements": 285, "percent_covered": 3.341288782816229, "percent_covered_display": "3.34", "missing_lines": 271, "excluded_lines": 0, "num_branches": 134, "num_partial_branches": 0, "covered_branches": 0, "missing_branches": 134}, "missing_lines": [65, 66, 68, 69, 72, 73, 76, 77, 80, 81, 87, 88, 90, 100, 102, 103, 104, 106, 109, 111, 112, 114, 116, 122, 124, 125, 128, 129, 130, 131, 132, 133, 134, 135, 136, 137, 138, 140, 142, 143, 144, 145, 148, 150, 151, 153, 159, 162, 163, 164, 165, 166, 172, 174, 175, 176, 177, 180, 181, 184, 192, 193, 195, 196, 197, 198, 201, 202, 211, 217, 224, 225, 226, 227, 228, 229, 232, 233, 234, 235, 238, 239, 241, 275, 276, 278, 280, 281, 283, 286, 287, 289, 299, 301, 302, 303, 305, 306, 309, 317, 318, 320, 321, 322, 323, 325, 326, 335, 341, 348, 349, 350, 351, 352, 353, 355, 356, 358, 359, 361, 404, 405, 407, 409, 410, 412, 414, 415, 416, 418, 421, 422, 423, 425, 428, 431, 432, 434, 440, 443, 444, 445, 446, 447, 448, 450, 452, 453, 454, 455, 456, 459, 460, 461, 462, 469, 472, 473, 476, 477, 478, 479, 486, 487, 489, 490, 492, 537, 538, 541, 542, 543, 544, 545, 546, 548, 550, 551, 552, 554, 555, 556, 559, 560, 562, 563, 565, 566, 567, 568, 569, 572, 573, 574, 575, 577, 580, 581, 582, 583, 584, 586, 588, 591, 598, 599, 600, 601, 602, 603, 604, 605, 607, 608, 609, 610, 613, 614, 615, 616, 618, 620, 621, 623, 660, 662, 677, 679, 680, 683, 686, 689, 690, 691, 694, 695, 696, 699, 703, 704, 706, 707, 709, 742, 744, 746, 747, 748, 750, 751, 753, 754, 755, 757, 758, 759, 762, 765, 768, 769, 770, 773, 774, 777, 778, 780, 782, 783, 785, 786, 788], "excluded_lines": [], "executed_branches": [], "missing_branches": [[65, 66], [65, 68], [72, 73], [72, 76], [80, 81], [80, 87], [87, 88], [87, 90], [102, 103], [102, 232], [103, 104], [103, 106], [111, 112], [111, 140], [128, 129], [128, 142], [150, 151], [150, 172], [162, 163], [162, 174], [164, 165], [164, 174], [180, 102], [180, 181], [195, 196], [195, 211], [196, 195], [196, 197], [201, 195], [201, 202], [233, 234], [233, 235], [238, 239], [238, 241], [275, 276], [275, 278], [280, 281], [280, 283], [286, 287], [286, 289], [301, 302], [301, 355], [302, 303], [302, 305], [320, 321], [320, 335], [321, 320], [321, 322], [325, 320], [325, 326], [358, 359], [358, 361], [404, 405], [404, 407], [409, 410], [409, 412], [414, 415], [414, 486], [415, 416], [415, 418], [422, 423], [422, 425], [443, 444], [443, 445], [445, 446], [445, 447], [447, 448], [447, 450], [459, 460], [459, 469], [460, 459], [460, 461], [472, 414], [472, 473], [476, 414], [476, 477], [489, 490], [489, 492], [537, 538], [537, 541], [542, 543], [542, 554], [543, 544], [543, 545], [545, 546], [545, 548], [550, 542], [550, 551], [551, 550], [551, 552], [554, 555], [554, 559], [562, 563], [562, 565], [566, 567], [566, 568], [568, 569], [568, 572], [572, 573], [572, 613], [580, 581], [580, 582], [582, 583], [582, 588], [583, 584], [583, 586], [599, 600], [599, 607], [601, 602], [601, 604], [602, 601], [602, 603], [604, 605], [604, 607], [613, 614], [613, 618], [620, 621], [620, 623], [660, 662], [660, 677], [689, 690], [689, 694], [706, 707], [706, 709], [744, 746], [744, 750], [750, 751], [750, 753], [754, 755], [754, 757], [758, 759], [758, 782], [785, 786], [785, 788]], "functions": {"plot_embedding_comparison": {"executed_lines": [], "summary": {"covered_lines": 0, "num_statements": 83, "percent_covered": 0.0, "percent_covered_display": "0.00", "missing_lines": 83, "excluded_lines": 0, "num_branches": 34, "num_partial_branches": 0, "covered_branches": 0, "missing_branches": 34}, "missing_lines": [65, 66, 68, 69, 72, 73, 76, 77, 80, 81, 87, 88, 90, 100, 102, 103, 104, 106, 109, 111, 112, 114, 116, 122, 124, 125, 128, 129, 130, 131, 132, 133, 134, 135, 136, 137, 138, 140, 142, 143, 144, 145, 148, 150, 151, 153, 159, 162, 163, 164, 165, 166, 172, 174, 175, 176, 177, 180, 181, 184, 192, 193, 195, 196, 197, 198, 201, 202, 211, 217, 224, 225, 226, 227, 228, 229, 232, 233, 234, 235, 238, 239, 241], "excluded_lines": [], "executed_branches": [], "missing_branches": [[65, 66], [65, 68], [72, 73], [72, 76], [80, 81], [80, 87], [87, 88], [87, 90], [102, 103], [102, 232], [103, 104], [103, 106], [111, 112], [111, 140], [128, 129], [128, 142], [150, 151], [150, 172], [162, 163], [162, 174], [164, 165], [164, 174], [180, 102], [180, 181], [195, 196], [195, 211], [196, 195], [196, 197], [201, 195], [201, 202], [233, 234], [233, 235], [238, 239], [238, 241]]}, "plot_trajectories": {"executed_lines": [], "summary": {"covered_lines": 0, "num_statements": 37, "percent_covered": 0.0, "percent_covered_display": "0.00", "missing_lines": 37, "excluded_lines": 0, "num_branches": 18, "num_partial_branches": 0, "covered_branches": 0, "missing_branches": 18}, "missing_lines": [275, 276, 278, 280, 281, 283, 286, 287, 289, 299, 301, 302, 303, 305, 306, 309, 317, 318, 320, 321, 322, 323, 325, 326, 335, 341, 348, 349, 350, 351, 352, 353, 355, 356, 358, 359, 361], "excluded_lines": [], "executed_branches": [], "missing_branches": [[275, 276], [275, 278], [280, 281], [280, 283], [286, 287], [286, 289], [301, 302], [301, 355], [302, 303], [302, 305], [320, 321], [320, 335], [321, 320], [321, 322], [325, 320], [325, 326], [358, 359], [358, 361]]}, "plot_component_interpretation": {"executed_lines": [], "summary": {"covered_lines": 0, "num_statements": 47, "percent_covered": 0.0, "percent_covered_display": "0.00", "missing_lines": 47, "excluded_lines": 0, "num_branches": 26, "num_partial_branches": 0, "covered_branches": 0, "missing_branches": 26}, "missing_lines": [404, 405, 407, 409, 410, 412, 414, 415, 416, 418, 421, 422, 423, 425, 428, 431, 432, 434, 440, 443, 444, 445, 446, 447, 448, 450, 452, 453, 454, 455, 456, 459, 460, 461, 462, 469, 472, 473, 476, 477, 478, 479, 486, 487, 489, 490, 492], "excluded_lines": [], "executed_branches": [], "missing_branches": [[404, 405], [404, 407], [409, 410], [409, 412], [414, 415], [414, 486], [415, 416], [415, 418], [422, 423], [422, 425], [443, 444], [443, 445], [445, 446], [445, 447], [447, 448], [447, 450], [459, 460], [459, 469], [460, 459], [460, 461], [472, 414], [472, 473], [476, 414], [476, 477], [489, 490], [489, 492]]}, "plot_embeddings_grid": {"executed_lines": [], "summary": {"covered_lines": 0, "num_statements": 57, "percent_covered": 0.0, "percent_covered_display": "0.00", "missing_lines": 57, "excluded_lines": 0, "num_branches": 40, "num_partial_branches": 0, "covered_branches": 0, "missing_branches": 40}, "missing_lines": [537, 538, 541, 542, 543, 544, 545, 546, 548, 550, 551, 552, 554, 555, 556, 559, 560, 562, 563, 565, 566, 567, 568, 569, 572, 573, 574, 575, 577, 580, 581, 582, 583, 584, 586, 588, 591, 598, 599, 600, 601, 602, 603, 604, 605, 607, 608, 609, 610, 613, 614, 615, 616, 618, 620, 621, 623], "excluded_lines": [], "executed_branches": [], "missing_branches": [[537, 538], [537, 541], [542, 543], [542, 554], [543, 544], [543, 545], [545, 546], [545, 548], [550, 542], [550, 551], [551, 550], [551, 552], [554, 555], [554, 559], [562, 563], [562, 565], [566, 567], [566, 568], [568, 569], [568, 572], [572, 573], [572, 613], [580, 581], [580, 582], [582, 583], [582, 588], [583, 584], [583, 586], [599, 600], [599, 607], [601, 602], [601, 604], [602, 601], [602, 603], [604, 605], [604, 607], [613, 614], [613, 618], [620, 621], [620, 623]]}, "plot_neuron_selectivity_summary": {"executed_lines": [], "summary": {"covered_lines": 0, "num_statements": 19, "percent_covered": 0.0, "percent_covered_display": "0.00", "missing_lines": 19, "excluded_lines": 0, "num_branches": 6, "num_partial_branches": 0, "covered_branches": 0, "missing_branches": 6}, "missing_lines": [660, 662, 677, 679, 680, 683, 686, 689, 690, 691, 694, 695, 696, 699, 703, 704, 706, 707, 709], "excluded_lines": [], "executed_branches": [], "missing_branches": [[660, 662], [660, 677], [689, 690], [689, 694], [706, 707], [706, 709]]}, "plot_component_selectivity_heatmap": {"executed_lines": [], "summary": {"covered_lines": 0, "num_statements": 28, "percent_covered": 0.0, "percent_covered_display": "0.00", "missing_lines": 28, "excluded_lines": 0, "num_branches": 10, "num_partial_branches": 0, "covered_branches": 0, "missing_branches": 10}, "missing_lines": [742, 744, 746, 747, 748, 750, 751, 753, 754, 755, 757, 758, 759, 762, 765, 768, 769, 770, 773, 774, 777, 778, 780, 782, 783, 785, 786, 788], "excluded_lines": [], "executed_branches": [], "missing_branches": [[744, 746], [744, 750], [750, 751], [750, 753], [754, 755], [754, 757], [758, 759], [758, 782], [785, 786], [785, 788]]}, "": {"executed_lines": [1, 9, 10, 11, 12, 13, 14, 15, 18, 21, 244, 364, 495, 630, 712], "summary": {"covered_lines": 14, "num_statements": 14, "percent_covered": 100.0, "percent_covered_display": "100.00", "missing_lines": 0, "excluded_lines": 0, "num_branches": 0, "num_partial_branches": 0, "covered_branches": 0, "missing_branches": 0}, "missing_lines": [], "excluded_lines": [], "executed_branches": [], "missing_branches": []}}, "classes": {"": {"executed_lines": [1, 9, 10, 11, 12, 13, 14, 15, 18, 21, 244, 364, 495, 630, 712], "summary": {"covered_lines": 14, "num_statements": 285, "percent_covered": 3.341288782816229, "percent_covered_display": "3.34", "missing_lines": 271, "excluded_lines": 0, "num_branches": 134, "num_partial_branches": 0, "covered_branches": 0, "missing_branches": 134}, "missing_lines": [65, 66, 68, 69, 72, 73, 76, 77, 80, 81, 87, 88, 90, 100, 102, 103, 104, 106, 109, 111, 112, 114, 116, 122, 124, 125, 128, 129, 130, 131, 132, 133, 134, 135, 136, 137, 138, 140, 142, 143, 144, 145, 148, 150, 151, 153, 159, 162, 163, 164, 165, 166, 172, 174, 175, 176, 177, 180, 181, 184, 192, 193, 195, 196, 197, 198, 201, 202, 211, 217, 224, 225, 226, 227, 228, 229, 232, 233, 234, 235, 238, 239, 241, 275, 276, 278, 280, 281, 283, 286, 287, 289, 299, 301, 302, 303, 305, 306, 309, 317, 318, 320, 321, 322, 323, 325, 326, 335, 341, 348, 349, 350, 351, 352, 353, 355, 356, 358, 359, 361, 404, 405, 407, 409, 410, 412, 414, 415, 416, 418, 421, 422, 423, 425, 428, 431, 432, 434, 440, 443, 444, 445, 446, 447, 448, 450, 452, 453, 454, 455, 456, 459, 460, 461, 462, 469, 472, 473, 476, 477, 478, 479, 486, 487, 489, 490, 492, 537, 538, 541, 542, 543, 544, 545, 546, 548, 550, 551, 552, 554, 555, 556, 559, 560, 562, 563, 565, 566, 567, 568, 569, 572, 573, 574, 575, 577, 580, 581, 582, 583, 584, 586, 588, 591, 598, 599, 600, 601, 602, 603, 604, 605, 607, 608, 609, 610, 613, 614, 615, 616, 618, 620, 621, 623, 660, 662, 677, 679, 680, 683, 686, 689, 690, 691, 694, 695, 696, 699, 703, 704, 706, 707, 709, 742, 744, 746, 747, 748, 750, 751, 753, 754, 755, 757, 758, 759, 762, 765, 768, 769, 770, 773, 774, 777, 778, 780, 782, 783, 785, 786, 788], "excluded_lines": [], "executed_branches": [], "missing_branches": [[65, 66], [65, 68], [72, 73], [72, 76], [80, 81], [80, 87], [87, 88], [87, 90], [102, 103], [102, 232], [103, 104], [103, 106], [111, 112], [111, 140], [128, 129], [128, 142], [150, 151], [150, 172], [162, 163], [162, 174], [164, 165], [164, 174], [180, 102], [180, 181], [195, 196], [195, 211], [196, 195], [196, 197], [201, 195], [201, 202], [233, 234], [233, 235], [238, 239], [238, 241], [275, 276], [275, 278], [280, 281], [280, 283], [286, 287], [286, 289], [301, 302], [301, 355], [302, 303], [302, 305], [320, 321], [320, 335], [321, 320], [321, 322], [325, 320], [325, 326], [358, 359], [358, 361], [404, 405], [404, 407], [409, 410], [409, 412], [414, 415], [414, 486], [415, 416], [415, 418], [422, 423], [422, 425], [443, 444], [443, 445], [445, 446], [445, 447], [447, 448], [447, 450], [459, 460], [459, 469], [460, 459], [460, 461], [472, 414], [472, 473], [476, 414], [476, 477], [489, 490], [489, 492], [537, 538], [537, 541], [542, 543], [542, 554], [543, 544], [543, 545], [545, 546], [545, 548], [550, 542], [550, 551], [551, 550], [551, 552], [554, 555], [554, 559], [562, 563], [562, 565], [566, 567], [566, 568], [568, 569], [568, 572], [572, 573], [572, 613], [580, 581], [580, 582], [582, 583], [582, 588], [583, 584], [583, 586], [599, 600], [599, 607], [601, 602], [601, 604], [602, 601], [602, 603], [604, 605], [604, 607], [613, 614], [613, 618], [620, 621], [620, 623], [660, 662], [660, 677], [689, 690], [689, 694], [706, 707], [706, 709], [744, 746], [744, 750], [750, 751], [750, 753], [754, 755], [754, 757], [758, 759], [758, 782], [785, 786], [785, 788]]}}}}, "totals": {"covered_lines": 1440, "num_statements": 8059, "percent_covered": 14.685190132692137, "percent_covered_display": "14.69", "missing_lines": 6619, "excluded_lines": 16, "num_branches": 3170, "num_partial_branches": 45, "covered_branches": 209, "missing_branches": 2961}}