[
  {
    "test_file": "tests/integration/test_integration.py",
    "status": "passed",
    "duration": 44.3,
    "coverage": 0,
    "passed": 7,
    "failed": 0,
    "skipped": 0,
    "errors": [],
    "timeout": false,
    "simplification_needed": true
  },
  {
    "test_file": "tests/integration/test_selectivity_mapper.py",
    "status": "passed",
    "duration": 25.97,
    "coverage": 0,
    "passed": 13,
    "failed": 0,
    "skipped": 0,
    "errors": [],
    "timeout": false,
    "simplification_needed": true
  },
  {
    "test_file": "tests/unit/dim_reduction/test_ae_vae_advanced.py",
    "status": "passed",
    "duration": 17.86,
    "coverage": 0,
    "passed": 4,
    "failed": 0,
    "skipped": 0,
    "errors": [],
    "timeout": false,
    "simplification_needed": false
  },
  {
    "test_file": "tests/unit/dim_reduction/test_correct_cov_spectrum.py",
    "status": "passed",
    "duration": 10.46,
    "coverage": 0,
    "passed": 7,
    "failed": 0,
    "skipped": 0,
    "errors": [],
    "timeout": false,
    "simplification_needed": false
  },
  {
    "test_file": "tests/unit/dim_reduction/test_dr.py",
    "status": "passed",
    "duration": 35.38,
    "coverage": 0,
    "passed": 11,
    "failed": 0,
    "skipped": 0,
    "errors": [],
    "timeout": false,
    "simplification_needed": true
  },
  {
    "test_file": "tests/unit/dim_reduction/test_dr_defaults.py",
    "status": "passed",
    "duration": 32.46,
    "coverage": 0,
    "passed": 13,
    "failed": 0,
    "skipped": 0,
    "errors": [],
    "timeout": false,
    "simplification_needed": true
  },
  {
    "test_file": "tests/unit/dim_reduction/test_dr_extended.py",
    "status": "passed",
    "duration": 47.58,
    "coverage": 0,
    "passed": 21,
    "failed": 0,
    "skipped": 1,
    "errors": [],
    "timeout": false,
    "simplification_needed": true
  },
  {
    "test_file": "tests/unit/dim_reduction/test_eff_dim.py",
    "status": "passed",
    "duration": 11.44,
    "coverage": 0,
    "passed": 11,
    "failed": 0,
    "skipped": 0,
    "errors": [],
    "timeout": false,
    "simplification_needed": false
  },
  {
    "test_file": "tests/unit/dim_reduction/test_eps_graph.py",
    "status": "passed",
    "duration": 11.69,
    "coverage": 0,
    "passed": 5,
    "failed": 0,
    "skipped": 0,
    "errors": [],
    "timeout": false,
    "simplification_needed": false
  },
  {
    "test_file": "tests/unit/dim_reduction/test_intrinsic.py",
    "status": "passed",
    "duration": 25.6,
    "coverage": 0,
    "passed": 22,
    "failed": 0,
    "skipped": 0,
    "errors": [],
    "timeout": false,
    "simplification_needed": true
  },
  {
    "test_file": "tests/unit/dim_reduction/test_linear.py",
    "status": "passed",
    "duration": 10.9,
    "coverage": 0,
    "passed": 26,
    "failed": 0,
    "skipped": 0,
    "errors": [],
    "timeout": false,
    "simplification_needed": false
  },
  {
    "test_file": "tests/unit/dim_reduction/test_manifold_metrics.py",
    "status": "passed",
    "duration": 12.04,
    "coverage": 0,
    "passed": 10,
    "failed": 0,
    "skipped": 0,
    "errors": [],
    "timeout": false,
    "simplification_needed": false
  },
  {
    "test_file": "tests/unit/experiment/synthetic/test_2d_spatial_manifold.py",
    "status": "failed",
    "duration": 152.39,
    "coverage": 0,
    "passed": 16,
    "failed": 1,
    "skipped": 0,
    "errors": [
      "FAILED",
      "FAILED tests/unit/experiment/synthetic/test_2d_spatial_manifold.py::TestGenerate2DManifoldExp::test_parameter_effects - TypeError: unsupported operand type(s) for /: 'MultiTimeSeries' and 'int'"
    ],
    "timeout": false,
    "simplification_needed": true
  },
  {
    "test_file": "tests/unit/experiment/synthetic/test_3d_spatial_manifold.py",
    "status": "failed",
    "duration": 10.88,
    "coverage": 0,
    "passed": 0,
    "failed": 1,
    "skipped": 0,
    "errors": [
      "tests/unit/experiment/synthetic/test_3d_spatial_manifold.py::TestGenerate3DRandomWalk::test_basic_generation FAILED",
      "FAILED tests/unit/experiment/synthetic/test_3d_spatial_manifold.py::TestGenerate3DRandomWalk::test_basic_generation - assert (3, 1000) == (1000, 3)"
    ],
    "timeout": false,
    "simplification_needed": false
  },
  {
    "test_file": "tests/unit/experiment/synthetic/test_circular_manifold.py",
    "status": "failed",
    "duration": 15.37,
    "coverage": 0,
    "passed": 12,
    "failed": 1,
    "skipped": 0,
    "errors": [
      "FAILED",
      "FAILED tests/unit/experiment/synthetic/test_circular_manifold.py::test_generate_circular_manifold_data_calcium - ValueError: ts_bunch2 cannot be empty"
    ],
    "timeout": false,
    "simplification_needed": false
  },
  {
    "test_file": "tests/unit/experiment/synthetic/test_mixed_population.py",
    "status": "timeout",
    "duration": 300,
    "coverage": 0,
    "passed": 0,
    "failed": 0,
    "skipped": 0,
    "errors": [],
    "timeout": true,
    "simplification_needed": true
  },
  {
    "test_file": "tests/unit/experiment/test_calcium_dynamics.py",
    "status": "timeout",
    "duration": 300,
    "coverage": 0,
    "passed": 0,
    "failed": 0,
    "skipped": 0,
    "errors": [],
    "timeout": true,
    "simplification_needed": true
  },
  {
    "test_file": "tests/unit/experiment/test_duplicate_behavior.py",
    "status": "passed",
    "duration": 46.93,
    "coverage": 0,
    "passed": 5,
    "failed": 0,
    "skipped": 0,
    "errors": [],
    "timeout": false,
    "simplification_needed": true
  },
  {
    "test_file": "tests/unit/experiment/test_exp.py",
    "status": "passed",
    "duration": 23.77,
    "coverage": 0,
    "passed": 2,
    "failed": 0,
    "skipped": 0,
    "errors": [],
    "timeout": false,
    "simplification_needed": true
  },
  {
    "test_file": "tests/unit/experiment/test_neuron.py",
    "status": "passed",
    "duration": 35.71,
    "coverage": 0,
    "passed": 2,
    "failed": 0,
    "skipped": 0,
    "errors": [],
    "timeout": false,
    "simplification_needed": true
  },
  {
    "test_file": "tests/unit/experiment/test_spike_reconstruction.py",
    "status": "passed",
    "duration": 20.47,
    "coverage": 0,
    "passed": 6,
    "failed": 0,
    "skipped": 0,
    "errors": [],
    "timeout": false,
    "simplification_needed": true
  },
  {
    "test_file": "tests/unit/experiment/test_spike_reconstruction_refactor.py",
    "status": "passed",
    "duration": 19.38,
    "coverage": 0,
    "passed": 7,
    "failed": 0,
    "skipped": 0,
    "errors": [],
    "timeout": false,
    "simplification_needed": false
  },
  {
    "test_file": "tests/unit/gdrive/test_download.py",
    "status": "failed",
    "duration": 33.67,
    "coverage": 0,
    "passed": 2,
    "failed": 1,
    "skipped": 0,
    "errors": [
      "FAILED",
      "E   AssertionError: assert ['test2.txt', 'test.txt'] == ['test.txt', 'test2.txt']",
      "FAILED tests/unit/gdrive/test_download.py::test_download_extension - AssertionError: assert ['test2.txt', 'test.txt'] == ['test.txt', 'test2.txt']"
    ],
    "timeout": false,
    "simplification_needed": true
  },
  {
    "test_file": "tests/unit/information/test_conditional_mi_and_interaction.py",
    "status": "passed",
    "duration": 27.58,
    "coverage": 0,
    "passed": 21,
    "failed": 0,
    "skipped": 0,
    "errors": [],
    "timeout": false,
    "simplification_needed": true
  },
  {
    "test_file": "tests/unit/information/test_entropy.py",
    "status": "passed",
    "duration": 15.17,
    "coverage": 0,
    "passed": 10,
    "failed": 0,
    "skipped": 0,
    "errors": [],
    "timeout": false,
    "simplification_needed": false
  },
  {
    "test_file": "tests/unit/information/test_gcmi.py",
    "status": "passed",
    "duration": 37.27,
    "coverage": 0,
    "passed": 43,
    "failed": 0,
    "skipped": 0,
    "errors": [],
    "timeout": false,
    "simplification_needed": true
  },
  {
    "test_file": "tests/unit/intense/test_disentanglement.py",
    "status": "passed",
    "duration": 30.02,
    "coverage": 0,
    "passed": 27,
    "failed": 0,
    "skipped": 0,
    "errors": [],
    "timeout": false,
    "simplification_needed": true
  },
  {
    "test_file": "tests/unit/intense/test_intense.py",
    "status": "passed",
    "duration": 50.06,
    "coverage": 0,
    "passed": 37,
    "failed": 0,
    "skipped": 0,
    "errors": [],
    "timeout": false,
    "simplification_needed": true
  },
  {
    "test_file": "tests/unit/intense/test_intense_pipelines.py",
    "status": "timeout",
    "duration": 300,
    "coverage": 0,
    "passed": 0,
    "failed": 0,
    "skipped": 0,
    "errors": [],
    "timeout": true,
    "simplification_needed": true
  },
  {
    "test_file": "tests/unit/intense/test_stats.py",
    "status": "passed",
    "duration": 10.8,
    "coverage": 0,
    "passed": 15,
    "failed": 0,
    "skipped": 0,
    "errors": [],
    "timeout": false,
    "simplification_needed": false
  },
  {
    "test_file": "tests/unit/network/test_network.py",
    "status": "passed",
    "duration": 12.48,
    "coverage": 0,
    "passed": 6,
    "failed": 0,
    "skipped": 0,
    "errors": [],
    "timeout": false,
    "simplification_needed": false
  },
  {
    "test_file": "tests/unit/test_api_imports.py",
    "status": "passed",
    "duration": 10.14,
    "coverage": 0,
    "passed": 8,
    "failed": 0,
    "skipped": 0,
    "errors": [],
    "timeout": false,
    "simplification_needed": false
  },
  {
    "test_file": "tests/unit/utils/test_spatial.py",
    "status": "passed",
    "duration": 20.93,
    "coverage": 0,
    "passed": 34,
    "failed": 0,
    "skipped": 0,
    "errors": [],
    "timeout": false,
    "simplification_needed": true
  },
  {
    "test_file": "tests/unit/utils/test_utils_signals.py",
    "status": "passed",
    "duration": 15.16,
    "coverage": 0,
    "passed": 12,
    "failed": 0,
    "skipped": 0,
    "errors": [],
    "timeout": false,
    "simplification_needed": false
  },
  {
    "test_file": "tests/unit/visualization/test_visual.py",
    "status": "passed",
    "duration": 35.52,
    "coverage": 0,
    "passed": 26,
    "failed": 0,
    "skipped": 0,
    "errors": [],
    "timeout": false,
    "simplification_needed": true
  },
  {
    "test_file": "tests/unit/visualization/test_visual_utils.py",
    "status": "passed",
    "duration": 16.98,
    "coverage": 0,
    "passed": 8,
    "failed": 0,
    "skipped": 0,
    "errors": [],
    "timeout": false,
    "simplification_needed": false
  }
]