============================= test session starts ==============================
platform darwin -- Python 3.10.18, pytest-8.4.1, pluggy-1.6.0 -- /opt/anaconda3/envs/driada/bin/python3.10
cachedir: .pytest_cache
rootdir: /Users/nikita/PycharmProjects/driada2
configfile: pytest.ini
plugins: cov-6.2.1
collecting ... collected 509 items / 1 deselected / 508 selected

tests/unit/dim_reduction/test_ae_vae_advanced.py::test_vae_latent_space_regularization PASSED [  0%]
tests/unit/dim_reduction/test_ae_vae_advanced.py::test_ae_correlation_loss PASSED [  0%]
tests/unit/dim_reduction/test_ae_vae_advanced.py::test_vae_encoder_unconstrained PASSED [  0%]
tests/unit/dim_reduction/test_correct_cov_spectrum.py::TestCorrectCovSpectrum::test_basic_functionality PASSED [  0%]
tests/unit/dim_reduction/test_correct_cov_spectrum.py::TestCorrectCovSpectrum::test_negative_eigenvalues_handling PASSED [  0%]
tests/unit/dim_reduction/test_correct_cov_spectrum.py::TestCorrectCovSpectrum::test_warning_for_significant_negative_eigenvalues PASSED [  1%]
tests/unit/dim_reduction/test_correct_cov_spectrum.py::TestCorrectCovSpectrum::test_min_eigenvalue_parameter PASSED [  1%]
tests/unit/dim_reduction/test_correct_cov_spectrum.py::TestCorrectCovSpectrum::test_ensemble_size_parameter PASSED [  1%]
tests/unit/dim_reduction/test_correct_cov_spectrum.py::TestCorrectCovSpectrum::test_extreme_cases PASSED [  1%]
tests/unit/dim_reduction/test_correct_cov_spectrum.py::TestCorrectCovSpectrum::test_convergence_behavior PASSED [  1%]
tests/unit/dim_reduction/test_dr.py::test_corrmat PASSED                 [  2%]
tests/unit/dim_reduction/test_dr.py::test_proximity_graph PASSED         [  2%]
tests/unit/dim_reduction/test_dr.py::test_pca PASSED                     [  2%]
tests/unit/dim_reduction/test_dr.py::test_le PASSED                      [  2%]
tests/unit/dim_reduction/test_dr.py::test_auto_le PASSED                 [  2%]
tests/unit/dim_reduction/test_dr.py::test_umap PASSED                    [  3%]
tests/unit/dim_reduction/test_dr.py::test_isomap PASSED                  [  3%]
tests/unit/dim_reduction/test_dr.py::test_tsne PASSED                    [  3%]
tests/unit/dim_reduction/test_dr.py::test_auto_dmaps PASSED              [  3%]
tests/unit/dim_reduction/test_dr.py::test_ae_simple PASSED               [  3%]
tests/unit/dim_reduction/test_dr.py::test_ae_corr PASSED                 [  4%]
tests/unit/dim_reduction/test_dr_defaults.py::TestDRMethodDefaults::test_drmethod_has_defaults PASSED [  4%]
tests/unit/dim_reduction/test_dr_defaults.py::TestMergeParamsWithDefaults::test_merge_with_no_user_params PASSED [  4%]
tests/unit/dim_reduction/test_dr_defaults.py::TestMergeParamsWithDefaults::test_merge_with_flat_user_params PASSED [  4%]
tests/unit/dim_reduction/test_dr_defaults.py::TestMergeParamsWithDefaults::test_merge_with_structured_params PASSED [  4%]
tests/unit/dim_reduction/test_dr_defaults.py::TestMergeParamsWithDefaults::test_invalid_method_raises_error PASSED [  5%]
tests/unit/dim_reduction/test_dr_defaults.py::TestMVDataSimplifiedAPI::test_simplified_api_pca PASSED [  5%]
tests/unit/dim_reduction/test_dr_defaults.py::TestMVDataSimplifiedAPI::test_simplified_api_graph_method PASSED [  5%]
tests/unit/dim_reduction/test_dr_defaults.py::TestMVDataSimplifiedAPI::test_simplified_api_tsne PASSED [  5%]
tests/unit/dim_reduction/test_dr_defaults.py::TestMVDataSimplifiedAPI::test_simplified_api_mds PASSED [  5%]
tests/unit/dim_reduction/test_dr_defaults.py::TestMVDataSimplifiedAPI::test_backward_compatibility PASSED [  6%]
tests/unit/dim_reduction/test_dr_defaults.py::TestMVDataSimplifiedAPI::test_error_handling PASSED [  6%]
tests/unit/dim_reduction/test_dr_defaults.py::TestParameterPropagation::test_umap_parameters PASSED [  6%]
tests/unit/dim_reduction/test_dr_defaults.py::TestParameterPropagation::test_graph_parameters PASSED [  6%]
tests/unit/dim_reduction/test_dr_extended.py::test_mds PASSED            [  6%]
tests/unit/dim_reduction/test_dr_extended.py::test_lle PASSED            [  7%]
tests/unit/dim_reduction/test_dr_extended.py::test_hlle PASSED           [  7%]
tests/unit/dim_reduction/test_dr_extended.py::test_mvu SKIPPED (MVU ...) [  7%]
tests/unit/dim_reduction/test_dr_extended.py::test_vae PASSED            [  7%]
tests/unit/dim_reduction/test_dr_extended.py::test_dmaps_not_implemented PASSED [  7%]
tests/unit/dim_reduction/test_dr_extended.py::test_experiment_to_mvdata_pipeline PASSED [  8%]
tests/unit/dim_reduction/test_dr_extended.py::test_circular_manifold_extraction PASSED [  8%]
tests/unit/dim_reduction/test_dr_extended.py::test_2d_manifold_extraction PASSED [  8%]
tests/unit/dim_reduction/test_dr_extended.py::test_pca_performance[100-10] PASSED [  8%]
tests/unit/dim_reduction/test_dr_extended.py::test_pca_performance[500-50] PASSED [  8%]
tests/unit/dim_reduction/test_dr_extended.py::test_pca_performance[1000-100] PASSED [  9%]
tests/unit/dim_reduction/test_dr_extended.py::test_nonlinear_methods_performance[isomap] PASSED [  9%]
tests/unit/dim_reduction/test_dr_extended.py::test_nonlinear_methods_performance[le] PASSED [  9%]
tests/unit/dim_reduction/test_dr_extended.py::test_nonlinear_methods_performance[tsne] PASSED [  9%]
tests/unit/dim_reduction/test_dr_extended.py::test_linear_manifold_preservation PASSED [  9%]
tests/unit/dim_reduction/test_dr_extended.py::test_swiss_roll_unfolding FAILED [ 10%]
tests/unit/dim_reduction/test_dr_extended.py::test_circle_preservation PASSED [ 10%]
tests/unit/dim_reduction/test_dr_extended.py::test_graph_construction_methods PASSED [ 10%]
tests/unit/dim_reduction/test_dr_extended.py::test_small_dataset PASSED  [ 10%]
tests/unit/dim_reduction/test_dr_extended.py::test_high_dimensional_data PASSED [ 10%]
tests/unit/dim_reduction/test_dr_extended.py::test_linear_vs_nonlinear_on_manifolds FAILED [ 11%]
tests/unit/dim_reduction/test_eff_dim.py::TestEffDim::test_eff_dim_basic PASSED [ 11%]
tests/unit/dim_reduction/test_eff_dim.py::TestEffDim::test_eff_dim_with_low_rank_data PASSED [ 11%]
tests/unit/dim_reduction/test_eff_dim.py::TestEffDim::test_eff_dim_with_identity_covariance PASSED [ 11%]
tests/unit/dim_reduction/test_eff_dim.py::TestEffDim::test_eff_dim_with_correction_small_ratio PASSED [ 11%]
tests/unit/dim_reduction/test_eff_dim.py::TestEffDim::test_eff_dim_different_q_values PASSED [ 12%]
tests/unit/dim_reduction/test_eff_dim.py::TestEffDim::test_eff_dim_warning_large_ratio PASSED [ 12%]
tests/unit/dim_reduction/test_eff_dim.py::TestEffDim::test_eff_dim_correction_edge_cases PASSED [ 12%]
tests/unit/dim_reduction/test_eff_dim.py::TestEffDim::test_eff_dim_single_dimension PASSED [ 12%]
tests/unit/dim_reduction/test_eff_dim.py::TestEffDim::test_eff_dim_negative_eigenvalues PASSED [ 12%]
tests/unit/dim_reduction/test_eff_dim.py::TestEffDim::test_eff_dim_correction_with_warnings PASSED [ 12%]
tests/unit/dim_reduction/test_eff_dim.py::TestEffDim::test_eff_dim_extreme_cases PASSED [ 13%]
tests/unit/dim_reduction/test_eps_graph.py::TestEpsGraph::test_eps_graph_basic PASSED [ 13%]
tests/unit/dim_reduction/test_eps_graph.py::TestEpsGraph::test_eps_graph_weighted PASSED [ 13%]
tests/unit/dim_reduction/test_eps_graph.py::TestEpsGraph::test_eps_graph_too_sparse PASSED [ 13%]
tests/unit/dim_reduction/test_eps_graph.py::TestEpsGraph::test_eps_graph_different_metrics PASSED [ 13%]
tests/unit/dim_reduction/test_eps_graph.py::TestEpsGraph::test_eps_graph_dense_warning PASSED [ 14%]
tests/unit/dim_reduction/test_intrinsic.py::TestNNDimension::test_basic_functionality PASSED [ 14%]
tests/unit/dim_reduction/test_intrinsic.py::TestNNDimension::test_linear_subspace PASSED [ 14%]
tests/unit/dim_reduction/test_intrinsic.py::TestNNDimension::test_circle_manifold PASSED [ 14%]
tests/unit/dim_reduction/test_intrinsic.py::TestNNDimension::test_sphere_manifold PASSED [ 14%]
tests/unit/dim_reduction/test_intrinsic.py::TestNNDimension::test_swiss_roll PASSED [ 15%]
tests/unit/dim_reduction/test_intrinsic.py::TestNNDimension::test_s_curve PASSED [ 15%]
tests/unit/dim_reduction/test_intrinsic.py::TestNNDimension::test_different_k_values PASSED [ 15%]
tests/unit/dim_reduction/test_intrinsic.py::TestNNDimension::test_noise_robustness PASSED [ 15%]
tests/unit/dim_reduction/test_intrinsic.py::TestNNDimension::test_sample_size_scaling PASSED [ 15%]
tests/unit/dim_reduction/test_intrinsic.py::TestNNDimension::test_edge_cases PASSED [ 16%]
tests/unit/dim_reduction/test_intrinsic.py::TestNNDimension::test_graph_methods[sklearn] PASSED [ 16%]
tests/unit/dim_reduction/test_intrinsic.py::TestNNDimension::test_graph_methods[pynndescent] PASSED [ 16%]
tests/unit/dim_reduction/test_intrinsic.py::TestCorrelationDimension::test_basic_functionality PASSED [ 16%]
tests/unit/dim_reduction/test_intrinsic.py::TestCorrelationDimension::test_linear_subspace PASSED [ 16%]
tests/unit/dim_reduction/test_intrinsic.py::TestCorrelationDimension::test_circle_manifold PASSED [ 17%]
tests/unit/dim_reduction/test_intrinsic.py::TestCorrelationDimension::test_swiss_roll PASSED [ 17%]
tests/unit/dim_reduction/test_intrinsic.py::TestCorrelationDimension::test_automatic_range_selection PASSED [ 17%]
tests/unit/dim_reduction/test_intrinsic.py::TestCorrelationDimension::test_n_bins_sensitivity PASSED [ 17%]
tests/unit/dim_reduction/test_intrinsic.py::TestCorrelationDimension::test_noise_robustness PASSED [ 17%]
tests/unit/dim_reduction/test_intrinsic.py::TestCorrelationDimension::test_sample_size_effect PASSED [ 18%]
tests/unit/dim_reduction/test_intrinsic.py::TestCorrelationDimension::test_edge_cases PASSED [ 18%]
tests/unit/dim_reduction/test_intrinsic.py::TestCorrelationDimension::test_fractal_dimension PASSED [ 18%]
tests/unit/dim_reduction/test_linear.py::TestPCADimension::test_basic_functionality PASSED [ 18%]
tests/unit/dim_reduction/test_linear.py::TestPCADimension::test_exact_linear_subspace PASSED [ 18%]
tests/unit/dim_reduction/test_linear.py::TestPCADimension::test_threshold_sensitivity PASSED [ 19%]
tests/unit/dim_reduction/test_linear.py::TestPCADimension::test_standardization_effect PASSED [ 19%]
tests/unit/dim_reduction/test_linear.py::TestPCADimension::test_noisy_manifold PASSED [ 19%]
tests/unit/dim_reduction/test_linear.py::TestPCADimension::test_high_dimensional_data PASSED [ 19%]
tests/unit/dim_reduction/test_linear.py::TestPCADimension::test_edge_cases PASSED [ 19%]
tests/unit/dim_reduction/test_linear.py::TestPCADimension::test_known_covariance_structure PASSED [ 20%]
tests/unit/dim_reduction/test_linear.py::TestPCADimensionProfile::test_basic_functionality PASSED [ 20%]
tests/unit/dim_reduction/test_linear.py::TestPCADimensionProfile::test_default_thresholds PASSED [ 20%]
tests/unit/dim_reduction/test_linear.py::TestPCADimensionProfile::test_custom_thresholds PASSED [ 20%]
tests/unit/dim_reduction/test_linear.py::TestPCADimensionProfile::test_consistency_with_pca_dimension PASSED [ 20%]
tests/unit/dim_reduction/test_linear.py::TestPCADimensionProfile::test_variance_explained_consistency PASSED [ 21%]
tests/unit/dim_reduction/test_linear.py::TestPCADimensionProfile::test_profile_visualization_data PASSED [ 21%]
tests/unit/dim_reduction/test_linear.py::TestEffectiveRank::test_basic_functionality PASSED [ 21%]
tests/unit/dim_reduction/test_linear.py::TestEffectiveRank::test_exact_rank_k_matrix PASSED [ 21%]
tests/unit/dim_reduction/test_linear.py::TestEffectiveRank::test_uniform_eigenvalues PASSED [ 21%]
tests/unit/dim_reduction/test_linear.py::TestEffectiveRank::test_exponential_eigenvalue_decay PASSED [ 22%]
tests/unit/dim_reduction/test_linear.py::TestEffectiveRank::test_comparison_with_pca_dimension PASSED [ 22%]
tests/unit/dim_reduction/test_linear.py::TestEffectiveRank::test_standardization_effect PASSED [ 22%]
tests/unit/dim_reduction/test_linear.py::TestEffectiveRank::test_manifold_data PASSED [ 22%]
tests/unit/dim_reduction/test_linear.py::TestEffectiveRank::test_edge_cases PASSED [ 22%]
tests/unit/dim_reduction/test_linear.py::TestEffectiveRank::test_entropy_interpretation PASSED [ 23%]
tests/unit/dim_reduction/test_linear.py::TestEffectiveRank::test_numerical_stability PASSED [ 23%]
tests/unit/dim_reduction/test_linear.py::TestIntegration::test_methods_on_same_data PASSED [ 23%]
tests/unit/dim_reduction/test_linear.py::TestIntegration::test_manifold_comparison PASSED [ 23%]
tests/unit/dim_reduction/test_manifold_metrics.py::test_compute_distance_matrix PASSED [ 23%]
tests/unit/dim_reduction/test_manifold_metrics.py::test_knn_preservation_rate PASSED [ 24%]
tests/unit/dim_reduction/test_manifold_metrics.py::test_trustworthiness_continuity PASSED [ 24%]
tests/unit/dim_reduction/test_manifold_metrics.py::test_geodesic_distance_correlation PASSED [ 24%]
tests/unit/dim_reduction/test_manifold_metrics.py::test_stress PASSED    [ 24%]
tests/unit/dim_reduction/test_manifold_metrics.py::test_circular_structure_preservation PASSED [ 24%]
tests/unit/dim_reduction/test_manifold_metrics.py::test_procrustes_analysis PASSED [ 25%]
tests/unit/dim_reduction/test_manifold_metrics.py::test_manifold_preservation_score PASSED [ 25%]
tests/unit/dim_reduction/test_manifold_metrics.py::test_error_handling PASSED [ 25%]
tests/unit/dim_reduction/test_manifold_metrics.py::test_edge_cases PASSED [ 25%]
tests/unit/experiment/synthetic/test_2d_spatial_manifold.py::TestGenerate2DRandomWalk::test_basic_generation FAILED [ 25%]
tests/unit/experiment/synthetic/test_2d_spatial_manifold.py::TestGenerate2DRandomWalk::test_custom_bounds FAILED [ 25%]
tests/unit/experiment/synthetic/test_2d_spatial_manifold.py::TestGenerate2DRandomWalk::test_step_size_effect FAILED [ 26%]
tests/unit/experiment/synthetic/test_2d_spatial_manifold.py::TestGenerate2DRandomWalk::test_momentum_effect FAILED [ 26%]
tests/unit/experiment/synthetic/test_2d_spatial_manifold.py::TestGenerate2DRandomWalk::test_reproducibility PASSED [ 26%]
tests/unit/experiment/synthetic/test_2d_spatial_manifold.py::TestGaussianPlaceField::test_basic_response FAILED [ 26%]
tests/unit/experiment/synthetic/test_2d_spatial_manifold.py::TestGaussianPlaceField::test_sigma_effect FAILED [ 26%]
tests/unit/experiment/synthetic/test_2d_spatial_manifold.py::TestGenerate2DManifoldNeurons::test_basic_generation FAILED [ 27%]
tests/unit/experiment/synthetic/test_2d_spatial_manifold.py::TestGenerate2DManifoldNeurons::test_grid_arrangement PASSED [ 27%]
tests/unit/experiment/synthetic/test_2d_spatial_manifold.py::TestGenerate2DManifoldNeurons::test_random_arrangement PASSED [ 27%]
tests/unit/experiment/synthetic/test_2d_spatial_manifold.py::TestGenerate2DManifoldNeurons::test_firing_rate_modulation FAILED [ 27%]
tests/unit/experiment/synthetic/test_2d_spatial_manifold.py::TestGenerate2DManifoldData::test_basic_generation FAILED [ 27%]
tests/unit/experiment/synthetic/test_2d_spatial_manifold.py::TestGenerate2DManifoldData::test_multiple_environments FAILED [ 28%]
tests/unit/experiment/synthetic/test_2d_spatial_manifold.py::TestGenerate2DManifoldExp::test_return_info_false FAILED [ 28%]
tests/unit/experiment/synthetic/test_2d_spatial_manifold.py::TestGenerate2DManifoldExp::test_return_info_true FAILED [ 28%]
tests/unit/experiment/synthetic/test_2d_spatial_manifold.py::TestGenerate2DManifoldExp::test_basic_experiment PASSED [ 28%]
tests/unit/experiment/synthetic/test_2d_spatial_manifold.py::TestGenerate2DManifoldExp::test_intense_analysis_compatibility PASSED [ 28%]
tests/unit/experiment/synthetic/test_2d_spatial_manifold.py::TestGenerate2DManifoldExp::test_multiple_environments_experiment FAILED [ 29%]
tests/unit/experiment/synthetic/test_2d_spatial_manifold.py::TestGenerate2DManifoldExp::test_parameter_effects FAILED [ 29%]
tests/unit/experiment/synthetic/test_3d_spatial_manifold.py::TestGenerate3DRandomWalk::test_basic_generation FAILED [ 29%]
tests/unit/experiment/synthetic/test_3d_spatial_manifold.py::TestGenerate3DRandomWalk::test_custom_bounds FAILED [ 29%]
tests/unit/experiment/synthetic/test_3d_spatial_manifold.py::TestGenerate3DRandomWalk::test_step_size_effect FAILED [ 29%]
tests/unit/experiment/synthetic/test_3d_spatial_manifold.py::TestGenerate3DRandomWalk::test_momentum_effect FAILED [ 30%]
tests/unit/experiment/synthetic/test_3d_spatial_manifold.py::TestGenerate3DRandomWalk::test_reproducibility PASSED [ 30%]
tests/unit/experiment/synthetic/test_3d_spatial_manifold.py::TestGaussianPlaceField3D::test_basic_response FAILED [ 30%]
tests/unit/experiment/synthetic/test_3d_spatial_manifold.py::TestGaussianPlaceField3D::test_sigma_effect FAILED [ 30%]
tests/unit/experiment/synthetic/test_3d_spatial_manifold.py::TestGenerate3DManifoldNeurons::test_basic_generation FAILED [ 30%]
tests/unit/experiment/synthetic/test_3d_spatial_manifold.py::TestGenerate3DManifoldNeurons::test_grid_arrangement PASSED [ 31%]
tests/unit/experiment/synthetic/test_3d_spatial_manifold.py::TestGenerate3DManifoldNeurons::test_random_arrangement PASSED [ 31%]
tests/unit/experiment/synthetic/test_3d_spatial_manifold.py::TestGenerate3DManifoldNeurons::test_firing_rate_modulation FAILED [ 31%]
tests/unit/experiment/synthetic/test_3d_spatial_manifold.py::TestGenerate3DManifoldData::test_basic_generation FAILED [ 31%]
tests/unit/experiment/synthetic/test_3d_spatial_manifold.py::TestGenerate3DManifoldData::test_multiple_environments FAILED [ 31%]
tests/unit/experiment/synthetic/test_3d_spatial_manifold.py::TestGenerate3DManifoldExp::test_basic_experiment FAILED [ 32%]
tests/unit/experiment/synthetic/test_3d_spatial_manifold.py::TestGenerate3DManifoldExp::test_with_head_direction FAILED [ 32%]
tests/unit/experiment/synthetic/test_3d_spatial_manifold.py::TestGenerate3DManifoldExp::test_intense_analysis_compatibility PASSED [ 32%]
tests/unit/experiment/synthetic/test_3d_spatial_manifold.py::TestGenerate3DManifoldExp::test_multiple_environments_experiment FAILED [ 32%]
tests/unit/experiment/synthetic/test_3d_spatial_manifold.py::TestGenerate3DManifoldExp::test_parameter_effects FAILED [ 32%]
tests/unit/experiment/synthetic/test_3d_spatial_manifold.py::TestGenerate3DManifoldExp::test_default_neuron_count PASSED [ 33%]
tests/unit/experiment/synthetic/test_circular_manifold.py::test_circular_random_walk_basic PASSED [ 33%]
tests/unit/experiment/synthetic/test_circular_manifold.py::test_circular_random_walk_reproducibility PASSED [ 33%]
tests/unit/experiment/synthetic/test_circular_manifold.py::test_circular_random_walk_step_sizes PASSED [ 33%]
tests/unit/experiment/synthetic/test_circular_manifold.py::test_circular_random_walk_wrapping PASSED [ 33%]
tests/unit/experiment/synthetic/test_circular_manifold.py::test_von_mises_tuning_basic PASSED [ 34%]
tests/unit/experiment/synthetic/test_circular_manifold.py::test_von_mises_circular_symmetry PASSED [ 34%]
tests/unit/experiment/synthetic/test_circular_manifold.py::test_von_mises_kappa_effect PASSED [ 34%]
tests/unit/experiment/synthetic/test_circular_manifold.py::test_generate_circular_manifold_neurons_basic PASSED [ 34%]
tests/unit/experiment/synthetic/test_circular_manifold.py::test_generate_circular_manifold_neurons_coverage PASSED [ 34%]
tests/unit/experiment/synthetic/test_circular_manifold.py::test_generate_circular_manifold_neurons_tuning PASSED [ 35%]
tests/unit/experiment/synthetic/test_circular_manifold.py::test_generate_circular_manifold_neurons_noise PASSED [ 35%]
tests/unit/experiment/synthetic/test_circular_manifold.py::test_generate_circular_manifold_data_basic PASSED [ 35%]
tests/unit/experiment/synthetic/test_circular_manifold.py::test_generate_circular_manifold_data_calcium FAILED [ 35%]
tests/unit/experiment/synthetic/test_circular_manifold.py::test_generate_circular_manifold_exp_basic FAILED [ 35%]
tests/unit/experiment/synthetic/test_circular_manifold.py::test_generate_circular_manifold_exp_extra_features FAILED [ 36%]
tests/unit/experiment/synthetic/test_circular_manifold.py::test_generate_circular_manifold_exp_parameters FAILED [ 36%]
tests/unit/experiment/synthetic/test_circular_manifold.py::test_generate_circular_manifold_exp_reproducibility FAILED [ 36%]
tests/unit/experiment/synthetic/test_circular_manifold.py::test_various_sizes[10-5] FAILED [ 36%]
tests/unit/experiment/synthetic/test_circular_manifold.py::test_various_sizes[100-60] PASSED [ 36%]
tests/unit/experiment/synthetic/test_circular_manifold.py::test_various_sizes[200-30] PASSED [ 37%]
tests/unit/experiment/synthetic/test_circular_manifold.py::test_edge_cases FAILED [ 37%]
tests/unit/experiment/synthetic/test_circular_manifold.py::test_von_mises_edge_cases PASSED [ 37%]
tests/unit/experiment/synthetic/test_circular_manifold.py::test_integration_with_intense PASSED [ 37%]
tests/unit/experiment/synthetic/test_circular_manifold.py::test_linear_vs_circular_detection FAILED [ 37%]
tests/unit/experiment/synthetic/test_mixed_population.py::TestGenerateMixedPopulationExp::test_basic_generation FAILED [ 37%]
tests/unit/experiment/synthetic/test_mixed_population.py::TestGenerateMixedPopulationExp::test_manifold_types FAILED [ 38%]
tests/unit/experiment/synthetic/test_mixed_population.py::TestGenerateMixedPopulationExp::test_edge_cases FAILED [ 38%]
tests/unit/experiment/synthetic/test_mixed_population.py::TestGenerateMixedPopulationExp::test_correlation_modes FAILED [ 38%]
tests/unit/experiment/synthetic/test_mixed_population.py::TestGenerateMixedPopulationExp::test_feature_configuration FAILED [ 38%]
tests/unit/experiment/synthetic/test_mixed_population.py::TestGenerateMixedPopulationExp::test_parameter_validation PASSED [ 38%]
tests/unit/experiment/synthetic/test_mixed_population.py::TestGenerateMixedPopulationExp::test_custom_parameters PASSED [ 39%]
tests/unit/experiment/synthetic/test_mixed_population.py::TestGenerateMixedPopulationExp::test_reproducibility FAILED [ 39%]
tests/unit/experiment/synthetic/test_mixed_population.py::TestGenerateMixedPopulationExp::test_info_dictionary_completeness FAILED [ 39%]
tests/unit/experiment/synthetic/test_mixed_population.py::TestGenerateMixedPopulationExp::test_timeseries_types FAILED [ 39%]
tests/unit/experiment/synthetic/test_mixed_population.py::TestGenerateMixedPopulationExp::test_calcium_signal_properties FAILED [ 39%]
tests/unit/experiment/synthetic/test_mixed_population.py::TestGenerateMixedPopulationExp::test_spatial_correlation_effects FAILED [ 40%]
tests/unit/experiment/synthetic/test_mixed_population.py::TestGenerateMixedPopulationExp::test_integration_with_existing_functions FAILED [ 40%]
tests/unit/experiment/synthetic/test_mixed_population.py::TestMixedPopulationIntegration::test_experiment_methods_work FAILED [ 40%]
tests/unit/experiment/synthetic/test_mixed_population.py::TestMixedPopulationIntegration::test_mixed_population_with_intense FAILED [ 40%]
tests/unit/experiment/synthetic/test_mixed_population.py::TestMixedPopulationEdgeCases::test_zero_neurons FAILED [ 40%]
tests/unit/experiment/synthetic/test_mixed_population.py::TestMixedPopulationEdgeCases::test_very_short_duration FAILED [ 41%]
tests/unit/experiment/synthetic/test_mixed_population.py::TestMixedPopulationEdgeCases::test_extreme_correlation_strength FAILED [ 41%]
tests/unit/experiment/test_calcium_dynamics.py::test_validate_peak_rate PASSED [ 41%]
tests/unit/experiment/test_calcium_dynamics.py::test_circular_manifold_defaults PASSED [ 41%]
tests/unit/experiment/test_calcium_dynamics.py::test_2d_manifold_defaults PASSED [ 41%]
tests/unit/experiment/test_calcium_dynamics.py::test_3d_manifold_defaults PASSED [ 42%]
tests/unit/experiment/test_calcium_dynamics.py::test_mixed_population_defaults FAILED [ 42%]
tests/unit/experiment/test_calcium_dynamics.py::test_calcium_saturation_effect PASSED [ 42%]
tests/unit/experiment/test_calcium_dynamics.py::test_parameter_documentation FAILED [ 42%]
tests/unit/experiment/test_calcium_dynamics.py::test_default_values_are_realistic PASSED [ 42%]
tests/unit/experiment/test_duplicate_behavior.py::test_duplicate_behavior_ignore PASSED [ 43%]
tests/unit/experiment/test_duplicate_behavior.py::test_duplicate_behavior_warn PASSED [ 43%]
tests/unit/experiment/test_duplicate_behavior.py::test_duplicate_behavior_raise PASSED [ 43%]
tests/unit/experiment/test_duplicate_behavior.py::test_duplicate_behavior_in_pipelines PASSED [ 43%]
tests/unit/experiment/test_duplicate_behavior.py::test_no_duplicates_all_behaviors PASSED [ 43%]
tests/unit/experiment/test_exp.py::test_creation PASSED                  [ 44%]
tests/unit/experiment/test_exp.py::test_intense_exp PASSED               [ 44%]
tests/unit/experiment/test_neuron.py::test_init PASSED                   [ 44%]
tests/unit/experiment/test_neuron.py::test_wavelet_spike_inference PASSED [ 44%]
tests/unit/experiment/test_spike_reconstruction.py::test_events_to_ts_array_basic PASSED [ 44%]
tests/unit/experiment/test_spike_reconstruction.py::test_events_to_ts_array_multiple_neurons PASSED [ 45%]
tests/unit/experiment/test_spike_reconstruction.py::test_events_to_ts_array_edge_cases PASSED [ 45%]
tests/unit/experiment/test_spike_reconstruction.py::test_wavelet_spike_reconstruction PASSED [ 45%]
tests/unit/experiment/test_spike_reconstruction.py::test_experiment_with_spike_reconstruction PASSED [ 45%]
tests/unit/experiment/test_spike_reconstruction.py::test_spike_reconstruction_reproducibility PASSED [ 45%]
tests/unit/experiment/test_spike_reconstruction_refactor.py::test_reconstruct_spikes_wavelet_method PASSED [ 46%]
tests/unit/experiment/test_spike_reconstruction_refactor.py::test_reconstruct_spikes_threshold_method PASSED [ 46%]
tests/unit/experiment/test_spike_reconstruction_refactor.py::test_reconstruct_spikes_custom_method PASSED [ 46%]
tests/unit/experiment/test_spike_reconstruction_refactor.py::test_reconstruct_spikes_invalid_method PASSED [ 46%]
tests/unit/experiment/test_spike_reconstruction_refactor.py::test_wavelet_vs_threshold_comparison PASSED [ 46%]
tests/unit/experiment/test_spike_reconstruction_refactor.py::test_experiment_integration PASSED [ 47%]
tests/unit/experiment/test_spike_reconstruction_refactor.py::test_parameter_propagation PASSED [ 47%]
tests/unit/gdrive/test_download.py::test_download PASSED                 [ 47%]
tests/unit/gdrive/test_download.py::test_download_redflag PASSED         [ 47%]
tests/unit/gdrive/test_download.py::test_download_extension FAILED       [ 47%]
tests/unit/gdrive/test_download.py::test_download_whitelist FAILED       [ 48%]
tests/unit/gdrive/test_download.py::test_erase PASSED                    [ 48%]
tests/unit/information/test_conditional_mi_and_interaction.py::test_conditional_mi_ccc_markov_chain PASSED [ 48%]
tests/unit/information/test_conditional_mi_and_interaction.py::test_conditional_mi_ccc_common_cause PASSED [ 48%]
tests/unit/information/test_conditional_mi_and_interaction.py::test_conditional_mi_ccd_varying_correlation PASSED [ 48%]
tests/unit/information/test_conditional_mi_and_interaction.py::test_conditional_mi_ccd_independence PASSED [ 49%]
tests/unit/information/test_conditional_mi_and_interaction.py::test_conditional_mi_cdc_information_reduction PASSED [ 49%]
tests/unit/information/test_conditional_mi_and_interaction.py::test_conditional_mi_cdc_chain_rule PASSED [ 49%]
tests/unit/information/test_conditional_mi_and_interaction.py::test_conditional_mi_cdd_xor_relationship PASSED [ 49%]
tests/unit/information/test_conditional_mi_and_interaction.py::test_conditional_mi_cdd_interaction_effect PASSED [ 49%]
tests/unit/information/test_conditional_mi_and_interaction.py::test_conditional_mi_edge_cases PASSED [ 50%]
tests/unit/information/test_conditional_mi_and_interaction.py::test_conditional_mi_error_handling PASSED [ 50%]
tests/unit/information/test_conditional_mi_and_interaction.py::test_interaction_information_redundancy_continuous PASSED [ 50%]
tests/unit/information/test_conditional_mi_and_interaction.py::test_interaction_information_synergy_xor PASSED [ 50%]
tests/unit/information/test_conditional_mi_and_interaction.py::test_interaction_information_independence PASSED [ 50%]
tests/unit/information/test_conditional_mi_and_interaction.py::test_interaction_information_chain_structure PASSED [ 50%]
tests/unit/information/test_conditional_mi_and_interaction.py::test_interaction_information_mixed_discrete_continuous PASSED [ 51%]
tests/unit/information/test_conditional_mi_and_interaction.py::test_interaction_information_formula_consistency PASSED [ 51%]
tests/unit/information/test_conditional_mi_and_interaction.py::test_interaction_information_andgate PASSED [ 51%]
tests/unit/information/test_conditional_mi_and_interaction.py::test_interaction_information_unique_information PASSED [ 51%]
tests/unit/information/test_conditional_mi_and_interaction.py::test_interaction_information_numerical_stability PASSED [ 51%]
tests/unit/information/test_conditional_mi_and_interaction.py::test_interaction_information_perfect_synergy PASSED [ 52%]
tests/unit/information/test_conditional_mi_and_interaction.py::test_downsampling_consistency PASSED [ 52%]
tests/unit/information/test_entropy.py::test_entropy_d PASSED            [ 52%]
tests/unit/information/test_entropy.py::test_probs_to_entropy PASSED     [ 52%]
tests/unit/information/test_entropy.py::test_joint_entropy_dd PASSED     [ 52%]
tests/unit/information/test_entropy.py::test_conditional_entropy_cdd PASSED [ 53%]
tests/unit/information/test_entropy.py::test_conditional_entropy_cd PASSED [ 53%]
tests/unit/information/test_entropy.py::test_joint_entropy_cdd PASSED    [ 53%]
tests/unit/information/test_entropy.py::test_joint_entropy_cd PASSED     [ 53%]
tests/unit/information/test_entropy.py::test_edge_cases_and_errors PASSED [ 53%]
tests/unit/information/test_entropy.py::test_consistency_relationships PASSED [ 54%]
tests/unit/information/test_entropy.py::test_numerical_stability PASSED  [ 54%]
tests/unit/information/test_gcmi.py::TestGCMIDemean::test_demean_single_row PASSED [ 54%]
tests/unit/information/test_gcmi.py::TestGCMIDemean::test_demean_multiple_rows PASSED [ 54%]
tests/unit/information/test_gcmi.py::TestGCMIDemean::test_demean_with_zeros PASSED [ 54%]
tests/unit/information/test_gcmi.py::TestGCMIDemean::test_demean_constant_row PASSED [ 55%]
tests/unit/information/test_gcmi.py::TestGCMIDemean::test_demean_numerical_stability PASSED [ 55%]
tests/unit/information/test_gcmi.py::TestGCMIEntropy::test_ent_g_univariate_standard_normal PASSED [ 55%]
tests/unit/information/test_gcmi.py::TestGCMIEntropy::test_ent_g_univariate_scaled PASSED [ 55%]
tests/unit/information/test_gcmi.py::TestGCMIEntropy::test_ent_g_multivariate_independent PASSED [ 55%]
tests/unit/information/test_gcmi.py::TestGCMIEntropy::test_ent_g_multivariate_correlated PASSED [ 56%]
tests/unit/information/test_gcmi.py::TestGCMIEntropy::test_ent_g_bias_correction PASSED [ 56%]
tests/unit/information/test_gcmi.py::TestGCMIEntropy::test_ent_g_deterministic PASSED [ 56%]
tests/unit/information/test_gcmi.py::TestGCMIEntropy::test_ent_g_input_validation PASSED [ 56%]
tests/unit/information/test_gcmi.py::TestGCMIMutualInformation::test_mi_model_gd_perfect_dependence PASSED [ 56%]
tests/unit/information/test_gcmi.py::TestGCMIMutualInformation::test_mi_model_gd_independence PASSED [ 57%]
tests/unit/information/test_gcmi.py::TestGCMIMutualInformation::test_mi_model_gd_multivariate PASSED [ 57%]
tests/unit/information/test_gcmi.py::TestGCMIMutualInformation::test_mi_model_gd_different_class_sizes PASSED [ 57%]
tests/unit/information/test_gcmi.py::TestGCMIMutualInformation::test_mi_model_gd_many_classes PASSED [ 57%]
tests/unit/information/test_gcmi.py::TestGCMIMutualInformation::test_mi_model_gd_demeaned PASSED [ 57%]
tests/unit/information/test_gcmi.py::TestGCMIMutualInformation::test_mi_model_gd_input_validation PASSED [ 58%]
tests/unit/information/test_gcmi.py::TestGCMIConditionalMI::test_gccmi_ccd_chain_structure PASSED [ 58%]
tests/unit/information/test_gcmi.py::TestGCMIConditionalMI::test_gccmi_ccd_common_cause PASSED [ 58%]
tests/unit/information/test_gcmi.py::TestGCMIConditionalMI::test_gccmi_ccd_multivariate PASSED [ 58%]
tests/unit/information/test_gcmi.py::TestGCMIConditionalMI::test_gccmi_ccd_independence_given_z PASSED [ 58%]
tests/unit/information/test_gcmi.py::TestGCMIConditionalMI::test_gccmi_ccd_perfect_dependence PASSED [ 59%]
tests/unit/information/test_gcmi.py::TestGCMIConditionalMI::test_gccmi_ccd_warning_repeated_values PASSED [ 59%]
tests/unit/information/test_gcmi.py::TestGCMIConditionalMI::test_gccmi_ccd_input_validation PASSED [ 59%]
tests/unit/information/test_gcmi.py::TestGCMIConsistency::test_conditional_mi_ccd_consistency PASSED [ 59%]
tests/unit/information/test_gcmi.py::TestGCMIConsistency::test_mi_model_gd_consistency PASSED [ 59%]
tests/unit/information/test_gcmi.py::TestGCMIStability::test_numerical_stability PASSED [ 60%]
tests/unit/information/test_gcmi.py::TestGCMIStability::test_edge_cases PASSED [ 60%]
tests/unit/information/test_gcmi.py::TestGCMIJIT::test_ctransform_correctness_1d PASSED [ 60%]
tests/unit/information/test_gcmi.py::TestGCMIJIT::test_ctransform_correctness_2d PASSED [ 60%]
tests/unit/information/test_gcmi.py::TestGCMIJIT::test_copnorm_correctness_1d PASSED [ 60%]
tests/unit/information/test_gcmi.py::TestGCMIJIT::test_copnorm_correctness_2d PASSED [ 61%]
tests/unit/information/test_gcmi.py::TestGCMIJIT::test_edge_cases PASSED [ 61%]
tests/unit/information/test_gcmi.py::TestGCMIJIT::test_performance_improvement PASSED [ 61%]
tests/unit/information/test_gcmi.py::TestGCMIJIT::test_integration_with_gcmi PASSED [ 61%]
tests/unit/information/test_gcmi.py::TestGCMIJIT::test_mi_gg_jit_correctness PASSED [ 61%]
tests/unit/information/test_gcmi.py::TestGCMIJIT::test_cmi_ggg_jit_correctness PASSED [ 62%]
tests/unit/information/test_gcmi.py::TestGCMIJIT::test_gcmi_cc_jit_correctness PASSED [ 62%]
tests/unit/information/test_gcmi.py::TestGCMIJIT::test_interaction_information_jit_consistency PASSED [ 62%]
tests/unit/information/test_gcmi.py::TestGCMIJIT::test_conditional_mi_integration PASSED [ 62%]
tests/unit/information/test_gcmi.py::test_jit_availability PASSED        [ 62%]
tests/unit/intense/test_disentanglement.py::test_disentangle_pair_redundant PASSED [ 62%]
tests/unit/intense/test_disentanglement.py::test_disentangle_pair_redundant_verbose PASSED [ 63%]
tests/unit/intense/test_disentanglement.py::test_disentangle_pair_synergistic PASSED [ 63%]
tests/unit/intense/test_disentanglement.py::test_disentangle_pair_undistinguishable PASSED [ 63%]
tests/unit/intense/test_disentanglement.py::test_disentangle_pair_zero_mi PASSED [ 63%]
tests/unit/intense/test_disentanglement.py::test_disentangle_pair_dominant_feature PASSED [ 63%]
tests/unit/intense/test_disentanglement.py::test_disentangle_pair_downsampling PASSED [ 64%]
tests/unit/intense/test_disentanglement.py::test_disentangle_pair_discrete PASSED [ 64%]
tests/unit/intense/test_disentanglement.py::test_disentangle_all_selectivities_basic[medium] PASSED [ 64%]
tests/unit/intense/test_disentanglement.py::test_disentangle_all_selectivities_cell_bunch[medium] PASSED [ 64%]
tests/unit/intense/test_disentanglement.py::test_disentangle_all_selectivities_with_significance[small] PASSED [ 64%]
tests/unit/intense/test_disentanglement.py::test_disentangle_all_selectivities_multifeature[medium] PASSED [ 65%]
tests/unit/intense/test_disentanglement.py::test_disentangle_all_selectivities_empty_neurons[small] PASSED [ 65%]
tests/unit/intense/test_disentanglement.py::test_disentangle_all_selectivities_error_handling[small] PASSED [ 65%]
tests/unit/intense/test_disentanglement.py::test_create_multifeature_map_valid[medium] SKIPPED [ 65%]
tests/unit/intense/test_disentanglement.py::test_create_multifeature_map_invalid[small] PASSED [ 65%]
tests/unit/intense/test_disentanglement.py::test_create_multifeature_map_empty[small] PASSED [ 66%]
tests/unit/intense/test_disentanglement.py::test_get_disentanglement_summary_basic PASSED [ 66%]
tests/unit/intense/test_disentanglement.py::test_get_disentanglement_summary_with_significance PASSED [ 66%]
tests/unit/intense/test_disentanglement.py::test_get_disentanglement_summary_empty PASSED [ 66%]
tests/unit/intense/test_disentanglement.py::test_get_disentanglement_summary_redundant PASSED [ 66%]
tests/unit/intense/test_disentanglement.py::test_disentangle_pair_short_timeseries PASSED [ 67%]
tests/unit/intense/test_disentanglement.py::test_disentangle_pair_identical_timeseries PASSED [ 67%]
tests/unit/intense/test_disentanglement.py::test_disentangle_pair_constant_timeseries PASSED [ 67%]
tests/unit/intense/test_disentanglement.py::test_disentangle_pair_mixed_discrete_continuous PASSED [ 67%]
tests/unit/intense/test_disentanglement.py::test_disentangle_pair_high_downsampling PASSED [ 67%]
tests/unit/intense/test_disentanglement.py::test_default_multifeature_map PASSED [ 68%]
tests/unit/intense/test_intense.py::test_stage1 PASSED                   [ 68%]
tests/unit/intense/test_intense.py::test_two_stage PASSED                [ 68%]
tests/unit/intense/test_intense.py::test_mixed_dimensions PASSED         [ 68%]
tests/unit/intense/test_intense.py::test_mirror PASSED                   [ 68%]
tests/unit/intense/test_intense.py::test_two_stage_corr PASSED           [ 69%]
tests/unit/intense/test_intense.py::test_two_stage_avsignal 